{"meta": {"format": 3, "version": "7.13.0", "timestamp": "2025-12-19T14:16:37.773665", "branch_coverage": false, "show_contexts": false}, "files": {"config.py": {"executed_lines": [1, 5, 7, 10, 13, 22, 71, 105, 110, 150, 153, 154, 157, 160, 163, 164, 167, 168], "summary": {"covered_lines": 17, "num_statements": 17, "percent_covered": 100.0, "percent_covered_display": "100", "missing_lines": 0, "excluded_lines": 0, "percent_statements_covered": 100.0, "percent_statements_covered_display": "100"}, "missing_lines": [], "excluded_lines": [], "functions": {"": {"executed_lines": [1, 5, 7, 10, 13, 22, 71, 105, 110, 150, 153, 154, 157, 160, 163, 164, 167, 168], "summary": {"covered_lines": 17, "num_statements": 17, "percent_covered": 100.0, "percent_covered_display": "100", "missing_lines": 0, "excluded_lines": 0, "percent_statements_covered": 100.0, "percent_statements_covered_display": "100"}, "missing_lines": [], "excluded_lines": []}}, "classes": {"": {"executed_lines": [1, 5, 7, 10, 13, 22, 71, 105, 110, 150, 153, 154, 157, 160, 163, 164, 167, 168], "summary": {"covered_lines": 17, "num_statements": 17, "percent_covered": 100.0, "percent_covered_display": "100", "missing_lines": 0, "excluded_lines": 0, "percent_statements_covered": 100.0, "percent_statements_covered_display": "100"}, "missing_lines": [], "excluded_lines": []}}}, "config_transformer.py": {"executed_lines": [1, 6, 7, 8, 10, 13, 14, 19, 43, 54, 60, 93, 131, 143, 263, 338, 410, 435, 454, 470, 496, 582, 670], "summary": {"covered_lines": 21, "num_statements": 199, "percent_covered": 10.552763819095478, "percent_covered_display": "11", "missing_lines": 178, "excluded_lines": 0, "percent_statements_covered": 10.552763819095478, "percent_statements_covered_display": "11"}, "missing_lines": [106, 109, 114, 119, 122, 125, 129, 133, 139, 141, 149, 152, 155, 158, 159, 164, 166, 168, 170, 178, 187, 188, 191, 192, 193, 194, 197, 198, 199, 200, 203, 204, 205, 206, 209, 212, 216, 218, 220, 222, 225, 228, 233, 239, 241, 243, 249, 257, 261, 265, 267, 270, 277, 280, 281, 282, 285, 288, 289, 292, 293, 294, 295, 298, 299, 301, 303, 304, 306, 307, 308, 312, 313, 314, 321, 329, 336, 342, 343, 346, 347, 348, 351, 354, 357, 358, 360, 363, 366, 369, 370, 372, 373, 376, 379, 381, 382, 384, 386, 395, 396, 397, 402, 405, 406, 408, 412, 413, 415, 418, 420, 429, 430, 431, 433, 439, 441, 443, 444, 445, 447, 449, 450, 452, 467, 468, 487, 489, 491, 492, 494, 510, 511, 514, 515, 516, 517, 520, 521, 522, 525, 526, 529, 530, 531, 534, 537, 539, 541, 543, 546, 549, 550, 552, 554, 557, 558, 560, 561, 562, 563, 565, 566, 567, 569, 570, 571, 574, 575, 576, 577, 578, 580, 584, 660, 672, 673, 675], "excluded_lines": [], "functions": {"ConfigurationTransformer.transform": {"executed_lines": [], "summary": {"covered_lines": 0, "num_statements": 7, "percent_covered": 0.0, "percent_covered_display": "0", "missing_lines": 7, "excluded_lines": 0, "percent_statements_covered": 0.0, "percent_statements_covered_display": "0"}, "missing_lines": [106, 109, 114, 119, 122, 125, 129], "excluded_lines": []}, "ConfigurationTransformer._transform_system_prompt": {"executed_lines": [], "summary": {"covered_lines": 0, "num_statements": 3, "percent_covered": 0.0, "percent_covered_display": "0", "missing_lines": 3, "excluded_lines": 0, "percent_statements_covered": 0.0, "percent_statements_covered_display": "0"}, "missing_lines": [133, 139, 141], "excluded_lines": []}, "ConfigurationTransformer._transform_dataset": {"executed_lines": [], "summary": {"covered_lines": 0, "num_statements": 39, "percent_covered": 0.0, "percent_covered_display": "0", "missing_lines": 39, "excluded_lines": 0, "percent_statements_covered": 0.0, "percent_statements_covered_display": "0"}, "missing_lines": [149, 152, 155, 158, 159, 164, 166, 168, 170, 178, 187, 188, 191, 192, 193, 194, 197, 198, 199, 200, 203, 204, 205, 206, 209, 212, 216, 218, 220, 222, 225, 228, 233, 239, 241, 243, 249, 257, 261], "excluded_lines": []}, "ConfigurationTransformer._transform_model": {"executed_lines": [], "summary": {"covered_lines": 0, "num_statements": 28, "percent_covered": 0.0, "percent_covered_display": "0", "missing_lines": 28, "excluded_lines": 0, "percent_statements_covered": 0.0, "percent_statements_covered_display": "0"}, "missing_lines": [265, 267, 270, 277, 280, 281, 282, 285, 288, 289, 292, 293, 294, 295, 298, 299, 301, 303, 304, 306, 307, 308, 312, 313, 314, 321, 329, 336], "excluded_lines": []}, "ConfigurationTransformer._transform_metric": {"executed_lines": [], "summary": {"covered_lines": 0, "num_statements": 29, "percent_covered": 0.0, "percent_covered_display": "0", "missing_lines": 29, "excluded_lines": 0, "percent_statements_covered": 0.0, "percent_statements_covered_display": "0"}, "missing_lines": [342, 343, 346, 347, 348, 351, 354, 357, 358, 360, 363, 366, 369, 370, 372, 373, 376, 379, 381, 382, 384, 386, 395, 396, 397, 402, 405, 406, 408], "excluded_lines": []}, "ConfigurationTransformer._transform_optimization": {"executed_lines": [], "summary": {"covered_lines": 0, "num_statements": 9, "percent_covered": 0.0, "percent_covered_display": "0", "missing_lines": 9, "excluded_lines": 0, "percent_statements_covered": 0.0, "percent_statements_covered_display": "0"}, "missing_lines": [412, 413, 415, 418, 420, 429, 430, 431, 433], "excluded_lines": []}, "ConfigurationTransformer._extract_environment_variables": {"executed_lines": [], "summary": {"covered_lines": 0, "num_statements": 9, "percent_covered": 0.0, "percent_covered_display": "0", "missing_lines": 9, "excluded_lines": 0, "percent_statements_covered": 0.0, "percent_statements_covered_display": "0"}, "missing_lines": [439, 441, 443, 444, 445, 447, 449, 450, 452], "excluded_lines": []}, "ConfigurationTransformer.generate_yaml_string": {"executed_lines": [], "summary": {"covered_lines": 0, "num_statements": 2, "percent_covered": 0.0, "percent_covered_display": "0", "missing_lines": 2, "excluded_lines": 0, "percent_statements_covered": 0.0, "percent_statements_covered_display": "0"}, "missing_lines": [467, 468], "excluded_lines": []}, "ConfigurationTransformer.save_config_file": {"executed_lines": [], "summary": {"covered_lines": 0, "num_statements": 5, "percent_covered": 0.0, "percent_covered_display": "0", "missing_lines": 5, "excluded_lines": 0, "percent_statements_covered": 0.0, "percent_statements_covered_display": "0"}, "missing_lines": [487, 489, 491, 492, 494], "excluded_lines": []}, "ConfigurationTransformer.create_project_structure": {"executed_lines": [], "summary": {"covered_lines": 0, "num_statements": 42, "percent_covered": 0.0, "percent_covered_display": "0", "missing_lines": 42, "excluded_lines": 0, "percent_statements_covered": 0.0, "percent_statements_covered_display": "0"}, "missing_lines": [510, 511, 514, 515, 516, 517, 520, 521, 522, 525, 526, 529, 530, 531, 534, 537, 539, 541, 543, 546, 549, 550, 552, 554, 557, 558, 560, 561, 562, 563, 565, 566, 567, 569, 570, 571, 574, 575, 576, 577, 578, 580], "excluded_lines": []}, "ConfigurationTransformer._create_placeholder_dataset": {"executed_lines": [], "summary": {"covered_lines": 0, "num_statements": 2, "percent_covered": 0.0, "percent_covered_display": "0", "missing_lines": 2, "excluded_lines": 0, "percent_statements_covered": 0.0, "percent_statements_covered_display": "0"}, "missing_lines": [584, 660], "excluded_lines": []}, "ConfigurationTransformer._create_readme": {"executed_lines": [], "summary": {"covered_lines": 0, "num_statements": 3, "percent_covered": 0.0, "percent_covered_display": "0", "missing_lines": 3, "excluded_lines": 0, "percent_statements_covered": 0.0, "percent_statements_covered_display": "0"}, "missing_lines": [672, 673, 675], "excluded_lines": []}, "": {"executed_lines": [1, 6, 7, 8, 10, 13, 14, 19, 43, 54, 60, 93, 131, 143, 263, 338, 410, 435, 454, 470, 496, 582, 670], "summary": {"covered_lines": 21, "num_statements": 21, "percent_covered": 100.0, "percent_covered_display": "100", "missing_lines": 0, "excluded_lines": 0, "percent_statements_covered": 100.0, "percent_statements_covered_display": "100"}, "missing_lines": [], "excluded_lines": []}}, "classes": {"ConfigurationTransformer": {"executed_lines": [], "summary": {"covered_lines": 0, "num_statements": 178, "percent_covered": 0.0, "percent_covered_display": "0", "missing_lines": 178, "excluded_lines": 0, "percent_statements_covered": 0.0, "percent_statements_covered_display": "0"}, "missing_lines": [106, 109, 114, 119, 122, 125, 129, 133, 139, 141, 149, 152, 155, 158, 159, 164, 166, 168, 170, 178, 187, 188, 191, 192, 193, 194, 197, 198, 199, 200, 203, 204, 205, 206, 209, 212, 216, 218, 220, 222, 225, 228, 233, 239, 241, 243, 249, 257, 261, 265, 267, 270, 277, 280, 281, 282, 285, 288, 289, 292, 293, 294, 295, 298, 299, 301, 303, 304, 306, 307, 308, 312, 313, 314, 321, 329, 336, 342, 343, 346, 347, 348, 351, 354, 357, 358, 360, 363, 366, 369, 370, 372, 373, 376, 379, 381, 382, 384, 386, 395, 396, 397, 402, 405, 406, 408, 412, 413, 415, 418, 420, 429, 430, 431, 433, 439, 441, 443, 444, 445, 447, 449, 450, 452, 467, 468, 487, 489, 491, 492, 494, 510, 511, 514, 515, 516, 517, 520, 521, 522, 525, 526, 529, 530, 531, 534, 537, 539, 541, 543, 546, 549, 550, 552, 554, 557, 558, 560, 561, 562, 563, 565, 566, 567, 569, 570, 571, 574, 575, 576, 577, 578, 580, 584, 660, 672, 673, 675], "excluded_lines": []}, "": {"executed_lines": [1, 6, 7, 8, 10, 13, 14, 19, 43, 54, 60, 93, 131, 143, 263, 338, 410, 435, 454, 470, 496, 582, 670], "summary": {"covered_lines": 21, "num_statements": 21, "percent_covered": 100.0, "percent_covered_display": "100", "missing_lines": 0, "excluded_lines": 0, "percent_statements_covered": 100.0, "percent_statements_covered_display": "100"}, "missing_lines": [], "excluded_lines": []}}}, "core.py": {"executed_lines": [1, 8, 10, 13, 14, 15, 16, 17, 18, 20, 21, 34], "summary": {"covered_lines": 11, "num_statements": 20, "percent_covered": 55.0, "percent_covered_display": "55", "missing_lines": 9, "excluded_lines": 0, "percent_statements_covered": 55.0, "percent_statements_covered_display": "55"}, "missing_lines": [22, 24, 25, 26, 27, 28, 30, 31, 32], "excluded_lines": [], "functions": {"": {"executed_lines": [1, 8, 10, 13, 14, 15, 16, 17, 18, 20, 21, 34], "summary": {"covered_lines": 11, "num_statements": 20, "percent_covered": 55.0, "percent_covered_display": "55", "missing_lines": 9, "excluded_lines": 0, "percent_statements_covered": 55.0, "percent_statements_covered_display": "55"}, "missing_lines": [22, 24, 25, 26, 27, 28, 30, 31, 32], "excluded_lines": []}}, "classes": {"": {"executed_lines": [1, 8, 10, 13, 14, 15, 16, 17, 18, 20, 21, 34], "summary": {"covered_lines": 11, "num_statements": 20, "percent_covered": 55.0, "percent_covered_display": "55", "missing_lines": 9, "excluded_lines": 0, "percent_statements_covered": 55.0, "percent_statements_covered_display": "55"}, "missing_lines": [22, 24, 25, 26, 27, 28, 30, 31, 32], "excluded_lines": []}}}, "dataset_analyzer.py": {"executed_lines": [1, 8, 9, 10, 11, 12, 13, 15, 16, 18, 21, 22, 24, 40, 51, 52, 54, 55, 57, 102, 129, 191, 232, 242, 266, 294, 319, 350, 400, 435, 489], "summary": {"covered_lines": 28, "num_statements": 226, "percent_covered": 12.389380530973451, "percent_covered_display": "12", "missing_lines": 198, "excluded_lines": 0, "percent_statements_covered": 12.389380530973451, "percent_statements_covered_display": "12"}, "missing_lines": [33, 34, 35, 36, 37, 38, 41, 68, 70, 71, 72, 75, 76, 79, 86, 90, 98, 99, 100, 104, 105, 107, 108, 109, 110, 111, 113, 114, 115, 117, 118, 119, 120, 123, 125, 126, 127, 133, 134, 136, 137, 140, 141, 146, 147, 149, 150, 153, 154, 155, 156, 159, 160, 161, 162, 165, 168, 169, 170, 173, 175, 176, 178, 189, 199, 200, 201, 203, 204, 206, 207, 212, 213, 215, 217, 218, 220, 221, 222, 227, 230, 234, 235, 236, 237, 238, 239, 240, 244, 245, 246, 249, 250, 253, 254, 256, 258, 259, 262, 263, 264, 268, 269, 272, 274, 275, 276, 277, 278, 281, 282, 283, 284, 285, 286, 287, 289, 292, 296, 297, 300, 303, 304, 305, 306, 307, 310, 311, 312, 313, 317, 323, 329, 330, 331, 333, 334, 335, 336, 338, 340, 345, 346, 348, 354, 372, 375, 377, 378, 379, 380, 381, 382, 383, 386, 388, 392, 394, 396, 398, 408, 410, 411, 412, 414, 417, 420, 421, 422, 423, 425, 431, 432, 433, 439, 442, 461, 464, 465, 467, 468, 469, 470, 471, 472, 475, 477, 481, 483, 485, 487, 491, 492, 494, 495, 496, 498, 500], "excluded_lines": [], "functions": {"FieldInfo.__init__": {"executed_lines": [], "summary": {"covered_lines": 0, "num_statements": 6, "percent_covered": 0.0, "percent_covered_display": "0", "missing_lines": 6, "excluded_lines": 0, "percent_statements_covered": 0.0, "percent_statements_covered_display": "0"}, "missing_lines": [33, 34, 35, 36, 37, 38], "excluded_lines": []}, "FieldInfo.to_dict": {"executed_lines": [], "summary": {"covered_lines": 0, "num_statements": 1, "percent_covered": 0.0, "percent_covered_display": "0", "missing_lines": 1, "excluded_lines": 0, "percent_statements_covered": 0.0, "percent_statements_covered_display": "0"}, "missing_lines": [41], "excluded_lines": []}, "DatasetAnalyzer.__init__": {"executed_lines": [55], "summary": {"covered_lines": 1, "num_statements": 1, "percent_covered": 100.0, "percent_covered_display": "100", "missing_lines": 0, "excluded_lines": 0, "percent_statements_covered": 100.0, "percent_statements_covered_display": "100"}, "missing_lines": [], "excluded_lines": []}, "DatasetAnalyzer.analyze_file": {"executed_lines": [], "summary": {"covered_lines": 0, "num_statements": 12, "percent_covered": 0.0, "percent_covered_display": "0", "missing_lines": 12, "excluded_lines": 0, "percent_statements_covered": 0.0, "percent_statements_covered_display": "0"}, "missing_lines": [68, 70, 71, 72, 75, 76, 79, 86, 90, 98, 99, 100], "excluded_lines": []}, "DatasetAnalyzer._load_data": {"executed_lines": [], "summary": {"covered_lines": 0, "num_statements": 18, "percent_covered": 0.0, "percent_covered_display": "0", "missing_lines": 18, "excluded_lines": 0, "percent_statements_covered": 0.0, "percent_statements_covered_display": "0"}, "missing_lines": [104, 105, 107, 108, 109, 110, 111, 113, 114, 115, 117, 118, 119, 120, 123, 125, 126, 127], "excluded_lines": []}, "DatasetAnalyzer._analyze_fields": {"executed_lines": [], "summary": {"covered_lines": 0, "num_statements": 27, "percent_covered": 0.0, "percent_covered_display": "0", "missing_lines": 27, "excluded_lines": 0, "percent_statements_covered": 0.0, "percent_statements_covered_display": "0"}, "missing_lines": [133, 134, 136, 137, 140, 141, 146, 147, 149, 150, 153, 154, 155, 156, 159, 160, 161, 162, 165, 168, 169, 170, 173, 175, 176, 178, 189], "excluded_lines": []}, "DatasetAnalyzer._extract_fields_recursive": {"executed_lines": [], "summary": {"covered_lines": 0, "num_statements": 17, "percent_covered": 0.0, "percent_covered_display": "0", "missing_lines": 17, "excluded_lines": 0, "percent_statements_covered": 0.0, "percent_statements_covered_display": "0"}, "missing_lines": [199, 200, 201, 203, 204, 206, 207, 212, 213, 215, 217, 218, 220, 221, 222, 227, 230], "excluded_lines": []}, "DatasetAnalyzer._has_meaningful_value": {"executed_lines": [], "summary": {"covered_lines": 0, "num_statements": 7, "percent_covered": 0.0, "percent_covered_display": "0", "missing_lines": 7, "excluded_lines": 0, "percent_statements_covered": 0.0, "percent_statements_covered_display": "0"}, "missing_lines": [234, 235, 236, 237, 238, 239, 240], "excluded_lines": []}, "DatasetAnalyzer._get_record_fields": {"executed_lines": [], "summary": {"covered_lines": 0, "num_statements": 13, "percent_covered": 0.0, "percent_covered_display": "0", "missing_lines": 13, "excluded_lines": 0, "percent_statements_covered": 0.0, "percent_statements_covered_display": "0"}, "missing_lines": [244, 245, 246, 249, 250, 253, 254, 256, 258, 259, 262, 263, 264], "excluded_lines": []}, "DatasetAnalyzer._determine_field_type": {"executed_lines": [], "summary": {"covered_lines": 0, "num_statements": 17, "percent_covered": 0.0, "percent_covered_display": "0", "missing_lines": 17, "excluded_lines": 0, "percent_statements_covered": 0.0, "percent_statements_covered_display": "0"}, "missing_lines": [268, 269, 272, 274, 275, 276, 277, 278, 281, 282, 283, 284, 285, 286, 287, 289, 292], "excluded_lines": []}, "DatasetAnalyzer._get_sample_values": {"executed_lines": [], "summary": {"covered_lines": 0, "num_statements": 13, "percent_covered": 0.0, "percent_covered_display": "0", "missing_lines": 13, "excluded_lines": 0, "percent_statements_covered": 0.0, "percent_statements_covered_display": "0"}, "missing_lines": [296, 297, 300, 303, 304, 305, 306, 307, 310, 311, 312, 313, 317], "excluded_lines": []}, "DatasetAnalyzer.generate_adapter_config": {"executed_lines": [], "summary": {"covered_lines": 0, "num_statements": 13, "percent_covered": 0.0, "percent_covered_display": "0", "missing_lines": 13, "excluded_lines": 0, "percent_statements_covered": 0.0, "percent_statements_covered_display": "0"}, "missing_lines": [323, 329, 330, 331, 333, 334, 335, 336, 338, 340, 345, 346, 348], "excluded_lines": []}, "DatasetAnalyzer._get_use_case_field_mapping": {"executed_lines": [], "summary": {"covered_lines": 0, "num_statements": 16, "percent_covered": 0.0, "percent_covered_display": "0", "missing_lines": 16, "excluded_lines": 0, "percent_statements_covered": 0.0, "percent_statements_covered_display": "0"}, "missing_lines": [354, 372, 375, 377, 378, 379, 380, 381, 382, 383, 386, 388, 392, 394, 396, 398], "excluded_lines": []}, "DatasetAnalyzer.preview_transformation": {"executed_lines": [], "summary": {"covered_lines": 0, "num_statements": 14, "percent_covered": 0.0, "percent_covered_display": "0", "missing_lines": 14, "excluded_lines": 0, "percent_statements_covered": 0.0, "percent_statements_covered_display": "0"}, "missing_lines": [408, 410, 411, 412, 414, 417, 420, 421, 422, 423, 425, 431, 432, 433], "excluded_lines": []}, "DatasetAnalyzer._transform_record": {"executed_lines": [], "summary": {"covered_lines": 0, "num_statements": 17, "percent_covered": 0.0, "percent_covered_display": "0", "missing_lines": 17, "excluded_lines": 0, "percent_statements_covered": 0.0, "percent_statements_covered_display": "0"}, "missing_lines": [439, 442, 461, 464, 465, 467, 468, 469, 470, 471, 472, 475, 477, 481, 483, 485, 487], "excluded_lines": []}, "DatasetAnalyzer._get_nested_value": {"executed_lines": [], "summary": {"covered_lines": 0, "num_statements": 7, "percent_covered": 0.0, "percent_covered_display": "0", "missing_lines": 7, "excluded_lines": 0, "percent_statements_covered": 0.0, "percent_statements_covered_display": "0"}, "missing_lines": [491, 492, 494, 495, 496, 498, 500], "excluded_lines": []}, "": {"executed_lines": [1, 8, 9, 10, 11, 12, 13, 15, 16, 18, 21, 22, 24, 40, 51, 52, 54, 57, 102, 129, 191, 232, 242, 266, 294, 319, 350, 400, 435, 489], "summary": {"covered_lines": 27, "num_statements": 27, "percent_covered": 100.0, "percent_covered_display": "100", "missing_lines": 0, "excluded_lines": 0, "percent_statements_covered": 100.0, "percent_statements_covered_display": "100"}, "missing_lines": [], "excluded_lines": []}}, "classes": {"FieldInfo": {"executed_lines": [], "summary": {"covered_lines": 0, "num_statements": 7, "percent_covered": 0.0, "percent_covered_display": "0", "missing_lines": 7, "excluded_lines": 0, "percent_statements_covered": 0.0, "percent_statements_covered_display": "0"}, "missing_lines": [33, 34, 35, 36, 37, 38, 41], "excluded_lines": []}, "DatasetAnalyzer": {"executed_lines": [55], "summary": {"covered_lines": 1, "num_statements": 192, "percent_covered": 0.5208333333333334, "percent_covered_display": "1", "missing_lines": 191, "excluded_lines": 0, "percent_statements_covered": 0.5208333333333334, "percent_statements_covered_display": "1"}, "missing_lines": [68, 70, 71, 72, 75, 76, 79, 86, 90, 98, 99, 100, 104, 105, 107, 108, 109, 110, 111, 113, 114, 115, 117, 118, 119, 120, 123, 125, 126, 127, 133, 134, 136, 137, 140, 141, 146, 147, 149, 150, 153, 154, 155, 156, 159, 160, 161, 162, 165, 168, 169, 170, 173, 175, 176, 178, 189, 199, 200, 201, 203, 204, 206, 207, 212, 213, 215, 217, 218, 220, 221, 222, 227, 230, 234, 235, 236, 237, 238, 239, 240, 244, 245, 246, 249, 250, 253, 254, 256, 258, 259, 262, 263, 264, 268, 269, 272, 274, 275, 276, 277, 278, 281, 282, 283, 284, 285, 286, 287, 289, 292, 296, 297, 300, 303, 304, 305, 306, 307, 310, 311, 312, 313, 317, 323, 329, 330, 331, 333, 334, 335, 336, 338, 340, 345, 346, 348, 354, 372, 375, 377, 378, 379, 380, 381, 382, 383, 386, 388, 392, 394, 396, 398, 408, 410, 411, 412, 414, 417, 420, 421, 422, 423, 425, 431, 432, 433, 439, 442, 461, 464, 465, 467, 468, 469, 470, 471, 472, 475, 477, 481, 483, 485, 487, 491, 492, 494, 495, 496, 498, 500], "excluded_lines": []}, "": {"executed_lines": [1, 8, 9, 10, 11, 12, 13, 15, 16, 18, 21, 22, 24, 40, 51, 52, 54, 57, 102, 129, 191, 232, 242, 266, 294, 319, 350, 400, 435, 489], "summary": {"covered_lines": 27, "num_statements": 27, "percent_covered": 100.0, "percent_covered_display": "100", "missing_lines": 0, "excluded_lines": 0, "percent_statements_covered": 100.0, "percent_statements_covered_display": "100"}, "missing_lines": [], "excluded_lines": []}}}, "main.py": {"executed_lines": [1, 5, 6, 7, 8, 9, 10, 11, 13, 14, 17, 31, 32, 33, 34, 35, 36, 39, 42, 47, 50, 53, 54, 56, 57, 66, 67, 68, 69, 70, 82, 85, 90, 93, 96, 106, 107, 122, 123, 124, 125, 129, 130, 131, 132, 133, 137, 138, 139, 140, 141, 142, 143, 144, 145, 146, 147, 148, 149, 153, 154, 198, 199, 213, 214, 241, 242, 252, 271, 272, 273, 274, 275, 276, 277, 280, 289, 290, 292, 296, 297, 301, 302, 307, 308, 309, 312, 313, 330, 333, 334, 336, 337, 338, 339, 340, 341, 342, 344, 346, 347, 348, 349, 350, 352, 355, 358, 367, 368, 373, 374, 375, 389, 391, 393, 399, 400, 401, 402, 404, 405, 407, 418, 420, 425, 426, 443, 444, 480, 489, 490, 570], "summary": {"covered_lines": 131, "num_statements": 267, "percent_covered": 49.06367041198502, "percent_covered_display": "49", "missing_lines": 136, "excluded_lines": 0, "percent_statements_covered": 49.06367041198502, "percent_statements_covered_display": "49"}, "missing_lines": [58, 59, 60, 61, 62, 71, 72, 73, 77, 86, 87, 109, 113, 115, 150, 156, 158, 159, 168, 169, 178, 179, 180, 189, 201, 220, 221, 222, 228, 229, 231, 233, 244, 257, 258, 260, 261, 262, 263, 264, 265, 266, 268, 298, 303, 315, 316, 317, 320, 321, 322, 323, 324, 325, 326, 327, 343, 345, 376, 378, 379, 380, 381, 383, 390, 409, 410, 411, 412, 413, 416, 419, 421, 430, 431, 435, 436, 437, 439, 440, 446, 448, 449, 452, 453, 454, 455, 458, 459, 462, 463, 466, 467, 468, 469, 470, 472, 474, 475, 483, 485, 486, 492, 493, 494, 496, 497, 498, 499, 501, 502, 503, 505, 506, 510, 512, 513, 514, 516, 517, 518, 520, 521, 524, 549, 550, 551, 552, 554, 556, 559, 561, 563, 564, 571, 573], "excluded_lines": [], "functions": {"http_exception_handler": {"executed_lines": [], "summary": {"covered_lines": 0, "num_statements": 3, "percent_covered": 0.0, "percent_covered_display": "0", "missing_lines": 3, "excluded_lines": 0, "percent_statements_covered": 0.0, "percent_statements_covered_display": "0"}, "missing_lines": [109, 113, 115], "excluded_lines": []}, "options_route": {"executed_lines": [], "summary": {"covered_lines": 0, "num_statements": 1, "percent_covered": 0.0, "percent_covered_display": "0", "missing_lines": 1, "excluded_lines": 0, "percent_statements_covered": 0.0, "percent_statements_covered_display": "0"}, "missing_lines": [150], "excluded_lines": []}, "health_check": {"executed_lines": [], "summary": {"covered_lines": 0, "num_statements": 9, "percent_covered": 0.0, "percent_covered_display": "0", "missing_lines": 9, "excluded_lines": 0, "percent_statements_covered": 0.0, "percent_statements_covered_display": "0"}, "missing_lines": [156, 158, 159, 168, 169, 178, 179, 180, 189], "excluded_lines": []}, "get_settings": {"executed_lines": [], "summary": {"covered_lines": 0, "num_statements": 1, "percent_covered": 0.0, "percent_covered_display": "0", "missing_lines": 1, "excluded_lines": 0, "percent_statements_covered": 0.0, "percent_statements_covered_display": "0"}, "missing_lines": [201], "excluded_lines": []}, "get_openrouter_key": {"executed_lines": [], "summary": {"covered_lines": 0, "num_statements": 7, "percent_covered": 0.0, "percent_covered_display": "0", "missing_lines": 7, "excluded_lines": 0, "percent_statements_covered": 0.0, "percent_statements_covered_display": "0"}, "missing_lines": [220, 221, 222, 228, 229, 231, 233], "excluded_lines": []}, "get_configurations": {"executed_lines": [], "summary": {"covered_lines": 0, "num_statements": 1, "percent_covered": 0.0, "percent_covered_display": "0", "missing_lines": 1, "excluded_lines": 0, "percent_statements_covered": 0.0, "percent_statements_covered_display": "0"}, "missing_lines": [244], "excluded_lines": []}, "parse_frontmatter": {"executed_lines": [], "summary": {"covered_lines": 0, "num_statements": 10, "percent_covered": 0.0, "percent_covered_display": "0", "missing_lines": 10, "excluded_lines": 0, "percent_statements_covered": 0.0, "percent_statements_covered_display": "0"}, "missing_lines": [257, 258, 260, 261, 262, 263, 264, 265, 266, 268], "excluded_lines": []}, "_extract_error_message": {"executed_lines": [289, 290, 292, 296, 297, 301, 302, 307, 308, 309, 312, 313, 330], "summary": {"covered_lines": 13, "num_statements": 26, "percent_covered": 50.0, "percent_covered_display": "50", "missing_lines": 13, "excluded_lines": 0, "percent_statements_covered": 50.0, "percent_statements_covered_display": "50"}, "missing_lines": [298, 303, 315, 316, 317, 320, 321, 322, 323, 324, 325, 326, 327], "excluded_lines": []}, "test_model_connection": {"executed_lines": [336, 337, 338, 339, 340, 341, 347, 348, 349, 350, 352, 355, 358, 367, 368, 373, 374, 375, 389, 391, 393, 399, 400, 401, 402, 404, 405, 407, 418, 420, 425, 426], "summary": {"covered_lines": 32, "num_statements": 54, "percent_covered": 59.25925925925926, "percent_covered_display": "59", "missing_lines": 22, "excluded_lines": 0, "percent_statements_covered": 59.25925925925926, "percent_statements_covered_display": "59"}, "missing_lines": [376, 378, 379, 380, 381, 383, 390, 409, 410, 411, 412, 413, 416, 419, 421, 430, 431, 435, 436, 437, 439, 440], "excluded_lines": []}, "test_model_connection.mask_api_key": {"executed_lines": [342, 344, 346], "summary": {"covered_lines": 3, "num_statements": 5, "percent_covered": 60.0, "percent_covered_display": "60", "missing_lines": 2, "excluded_lines": 0, "percent_statements_covered": 60.0, "percent_statements_covered_display": "60"}, "missing_lines": [343, 345], "excluded_lines": []}, "get_docs_file": {"executed_lines": [], "summary": {"covered_lines": 0, "num_statements": 19, "percent_covered": 0.0, "percent_covered_display": "0", "missing_lines": 19, "excluded_lines": 0, "percent_statements_covered": 0.0, "percent_statements_covered_display": "0"}, "missing_lines": [446, 448, 449, 452, 453, 454, 455, 458, 459, 462, 463, 466, 467, 468, 469, 470, 472, 474, 475], "excluded_lines": []}, "generate_doc_id": {"executed_lines": [], "summary": {"covered_lines": 0, "num_statements": 3, "percent_covered": 0.0, "percent_covered_display": "0", "missing_lines": 3, "excluded_lines": 0, "percent_statements_covered": 0.0, "percent_statements_covered_display": "0"}, "missing_lines": [483, 485, 486], "excluded_lines": []}, "get_docs_structure": {"executed_lines": [], "summary": {"covered_lines": 0, "num_statements": 9, "percent_covered": 0.0, "percent_covered_display": "0", "missing_lines": 9, "excluded_lines": 0, "percent_statements_covered": 0.0, "percent_statements_covered_display": "0"}, "missing_lines": [492, 493, 494, 496, 556, 559, 561, 563, 564], "excluded_lines": []}, "get_docs_structure.scan_directory": {"executed_lines": [], "summary": {"covered_lines": 0, "num_statements": 23, "percent_covered": 0.0, "percent_covered_display": "0", "missing_lines": 23, "excluded_lines": 0, "percent_statements_covered": 0.0, "percent_statements_covered_display": "0"}, "missing_lines": [497, 498, 499, 501, 502, 503, 505, 506, 510, 512, 513, 514, 516, 517, 518, 520, 521, 524, 549, 550, 551, 552, 554], "excluded_lines": []}, "": {"executed_lines": [1, 5, 6, 7, 8, 9, 10, 11, 13, 14, 17, 31, 32, 33, 34, 35, 36, 39, 42, 47, 50, 53, 54, 56, 57, 66, 67, 68, 69, 70, 82, 85, 90, 93, 96, 106, 107, 122, 123, 124, 125, 129, 130, 131, 132, 133, 137, 138, 139, 140, 141, 142, 143, 144, 145, 146, 147, 148, 149, 153, 154, 198, 199, 213, 214, 241, 242, 252, 271, 272, 273, 274, 275, 276, 277, 280, 333, 334, 443, 444, 480, 489, 490, 570], "summary": {"covered_lines": 83, "num_statements": 96, "percent_covered": 86.45833333333333, "percent_covered_display": "86", "missing_lines": 13, "excluded_lines": 0, "percent_statements_covered": 86.45833333333333, "percent_statements_covered_display": "86"}, "missing_lines": [58, 59, 60, 61, 62, 71, 72, 73, 77, 86, 87, 571, 573], "excluded_lines": []}}, "classes": {"ConfigResponse": {"executed_lines": [], "summary": {"covered_lines": 0, "num_statements": 0, "percent_covered": 100.0, "percent_covered_display": "100", "missing_lines": 0, "excluded_lines": 0, "percent_statements_covered": 100.0, "percent_statements_covered_display": "100"}, "missing_lines": [], "excluded_lines": []}, "ModelConnectionTestRequest": {"executed_lines": [], "summary": {"covered_lines": 0, "num_statements": 0, "percent_covered": 100.0, "percent_covered_display": "100", "missing_lines": 0, "excluded_lines": 0, "percent_statements_covered": 100.0, "percent_statements_covered_display": "100"}, "missing_lines": [], "excluded_lines": []}, "": {"executed_lines": [1, 5, 6, 7, 8, 9, 10, 11, 13, 14, 17, 31, 32, 33, 34, 35, 36, 39, 42, 47, 50, 53, 54, 56, 57, 66, 67, 68, 69, 70, 82, 85, 90, 93, 96, 106, 107, 122, 123, 124, 125, 129, 130, 131, 132, 133, 137, 138, 139, 140, 141, 142, 143, 144, 145, 146, 147, 148, 149, 153, 154, 198, 199, 213, 214, 241, 242, 252, 271, 272, 273, 274, 275, 276, 277, 280, 289, 290, 292, 296, 297, 301, 302, 307, 308, 309, 312, 313, 330, 333, 334, 336, 337, 338, 339, 340, 341, 342, 344, 346, 347, 348, 349, 350, 352, 355, 358, 367, 368, 373, 374, 375, 389, 391, 393, 399, 400, 401, 402, 404, 405, 407, 418, 420, 425, 426, 443, 444, 480, 489, 490, 570], "summary": {"covered_lines": 131, "num_statements": 267, "percent_covered": 49.06367041198502, "percent_covered_display": "49", "missing_lines": 136, "excluded_lines": 0, "percent_statements_covered": 49.06367041198502, "percent_statements_covered_display": "49"}, "missing_lines": [58, 59, 60, 61, 62, 71, 72, 73, 77, 86, 87, 109, 113, 115, 150, 156, 158, 159, 168, 169, 178, 179, 180, 189, 201, 220, 221, 222, 228, 229, 231, 233, 244, 257, 258, 260, 261, 262, 263, 264, 265, 266, 268, 298, 303, 315, 316, 317, 320, 321, 322, 323, 324, 325, 326, 327, 343, 345, 376, 378, 379, 380, 381, 383, 390, 409, 410, 411, 412, 413, 416, 419, 421, 430, 431, 435, 436, 437, 439, 440, 446, 448, 449, 452, 453, 454, 455, 458, 459, 462, 463, 466, 467, 468, 469, 470, 472, 474, 475, 483, 485, 486, 492, 493, 494, 496, 497, 498, 499, 501, 502, 503, 505, 506, 510, 512, 513, 514, 516, 517, 518, 520, 521, 524, 549, 550, 551, 552, 554, 556, 559, 561, 563, 564, 571, 573], "excluded_lines": []}}}, "routes/__init__.py": {"executed_lines": [1], "summary": {"covered_lines": 0, "num_statements": 0, "percent_covered": 100.0, "percent_covered_display": "100", "missing_lines": 0, "excluded_lines": 0, "percent_statements_covered": 100.0, "percent_statements_covered_display": "100"}, "missing_lines": [], "excluded_lines": [], "functions": {"": {"executed_lines": [1], "summary": {"covered_lines": 0, "num_statements": 0, "percent_covered": 100.0, "percent_covered_display": "100", "missing_lines": 0, "excluded_lines": 0, "percent_statements_covered": 100.0, "percent_statements_covered_display": "100"}, "missing_lines": [], "excluded_lines": []}}, "classes": {"": {"executed_lines": [1], "summary": {"covered_lines": 0, "num_statements": 0, "percent_covered": 100.0, "percent_covered_display": "100", "missing_lines": 0, "excluded_lines": 0, "percent_statements_covered": 100.0, "percent_statements_covered_display": "100"}, "missing_lines": [], "excluded_lines": []}}}, "routes/datasets.py": {"executed_lines": [1, 5, 6, 7, 8, 10, 11, 12, 13, 14, 16, 17, 20, 24, 25, 26, 27, 28, 31, 32, 35, 36, 37, 38, 39, 40, 41, 44, 45, 46, 47, 50, 51, 52, 53, 56, 57, 58, 59, 60, 63, 64, 132, 133, 138, 139, 156, 157, 186, 189, 218, 219], "summary": {"covered_lines": 51, "num_statements": 129, "percent_covered": 39.53488372093023, "percent_covered_display": "40", "missing_lines": 78, "excluded_lines": 0, "percent_statements_covered": 39.53488372093023, "percent_statements_covered_display": "40"}, "missing_lines": [66, 67, 69, 71, 74, 77, 78, 79, 80, 81, 84, 85, 86, 87, 88, 89, 92, 93, 97, 98, 101, 102, 103, 107, 110, 111, 112, 115, 117, 123, 124, 125, 126, 127, 135, 141, 143, 144, 146, 147, 148, 149, 150, 151, 159, 161, 162, 164, 165, 167, 168, 177, 179, 180, 181, 191, 193, 194, 196, 197, 201, 202, 209, 211, 212, 213, 221, 223, 224, 226, 228, 233, 234, 235, 246, 251, 252, 253], "excluded_lines": [], "functions": {"upload_dataset": {"executed_lines": [], "summary": {"covered_lines": 0, "num_statements": 34, "percent_covered": 0.0, "percent_covered_display": "0", "missing_lines": 34, "excluded_lines": 0, "percent_statements_covered": 0.0, "percent_statements_covered_display": "0"}, "missing_lines": [66, 67, 69, 71, 74, 77, 78, 79, 80, 81, 84, 85, 86, 87, 88, 89, 92, 93, 97, 98, 101, 102, 103, 107, 110, 111, 112, 115, 117, 123, 124, 125, 126, 127], "excluded_lines": []}, "list_datasets": {"executed_lines": [], "summary": {"covered_lines": 0, "num_statements": 1, "percent_covered": 0.0, "percent_covered_display": "0", "missing_lines": 1, "excluded_lines": 0, "percent_statements_covered": 0.0, "percent_statements_covered_display": "0"}, "missing_lines": [135], "excluded_lines": []}, "delete_dataset": {"executed_lines": [], "summary": {"covered_lines": 0, "num_statements": 9, "percent_covered": 0.0, "percent_covered_display": "0", "missing_lines": 9, "excluded_lines": 0, "percent_statements_covered": 0.0, "percent_statements_covered_display": "0"}, "missing_lines": [141, 143, 144, 146, 147, 148, 149, 150, 151], "excluded_lines": []}, "analyze_dataset": {"executed_lines": [], "summary": {"covered_lines": 0, "num_statements": 11, "percent_covered": 0.0, "percent_covered_display": "0", "missing_lines": 11, "excluded_lines": 0, "percent_statements_covered": 0.0, "percent_statements_covered_display": "0"}, "missing_lines": [159, 161, 162, 164, 165, 167, 168, 177, 179, 180, 181], "excluded_lines": []}, "preview_transformation": {"executed_lines": [], "summary": {"covered_lines": 0, "num_statements": 11, "percent_covered": 0.0, "percent_covered_display": "0", "missing_lines": 11, "excluded_lines": 0, "percent_statements_covered": 0.0, "percent_statements_covered_display": "0"}, "missing_lines": [191, 193, 194, 196, 197, 201, 202, 209, 211, 212, 213], "excluded_lines": []}, "save_field_mapping": {"executed_lines": [], "summary": {"covered_lines": 0, "num_statements": 12, "percent_covered": 0.0, "percent_covered_display": "0", "missing_lines": 12, "excluded_lines": 0, "percent_statements_covered": 0.0, "percent_statements_covered_display": "0"}, "missing_lines": [221, 223, 224, 226, 228, 233, 234, 235, 246, 251, 252, 253], "excluded_lines": []}, "": {"executed_lines": [1, 5, 6, 7, 8, 10, 11, 12, 13, 14, 16, 17, 20, 24, 25, 26, 27, 28, 31, 32, 35, 36, 37, 38, 39, 40, 41, 44, 45, 46, 47, 50, 51, 52, 53, 56, 57, 58, 59, 60, 63, 64, 132, 133, 138, 139, 156, 157, 186, 189, 218, 219], "summary": {"covered_lines": 51, "num_statements": 51, "percent_covered": 100.0, "percent_covered_display": "100", "missing_lines": 0, "excluded_lines": 0, "percent_statements_covered": 100.0, "percent_statements_covered_display": "100"}, "missing_lines": [], "excluded_lines": []}}, "classes": {"DatasetUploadResponse": {"executed_lines": [], "summary": {"covered_lines": 0, "num_statements": 0, "percent_covered": 100.0, "percent_covered_display": "100", "missing_lines": 0, "excluded_lines": 0, "percent_statements_covered": 100.0, "percent_statements_covered_display": "100"}, "missing_lines": [], "excluded_lines": []}, "DatasetListResponse": {"executed_lines": [], "summary": {"covered_lines": 0, "num_statements": 0, "percent_covered": 100.0, "percent_covered_display": "100", "missing_lines": 0, "excluded_lines": 0, "percent_statements_covered": 100.0, "percent_statements_covered_display": "100"}, "missing_lines": [], "excluded_lines": []}, "DatasetAnalysisResponse": {"executed_lines": [], "summary": {"covered_lines": 0, "num_statements": 0, "percent_covered": 100.0, "percent_covered_display": "100", "missing_lines": 0, "excluded_lines": 0, "percent_statements_covered": 100.0, "percent_statements_covered_display": "100"}, "missing_lines": [], "excluded_lines": []}, "FieldMappingRequest": {"executed_lines": [], "summary": {"covered_lines": 0, "num_statements": 0, "percent_covered": 100.0, "percent_covered_display": "100", "missing_lines": 0, "excluded_lines": 0, "percent_statements_covered": 100.0, "percent_statements_covered_display": "100"}, "missing_lines": [], "excluded_lines": []}, "PreviewTransformationRequest": {"executed_lines": [], "summary": {"covered_lines": 0, "num_statements": 0, "percent_covered": 100.0, "percent_covered_display": "100", "missing_lines": 0, "excluded_lines": 0, "percent_statements_covered": 100.0, "percent_statements_covered_display": "100"}, "missing_lines": [], "excluded_lines": []}, "PreviewTransformationResponse": {"executed_lines": [], "summary": {"covered_lines": 0, "num_statements": 0, "percent_covered": 100.0, "percent_covered_display": "100", "missing_lines": 0, "excluded_lines": 0, "percent_statements_covered": 100.0, "percent_statements_covered_display": "100"}, "missing_lines": [], "excluded_lines": []}, "": {"executed_lines": [1, 5, 6, 7, 8, 10, 11, 12, 13, 14, 16, 17, 20, 24, 25, 26, 27, 28, 31, 32, 35, 36, 37, 38, 39, 40, 41, 44, 45, 46, 47, 50, 51, 52, 53, 56, 57, 58, 59, 60, 63, 64, 132, 133, 138, 139, 156, 157, 186, 189, 218, 219], "summary": {"covered_lines": 51, "num_statements": 129, "percent_covered": 39.53488372093023, "percent_covered_display": "40", "missing_lines": 78, "excluded_lines": 0, "percent_statements_covered": 39.53488372093023, "percent_statements_covered_display": "40"}, "missing_lines": [66, 67, 69, 71, 74, 77, 78, 79, 80, 81, 84, 85, 86, 87, 88, 89, 92, 93, 97, 98, 101, 102, 103, 107, 110, 111, 112, 115, 117, 123, 124, 125, 126, 127, 135, 141, 143, 144, 146, 147, 148, 149, 150, 151, 159, 161, 162, 164, 165, 167, 168, 177, 179, 180, 181, 191, 193, 194, 196, 197, 201, 202, 209, 211, 212, 213, 221, 223, 224, 226, 228, 233, 234, 235, 246, 251, 252, 253], "excluded_lines": []}}}, "routes/projects.py": {"executed_lines": [1, 5, 6, 7, 9, 10, 11, 12, 13, 14, 16, 17, 20, 21, 54, 55, 95, 96, 117, 118], "summary": {"covered_lines": 19, "num_statements": 89, "percent_covered": 21.348314606741575, "percent_covered_display": "21", "missing_lines": 70, "excluded_lines": 0, "percent_statements_covered": 21.348314606741575, "percent_statements_covered_display": "21"}, "missing_lines": [23, 24, 25, 26, 28, 29, 30, 32, 35, 36, 37, 39, 40, 42, 43, 45, 46, 47, 49, 50, 51, 57, 58, 59, 62, 65, 68, 69, 72, 73, 74, 75, 76, 78, 79, 83, 91, 92, 98, 99, 100, 102, 103, 105, 110, 111, 112, 113, 114, 120, 121, 124, 125, 127, 130, 131, 134, 135, 136, 137, 140, 141, 143, 153, 156, 158, 159, 161, 162, 163], "excluded_lines": [], "functions": {"generate_config": {"executed_lines": [], "summary": {"covered_lines": 0, "num_statements": 21, "percent_covered": 0.0, "percent_covered_display": "0", "missing_lines": 21, "excluded_lines": 0, "percent_statements_covered": 0.0, "percent_statements_covered_display": "0"}, "missing_lines": [23, 24, 25, 26, 28, 29, 30, 32, 35, 36, 37, 39, 40, 42, 43, 45, 46, 47, 49, 50, 51], "excluded_lines": []}, "create_project": {"executed_lines": [], "summary": {"covered_lines": 0, "num_statements": 17, "percent_covered": 0.0, "percent_covered_display": "0", "missing_lines": 17, "excluded_lines": 0, "percent_statements_covered": 0.0, "percent_statements_covered_display": "0"}, "missing_lines": [57, 58, 59, 62, 65, 68, 69, 72, 73, 74, 75, 76, 78, 79, 83, 91, 92], "excluded_lines": []}, "download_config": {"executed_lines": [], "summary": {"covered_lines": 0, "num_statements": 11, "percent_covered": 0.0, "percent_covered_display": "0", "missing_lines": 11, "excluded_lines": 0, "percent_statements_covered": 0.0, "percent_statements_covered_display": "0"}, "missing_lines": [98, 99, 100, 102, 103, 105, 110, 111, 112, 113, 114], "excluded_lines": []}, "list_projects": {"executed_lines": [], "summary": {"covered_lines": 0, "num_statements": 21, "percent_covered": 0.0, "percent_covered_display": "0", "missing_lines": 21, "excluded_lines": 0, "percent_statements_covered": 0.0, "percent_statements_covered_display": "0"}, "missing_lines": [120, 121, 124, 125, 127, 130, 131, 134, 135, 136, 137, 140, 141, 143, 153, 156, 158, 159, 161, 162, 163], "excluded_lines": []}, "": {"executed_lines": [1, 5, 6, 7, 9, 10, 11, 12, 13, 14, 16, 17, 20, 21, 54, 55, 95, 96, 117, 118], "summary": {"covered_lines": 19, "num_statements": 19, "percent_covered": 100.0, "percent_covered_display": "100", "missing_lines": 0, "excluded_lines": 0, "percent_statements_covered": 100.0, "percent_statements_covered_display": "100"}, "missing_lines": [], "excluded_lines": []}}, "classes": {"": {"executed_lines": [1, 5, 6, 7, 9, 10, 11, 12, 13, 14, 16, 17, 20, 21, 54, 55, 95, 96, 117, 118], "summary": {"covered_lines": 19, "num_statements": 89, "percent_covered": 21.348314606741575, "percent_covered_display": "21", "missing_lines": 70, "excluded_lines": 0, "percent_statements_covered": 21.348314606741575, "percent_statements_covered_display": "21"}, "missing_lines": [23, 24, 25, 26, 28, 29, 30, 32, 35, 36, 37, 39, 40, 42, 43, 45, 46, 47, 49, 50, 51, 57, 58, 59, 62, 65, 68, 69, 72, 73, 74, 75, 76, 78, 79, 83, 91, 92, 98, 99, 100, 102, 103, 105, 110, 111, 112, 113, 114, 120, 121, 124, 125, 127, 130, 131, 134, 135, 136, 137, 140, 141, 143, 153, 156, 158, 159, 161, 162, 163], "excluded_lines": []}}}, "routes/prompts.py": {"executed_lines": [1, 5, 6, 7, 8, 10, 18, 19, 20, 25, 26, 29, 40, 41, 42, 45, 46, 49, 50, 106, 107], "summary": {"covered_lines": 20, "num_statements": 150, "percent_covered": 13.333333333333334, "percent_covered_display": "13", "missing_lines": 130, "excluded_lines": 0, "percent_statements_covered": 13.333333333333334, "percent_statements_covered_display": "13"}, "missing_lines": [60, 62, 63, 64, 67, 68, 70, 71, 75, 76, 78, 79, 83, 91, 92, 94, 95, 98, 99, 101, 102, 103, 109, 113, 116, 117, 118, 124, 126, 129, 130, 131, 137, 138, 139, 142, 146, 150, 153, 156, 157, 159, 160, 166, 167, 168, 174, 177, 178, 181, 182, 183, 184, 185, 186, 187, 189, 190, 192, 193, 194, 195, 197, 198, 199, 205, 206, 207, 210, 211, 213, 214, 215, 216, 217, 218, 219, 221, 222, 223, 224, 225, 226, 229, 230, 231, 232, 233, 234, 235, 236, 237, 238, 241, 243, 244, 246, 251, 257, 258, 259, 260, 262, 265, 266, 267, 269, 278, 283, 288, 289, 290, 291, 293, 294, 297, 304, 312, 313, 315, 316, 317, 318, 319, 324, 325, 327, 328, 329, 330], "excluded_lines": [], "functions": {"enhance_prompt": {"executed_lines": [], "summary": {"covered_lines": 0, "num_statements": 22, "percent_covered": 0.0, "percent_covered_display": "0", "missing_lines": 22, "excluded_lines": 0, "percent_statements_covered": 0.0, "percent_statements_covered_display": "0"}, "missing_lines": [60, 62, 63, 64, 67, 68, 70, 71, 75, 76, 78, 79, 83, 91, 92, 94, 95, 98, 99, 101, 102, 103], "excluded_lines": []}, "migrate_prompt": {"executed_lines": [], "summary": {"covered_lines": 0, "num_statements": 108, "percent_covered": 0.0, "percent_covered_display": "0", "missing_lines": 108, "excluded_lines": 0, "percent_statements_covered": 0.0, "percent_statements_covered_display": "0"}, "missing_lines": [109, 113, 116, 117, 118, 124, 126, 129, 130, 131, 137, 138, 139, 142, 146, 150, 153, 156, 157, 159, 160, 166, 167, 168, 174, 177, 178, 181, 182, 183, 184, 185, 186, 187, 189, 190, 192, 193, 194, 195, 197, 198, 199, 205, 206, 207, 210, 211, 213, 214, 215, 216, 217, 218, 219, 221, 222, 223, 224, 225, 226, 229, 230, 231, 232, 233, 234, 235, 236, 237, 238, 241, 243, 244, 246, 251, 257, 258, 259, 260, 262, 265, 266, 267, 269, 278, 283, 288, 289, 290, 291, 293, 294, 297, 304, 312, 313, 315, 316, 317, 318, 319, 324, 325, 327, 328, 329, 330], "excluded_lines": []}, "": {"executed_lines": [1, 5, 6, 7, 8, 10, 18, 19, 20, 25, 26, 29, 40, 41, 42, 45, 46, 49, 50, 106, 107], "summary": {"covered_lines": 20, "num_statements": 20, "percent_covered": 100.0, "percent_covered_display": "100", "missing_lines": 0, "excluded_lines": 0, "percent_statements_covered": 100.0, "percent_statements_covered_display": "100"}, "missing_lines": [], "excluded_lines": []}}, "classes": {"PromptRequest": {"executed_lines": [], "summary": {"covered_lines": 0, "num_statements": 0, "percent_covered": 100.0, "percent_covered_display": "100", "missing_lines": 0, "excluded_lines": 0, "percent_statements_covered": 100.0, "percent_statements_covered_display": "100"}, "missing_lines": [], "excluded_lines": []}, "PromptResponse": {"executed_lines": [], "summary": {"covered_lines": 0, "num_statements": 0, "percent_covered": 100.0, "percent_covered_display": "100", "missing_lines": 0, "excluded_lines": 0, "percent_statements_covered": 100.0, "percent_statements_covered_display": "100"}, "missing_lines": [], "excluded_lines": []}, "": {"executed_lines": [1, 5, 6, 7, 8, 10, 18, 19, 20, 25, 26, 29, 40, 41, 42, 45, 46, 49, 50, 106, 107], "summary": {"covered_lines": 20, "num_statements": 150, "percent_covered": 13.333333333333334, "percent_covered_display": "13", "missing_lines": 130, "excluded_lines": 0, "percent_statements_covered": 13.333333333333334, "percent_statements_covered_display": "13"}, "missing_lines": [60, 62, 63, 64, 67, 68, 70, 71, 75, 76, 78, 79, 83, 91, 92, 94, 95, 98, 99, 101, 102, 103, 109, 113, 116, 117, 118, 124, 126, 129, 130, 131, 137, 138, 139, 142, 146, 150, 153, 156, 157, 159, 160, 166, 167, 168, 174, 177, 178, 181, 182, 183, 184, 185, 186, 187, 189, 190, 192, 193, 194, 195, 197, 198, 199, 205, 206, 207, 210, 211, 213, 214, 215, 216, 217, 218, 219, 221, 222, 223, 224, 225, 226, 229, 230, 231, 232, 233, 234, 235, 236, 237, 238, 241, 243, 244, 246, 251, 257, 258, 259, 260, 262, 265, 266, 267, 269, 278, 283, 288, 289, 290, 291, 293, 294, 297, 304, 312, 313, 315, 316, 317, 318, 319, 324, 325, 327, 328, 329, 330], "excluded_lines": []}}}, "routes/websockets.py": {"executed_lines": [1, 5, 6, 8, 9, 10, 11, 13, 14, 17, 26, 27], "summary": {"covered_lines": 11, "num_statements": 99, "percent_covered": 11.11111111111111, "percent_covered_display": "11", "missing_lines": 88, "excluded_lines": 0, "percent_statements_covered": 11.11111111111111, "percent_statements_covered_display": "11"}, "missing_lines": [30, 31, 32, 33, 35, 36, 42, 43, 45, 48, 50, 51, 54, 57, 58, 60, 61, 62, 64, 65, 66, 69, 71, 74, 75, 76, 77, 78, 79, 81, 84, 85, 86, 89, 90, 91, 94, 97, 100, 101, 102, 103, 107, 111, 113, 117, 123, 127, 134, 136, 139, 140, 142, 143, 145, 148, 150, 153, 155, 156, 161, 164, 168, 176, 181, 188, 189, 190, 192, 193, 194, 195, 196, 198, 204, 205, 210, 218, 220, 231, 232, 233, 234, 235, 236, 237, 239, 242], "excluded_lines": [], "functions": {"optimize_with_streaming": {"executed_lines": [], "summary": {"covered_lines": 0, "num_statements": 88, "percent_covered": 0.0, "percent_covered_display": "0", "missing_lines": 88, "excluded_lines": 0, "percent_statements_covered": 0.0, "percent_statements_covered_display": "0"}, "missing_lines": [30, 31, 32, 33, 35, 36, 42, 43, 45, 48, 50, 51, 54, 57, 58, 60, 61, 62, 64, 65, 66, 69, 71, 74, 75, 76, 77, 78, 79, 81, 84, 85, 86, 89, 90, 91, 94, 97, 100, 101, 102, 103, 107, 111, 113, 117, 123, 127, 134, 136, 139, 140, 142, 143, 145, 148, 150, 153, 155, 156, 161, 164, 168, 176, 181, 188, 189, 190, 192, 193, 194, 195, 196, 198, 204, 205, 210, 218, 220, 231, 232, 233, 234, 235, 236, 237, 239, 242], "excluded_lines": []}, "": {"executed_lines": [1, 5, 6, 8, 9, 10, 11, 13, 14, 17, 26, 27], "summary": {"covered_lines": 11, "num_statements": 11, "percent_covered": 100.0, "percent_covered_display": "100", "missing_lines": 0, "excluded_lines": 0, "percent_statements_covered": 100.0, "percent_statements_covered_display": "100"}, "missing_lines": [], "excluded_lines": []}}, "classes": {"": {"executed_lines": [1, 5, 6, 8, 9, 10, 11, 13, 14, 17, 26, 27], "summary": {"covered_lines": 11, "num_statements": 99, "percent_covered": 11.11111111111111, "percent_covered_display": "11", "missing_lines": 88, "excluded_lines": 0, "percent_statements_covered": 11.11111111111111, "percent_statements_covered_display": "11"}, "missing_lines": [30, 31, 32, 33, 35, 36, 42, 43, 45, 48, 50, 51, 54, 57, 58, 60, 61, 62, 64, 65, 66, 69, 71, 74, 75, 76, 77, 78, 79, 81, 84, 85, 86, 89, 90, 91, 94, 97, 100, 101, 102, 103, 107, 111, 113, 117, 123, 127, 134, 136, 139, 140, 142, 143, 145, 148, 150, 153, 155, 156, 161, 164, 168, 176, 181, 188, 189, 190, 192, 193, 194, 195, 196, 198, 204, 205, 210, 218, 220, 231, 232, 233, 234, 235, 236, 237, 239, 242], "excluded_lines": []}}}, "test_main.py": {"executed_lines": [], "summary": {"covered_lines": 0, "num_statements": 77, "percent_covered": 0.0, "percent_covered_display": "0", "missing_lines": 77, "excluded_lines": 0, "percent_statements_covered": 0.0, "percent_statements_covered_display": "0"}, "missing_lines": [5, 6, 7, 9, 10, 11, 13, 16, 18, 19, 20, 21, 22, 23, 24, 27, 29, 30, 32, 35, 36, 39, 40, 43, 44, 47, 48, 51, 52, 53, 55, 56, 57, 58, 60, 62, 63, 64, 65, 68, 70, 71, 73, 74, 77, 79, 84, 85, 88, 90, 95, 96, 99, 101, 105, 106, 109, 111, 116, 121, 122, 123, 124, 125, 128, 130, 131, 132, 133, 134, 137, 139, 147, 148, 149, 152, 153], "excluded_lines": [], "functions": {"test_health_check": {"executed_lines": [], "summary": {"covered_lines": 0, "num_statements": 7, "percent_covered": 0.0, "percent_covered_display": "0", "missing_lines": 7, "excluded_lines": 0, "percent_statements_covered": 0.0, "percent_statements_covered_display": "0"}, "missing_lines": [18, 19, 20, 21, 22, 23, 24], "excluded_lines": []}, "test_configurations_endpoint": {"executed_lines": [], "summary": {"covered_lines": 0, "num_statements": 11, "percent_covered": 0.0, "percent_covered_display": "0", "missing_lines": 11, "excluded_lines": 0, "percent_statements_covered": 0.0, "percent_statements_covered_display": "0"}, "missing_lines": [29, 30, 32, 35, 36, 39, 40, 43, 44, 47, 48], "excluded_lines": []}, "test_enhance_prompt_success": {"executed_lines": [], "summary": {"covered_lines": 0, "num_statements": 9, "percent_covered": 0.0, "percent_covered_display": "0", "missing_lines": 9, "excluded_lines": 0, "percent_statements_covered": 0.0, "percent_statements_covered_display": "0"}, "missing_lines": [55, 56, 57, 58, 60, 62, 63, 64, 65], "excluded_lines": []}, "test_enhance_prompt_no_api_key": {"executed_lines": [], "summary": {"covered_lines": 0, "num_statements": 4, "percent_covered": 0.0, "percent_covered_display": "0", "missing_lines": 4, "excluded_lines": 0, "percent_statements_covered": 0.0, "percent_statements_covered_display": "0"}, "missing_lines": [70, 71, 73, 74], "excluded_lines": []}, "test_dataset_upload_invalid_json": {"executed_lines": [], "summary": {"covered_lines": 0, "num_statements": 3, "percent_covered": 0.0, "percent_covered_display": "0", "missing_lines": 3, "excluded_lines": 0, "percent_statements_covered": 0.0, "percent_statements_covered_display": "0"}, "missing_lines": [79, 84, 85], "excluded_lines": []}, "test_dataset_upload_non_array": {"executed_lines": [], "summary": {"covered_lines": 0, "num_statements": 3, "percent_covered": 0.0, "percent_covered_display": "0", "missing_lines": 3, "excluded_lines": 0, "percent_statements_covered": 0.0, "percent_statements_covered_display": "0"}, "missing_lines": [90, 95, 96], "excluded_lines": []}, "test_dataset_upload_empty_array": {"executed_lines": [], "summary": {"covered_lines": 0, "num_statements": 3, "percent_covered": 0.0, "percent_covered_display": "0", "missing_lines": 3, "excluded_lines": 0, "percent_statements_covered": 0.0, "percent_statements_covered_display": "0"}, "missing_lines": [101, 105, 106], "excluded_lines": []}, "test_dataset_upload_success": {"executed_lines": [], "summary": {"covered_lines": 0, "num_statements": 7, "percent_covered": 0.0, "percent_covered_display": "0", "missing_lines": 7, "excluded_lines": 0, "percent_statements_covered": 0.0, "percent_statements_covered_display": "0"}, "missing_lines": [111, 116, 121, 122, 123, 124, 125], "excluded_lines": []}, "test_list_datasets": {"executed_lines": [], "summary": {"covered_lines": 0, "num_statements": 5, "percent_covered": 0.0, "percent_covered_display": "0", "missing_lines": 5, "excluded_lines": 0, "percent_statements_covered": 0.0, "percent_statements_covered_display": "0"}, "missing_lines": [130, 131, 132, 133, 134], "excluded_lines": []}, "test_options_endpoints": {"executed_lines": [], "summary": {"covered_lines": 0, "num_statements": 4, "percent_covered": 0.0, "percent_covered_display": "0", "missing_lines": 4, "excluded_lines": 0, "percent_statements_covered": 0.0, "percent_statements_covered_display": "0"}, "missing_lines": [139, 147, 148, 149], "excluded_lines": []}, "": {"executed_lines": [], "summary": {"covered_lines": 0, "num_statements": 21, "percent_covered": 0.0, "percent_covered_display": "0", "missing_lines": 21, "excluded_lines": 0, "percent_statements_covered": 0.0, "percent_statements_covered_display": "0"}, "missing_lines": [5, 6, 7, 9, 10, 11, 13, 16, 27, 51, 52, 53, 68, 77, 88, 99, 109, 128, 137, 152, 153], "excluded_lines": []}}, "classes": {"": {"executed_lines": [], "summary": {"covered_lines": 0, "num_statements": 77, "percent_covered": 0.0, "percent_covered_display": "0", "missing_lines": 77, "excluded_lines": 0, "percent_statements_covered": 0.0, "percent_statements_covered_display": "0"}, "missing_lines": [5, 6, 7, 9, 10, 11, 13, 16, 18, 19, 20, 21, 22, 23, 24, 27, 29, 30, 32, 35, 36, 39, 40, 43, 44, 47, 48, 51, 52, 53, 55, 56, 57, 58, 60, 62, 63, 64, 65, 68, 70, 71, 73, 74, 77, 79, 84, 85, 88, 90, 95, 96, 99, 101, 105, 106, 109, 111, 116, 121, 122, 123, 124, 125, 128, 130, 131, 132, 133, 134, 137, 139, 147, 148, 149, 152, 153], "excluded_lines": []}}}, "tests/__init__.py": {"executed_lines": [1], "summary": {"covered_lines": 0, "num_statements": 0, "percent_covered": 100.0, "percent_covered_display": "100", "missing_lines": 0, "excluded_lines": 0, "percent_statements_covered": 100.0, "percent_statements_covered_display": "100"}, "missing_lines": [], "excluded_lines": [], "functions": {"": {"executed_lines": [1], "summary": {"covered_lines": 0, "num_statements": 0, "percent_covered": 100.0, "percent_covered_display": "100", "missing_lines": 0, "excluded_lines": 0, "percent_statements_covered": 100.0, "percent_statements_covered_display": "100"}, "missing_lines": [], "excluded_lines": []}}, "classes": {"": {"executed_lines": [1], "summary": {"covered_lines": 0, "num_statements": 0, "percent_covered": 100.0, "percent_covered_display": "100", "missing_lines": 0, "excluded_lines": 0, "percent_statements_covered": 100.0, "percent_statements_covered_display": "100"}, "missing_lines": [], "excluded_lines": []}}}, "tests/conftest.py": {"executed_lines": [1, 5, 6, 7, 8, 9, 10, 11, 13, 14, 17, 19, 22, 23, 28, 29, 35, 36, 45, 46, 62, 63, 77, 78, 87, 88, 96, 97, 126, 127, 142, 143, 145], "summary": {"covered_lines": 32, "num_statements": 47, "percent_covered": 68.08510638297872, "percent_covered_display": "68", "missing_lines": 15, "excluded_lines": 0, "percent_statements_covered": 68.08510638297872, "percent_statements_covered_display": "68"}, "missing_lines": [25, 31, 32, 38, 48, 65, 80, 81, 84, 90, 91, 92, 93, 99, 129], "excluded_lines": [], "functions": {"client": {"executed_lines": [], "summary": {"covered_lines": 0, "num_statements": 1, "percent_covered": 0.0, "percent_covered_display": "0", "missing_lines": 1, "excluded_lines": 0, "percent_statements_covered": 0.0, "percent_statements_covered_display": "0"}, "missing_lines": [25], "excluded_lines": []}, "temp_upload_dir": {"executed_lines": [], "summary": {"covered_lines": 0, "num_statements": 2, "percent_covered": 0.0, "percent_covered_display": "0", "missing_lines": 2, "excluded_lines": 0, "percent_statements_covered": 0.0, "percent_statements_covered_display": "0"}, "missing_lines": [31, 32], "excluded_lines": []}, "sample_dataset": {"executed_lines": [], "summary": {"covered_lines": 0, "num_statements": 1, "percent_covered": 0.0, "percent_covered_display": "0", "missing_lines": 1, "excluded_lines": 0, "percent_statements_covered": 0.0, "percent_statements_covered_display": "0"}, "missing_lines": [38], "excluded_lines": []}, "sample_dataset_with_nested_fields": {"executed_lines": [], "summary": {"covered_lines": 0, "num_statements": 1, "percent_covered": 0.0, "percent_covered_display": "0", "missing_lines": 1, "excluded_lines": 0, "percent_statements_covered": 0.0, "percent_statements_covered_display": "0"}, "missing_lines": [48], "excluded_lines": []}, "sample_config": {"executed_lines": [], "summary": {"covered_lines": 0, "num_statements": 1, "percent_covered": 0.0, "percent_covered_display": "0", "missing_lines": 1, "excluded_lines": 0, "percent_statements_covered": 0.0, "percent_statements_covered_display": "0"}, "missing_lines": [65], "excluded_lines": []}, "mock_dspy_optimizer": {"executed_lines": [], "summary": {"covered_lines": 0, "num_statements": 3, "percent_covered": 0.0, "percent_covered_display": "0", "missing_lines": 3, "excluded_lines": 0, "percent_statements_covered": 0.0, "percent_statements_covered_display": "0"}, "missing_lines": [80, 81, 84], "excluded_lines": []}, "mock_llm_response": {"executed_lines": [], "summary": {"covered_lines": 0, "num_statements": 4, "percent_covered": 0.0, "percent_covered_display": "0", "missing_lines": 4, "excluded_lines": 0, "percent_statements_covered": 0.0, "percent_statements_covered_display": "0"}, "missing_lines": [90, 91, 92, 93], "excluded_lines": []}, "sample_project_config": {"executed_lines": [], "summary": {"covered_lines": 0, "num_statements": 1, "percent_covered": 0.0, "percent_covered_display": "0", "missing_lines": 1, "excluded_lines": 0, "percent_statements_covered": 0.0, "percent_statements_covered_display": "0"}, "missing_lines": [99], "excluded_lines": []}, "sample_wizard_data": {"executed_lines": [], "summary": {"covered_lines": 0, "num_statements": 1, "percent_covered": 0.0, "percent_covered_display": "0", "missing_lines": 1, "excluded_lines": 0, "percent_statements_covered": 0.0, "percent_statements_covered_display": "0"}, "missing_lines": [129], "excluded_lines": []}, "reset_config_after_test": {"executed_lines": [145], "summary": {"covered_lines": 1, "num_statements": 1, "percent_covered": 100.0, "percent_covered_display": "100", "missing_lines": 0, "excluded_lines": 0, "percent_statements_covered": 100.0, "percent_statements_covered_display": "100"}, "missing_lines": [], "excluded_lines": []}, "": {"executed_lines": [1, 5, 6, 7, 8, 9, 10, 11, 13, 14, 17, 19, 22, 23, 28, 29, 35, 36, 45, 46, 62, 63, 77, 78, 87, 88, 96, 97, 126, 127, 142, 143], "summary": {"covered_lines": 31, "num_statements": 31, "percent_covered": 100.0, "percent_covered_display": "100", "missing_lines": 0, "excluded_lines": 0, "percent_statements_covered": 100.0, "percent_statements_covered_display": "100"}, "missing_lines": [], "excluded_lines": []}}, "classes": {"": {"executed_lines": [1, 5, 6, 7, 8, 9, 10, 11, 13, 14, 17, 19, 22, 23, 28, 29, 35, 36, 45, 46, 62, 63, 77, 78, 87, 88, 96, 97, 126, 127, 142, 143, 145], "summary": {"covered_lines": 32, "num_statements": 47, "percent_covered": 68.08510638297872, "percent_covered_display": "68", "missing_lines": 15, "excluded_lines": 0, "percent_statements_covered": 68.08510638297872, "percent_statements_covered_display": "68"}, "missing_lines": [25, 31, 32, 38, 48, 65, 80, 81, 84, 90, 91, 92, 93, 99, 129], "excluded_lines": []}}}, "tests/integration/__init__.py": {"executed_lines": [1], "summary": {"covered_lines": 0, "num_statements": 0, "percent_covered": 100.0, "percent_covered_display": "100", "missing_lines": 0, "excluded_lines": 0, "percent_statements_covered": 100.0, "percent_statements_covered_display": "100"}, "missing_lines": [], "excluded_lines": [], "functions": {"": {"executed_lines": [1], "summary": {"covered_lines": 0, "num_statements": 0, "percent_covered": 100.0, "percent_covered_display": "100", "missing_lines": 0, "excluded_lines": 0, "percent_statements_covered": 100.0, "percent_statements_covered_display": "100"}, "missing_lines": [], "excluded_lines": []}}, "classes": {"": {"executed_lines": [1], "summary": {"covered_lines": 0, "num_statements": 0, "percent_covered": 100.0, "percent_covered_display": "100", "missing_lines": 0, "excluded_lines": 0, "percent_statements_covered": 100.0, "percent_statements_covered_display": "100"}, "missing_lines": [], "excluded_lines": []}}}, "tests/integration/test_connection_endpoint.py": {"executed_lines": [1, 4, 5, 6, 7, 8, 12, 13, 14, 17, 20, 21, 23, 52, 55, 56, 62, 72, 73, 74, 75, 77, 105, 127, 152], "summary": {"covered_lines": 23, "num_statements": 63, "percent_covered": 36.507936507936506, "percent_covered_display": "37", "missing_lines": 40, "excluded_lines": 0, "percent_statements_covered": 36.507936507936506, "percent_statements_covered_display": "37"}, "missing_lines": [26, 27, 28, 29, 30, 32, 42, 43, 44, 45, 48, 49, 50, 79, 80, 81, 82, 83, 84, 86, 96, 97, 98, 101, 102, 103, 107, 109, 110, 112, 122, 123, 124, 125, 133, 135, 145, 146, 149, 154], "excluded_lines": [], "functions": {"TestConnectionEndpoint.test_with_valid_custom_key": {"executed_lines": [], "summary": {"covered_lines": 0, "num_statements": 13, "percent_covered": 0.0, "percent_covered_display": "0", "missing_lines": 13, "excluded_lines": 0, "percent_statements_covered": 0.0, "percent_statements_covered_display": "0"}, "missing_lines": [26, 27, 28, 29, 30, 32, 42, 43, 44, 45, 48, 49, 50], "excluded_lines": []}, "TestConnectionEndpoint.test_with_invalid_custom_key": {"executed_lines": [55, 56, 62, 72, 73, 74, 75], "summary": {"covered_lines": 7, "num_statements": 7, "percent_covered": 100.0, "percent_covered_display": "100", "missing_lines": 0, "excluded_lines": 0, "percent_statements_covered": 100.0, "percent_statements_covered_display": "100"}, "missing_lines": [], "excluded_lines": []}, "TestConnectionEndpoint.test_with_empty_key_and_env_var": {"executed_lines": [], "summary": {"covered_lines": 0, "num_statements": 13, "percent_covered": 0.0, "percent_covered_display": "0", "missing_lines": 13, "excluded_lines": 0, "percent_statements_covered": 0.0, "percent_statements_covered_display": "0"}, "missing_lines": [79, 80, 81, 82, 83, 84, 86, 96, 97, 98, 101, 102, 103], "excluded_lines": []}, "TestConnectionEndpoint.test_with_no_key_and_no_env_var": {"executed_lines": [], "summary": {"covered_lines": 0, "num_statements": 8, "percent_covered": 0.0, "percent_covered_display": "0", "missing_lines": 8, "excluded_lines": 0, "percent_statements_covered": 0.0, "percent_statements_covered_display": "0"}, "missing_lines": [107, 109, 110, 112, 122, 123, 124, 125], "excluded_lines": []}, "TestConnectionEndpoint.test_actual_invalid_key_behavior": {"executed_lines": [], "summary": {"covered_lines": 0, "num_statements": 5, "percent_covered": 0.0, "percent_covered_display": "0", "missing_lines": 5, "excluded_lines": 0, "percent_statements_covered": 0.0, "percent_statements_covered_display": "0"}, "missing_lines": [133, 135, 145, 146, 149], "excluded_lines": []}, "": {"executed_lines": [1, 4, 5, 6, 7, 8, 12, 13, 14, 17, 20, 21, 23, 52, 77, 105, 127, 152], "summary": {"covered_lines": 16, "num_statements": 17, "percent_covered": 94.11764705882354, "percent_covered_display": "94", "missing_lines": 1, "excluded_lines": 0, "percent_statements_covered": 94.11764705882354, "percent_statements_covered_display": "94"}, "missing_lines": [154], "excluded_lines": []}}, "classes": {"TestConnectionEndpoint": {"executed_lines": [55, 56, 62, 72, 73, 74, 75], "summary": {"covered_lines": 7, "num_statements": 46, "percent_covered": 15.217391304347826, "percent_covered_display": "15", "missing_lines": 39, "excluded_lines": 0, "percent_statements_covered": 15.217391304347826, "percent_statements_covered_display": "15"}, "missing_lines": [26, 27, 28, 29, 30, 32, 42, 43, 44, 45, 48, 49, 50, 79, 80, 81, 82, 83, 84, 86, 96, 97, 98, 101, 102, 103, 107, 109, 110, 112, 122, 123, 124, 125, 133, 135, 145, 146, 149], "excluded_lines": []}, "": {"executed_lines": [1, 4, 5, 6, 7, 8, 12, 13, 14, 17, 20, 21, 23, 52, 77, 105, 127, 152], "summary": {"covered_lines": 16, "num_statements": 17, "percent_covered": 94.11764705882354, "percent_covered_display": "94", "missing_lines": 1, "excluded_lines": 0, "percent_statements_covered": 94.11764705882354, "percent_statements_covered_display": "94"}, "missing_lines": [154], "excluded_lines": []}}}, "tests/integration/test_optimization_workflow.py": {"executed_lines": [], "summary": {"covered_lines": 0, "num_statements": 80, "percent_covered": 0.0, "percent_covered_display": "0", "missing_lines": 80, "excluded_lines": 0, "percent_statements_covered": 0.0, "percent_statements_covered_display": "0"}, "missing_lines": [5, 6, 7, 9, 12, 15, 16, 17, 18, 29, 30, 32, 33, 35, 36, 37, 38, 39, 40, 43, 44, 45, 48, 61, 62, 63, 66, 67, 68, 69, 71, 72, 75, 76, 77, 78, 80, 92, 93, 96, 98, 100, 111, 112, 114, 116, 117, 119, 120, 122, 133, 134, 137, 139, 141, 142, 143, 144, 145, 147, 148, 152, 153, 154, 156, 161, 162, 163, 165, 177, 178, 179, 180, 181, 182, 183, 184, 185, 187, 190], "excluded_lines": [], "functions": {"TestOptimizationWorkflow.test_migrate_prompt_integration": {"executed_lines": [], "summary": {"covered_lines": 0, "num_statements": 21, "percent_covered": 0.0, "percent_covered_display": "0", "missing_lines": 21, "excluded_lines": 0, "percent_statements_covered": 0.0, "percent_statements_covered_display": "0"}, "missing_lines": [29, 30, 32, 33, 35, 36, 37, 38, 39, 40, 43, 44, 45, 48, 61, 62, 63, 66, 67, 68, 69], "excluded_lines": []}, "TestOptimizationWorkflow.test_metric_initialization": {"executed_lines": [], "summary": {"covered_lines": 0, "num_statements": 8, "percent_covered": 0.0, "percent_covered_display": "0", "missing_lines": 8, "excluded_lines": 0, "percent_statements_covered": 0.0, "percent_statements_covered_display": "0"}, "missing_lines": [75, 76, 77, 78, 80, 92, 93, 96], "excluded_lines": []}, "TestOptimizationWorkflow.test_missing_dataset_error": {"executed_lines": [], "summary": {"covered_lines": 0, "num_statements": 4, "percent_covered": 0.0, "percent_covered_display": "0", "missing_lines": 4, "excluded_lines": 0, "percent_statements_covered": 0.0, "percent_statements_covered_display": "0"}, "missing_lines": [100, 111, 112, 114], "excluded_lines": []}, "TestOptimizationWorkflow.test_model_initialization": {"executed_lines": [], "summary": {"covered_lines": 0, "num_statements": 6, "percent_covered": 0.0, "percent_covered_display": "0", "missing_lines": 6, "excluded_lines": 0, "percent_statements_covered": 0.0, "percent_statements_covered_display": "0"}, "missing_lines": [119, 120, 122, 133, 134, 137], "excluded_lines": []}, "TestOptimizationWorkflow.test_prompt_enhancement_with_api_key": {"executed_lines": [], "summary": {"covered_lines": 0, "num_statements": 10, "percent_covered": 0.0, "percent_covered_display": "0", "missing_lines": 10, "excluded_lines": 0, "percent_statements_covered": 0.0, "percent_statements_covered_display": "0"}, "missing_lines": [141, 142, 143, 144, 145, 147, 148, 152, 153, 154], "excluded_lines": []}, "TestOptimizationWorkflow.test_optimization_with_nested_field_mappings": {"executed_lines": [], "summary": {"covered_lines": 0, "num_statements": 15, "percent_covered": 0.0, "percent_covered_display": "0", "missing_lines": 15, "excluded_lines": 0, "percent_statements_covered": 0.0, "percent_statements_covered_display": "0"}, "missing_lines": [161, 162, 163, 165, 177, 178, 179, 180, 181, 182, 183, 184, 185, 187, 190], "excluded_lines": []}, "": {"executed_lines": [], "summary": {"covered_lines": 0, "num_statements": 16, "percent_covered": 0.0, "percent_covered_display": "0", "missing_lines": 16, "excluded_lines": 0, "percent_statements_covered": 0.0, "percent_statements_covered_display": "0"}, "missing_lines": [5, 6, 7, 9, 12, 15, 16, 17, 18, 71, 72, 98, 116, 117, 139, 156], "excluded_lines": []}}, "classes": {"TestOptimizationWorkflow": {"executed_lines": [], "summary": {"covered_lines": 0, "num_statements": 64, "percent_covered": 0.0, "percent_covered_display": "0", "missing_lines": 64, "excluded_lines": 0, "percent_statements_covered": 0.0, "percent_statements_covered_display": "0"}, "missing_lines": [29, 30, 32, 33, 35, 36, 37, 38, 39, 40, 43, 44, 45, 48, 61, 62, 63, 66, 67, 68, 69, 75, 76, 77, 78, 80, 92, 93, 96, 100, 111, 112, 114, 119, 120, 122, 133, 134, 137, 141, 142, 143, 144, 145, 147, 148, 152, 153, 154, 161, 162, 163, 165, 177, 178, 179, 180, 181, 182, 183, 184, 185, 187, 190], "excluded_lines": []}, "": {"executed_lines": [], "summary": {"covered_lines": 0, "num_statements": 16, "percent_covered": 0.0, "percent_covered_display": "0", "missing_lines": 16, "excluded_lines": 0, "percent_statements_covered": 0.0, "percent_statements_covered_display": "0"}, "missing_lines": [5, 6, 7, 9, 12, 15, 16, 17, 18, 71, 72, 98, 116, 117, 139, 156], "excluded_lines": []}}}, "tests/integration/test_websocket_optimization.py": {"executed_lines": [], "summary": {"covered_lines": 0, "num_statements": 83, "percent_covered": 0.0, "percent_covered_display": "0", "missing_lines": 83, "excluded_lines": 0, "percent_statements_covered": 0.0, "percent_statements_covered_display": "0"}, "missing_lines": [5, 6, 7, 9, 10, 13, 16, 17, 18, 28, 29, 30, 31, 32, 35, 55, 56, 58, 59, 62, 63, 64, 67, 68, 69, 72, 73, 74, 75, 76, 77, 78, 81, 82, 83, 87, 88, 90, 93, 94, 95, 96, 97, 100, 102, 122, 123, 125, 126, 128, 129, 131, 132, 133, 135, 136, 137, 138, 139, 140, 142, 143, 144, 148, 149, 150, 151, 152, 153, 154, 157, 160, 162, 166, 168, 170, 172, 173, 174, 177, 179, 180, 182], "excluded_lines": [], "functions": {"TestWebSocketOptimization.test_websocket_connection": {"executed_lines": [], "summary": {"covered_lines": 0, "num_statements": 28, "percent_covered": 0.0, "percent_covered_display": "0", "missing_lines": 28, "excluded_lines": 0, "percent_statements_covered": 0.0, "percent_statements_covered_display": "0"}, "missing_lines": [28, 29, 30, 31, 32, 35, 55, 56, 58, 59, 62, 63, 64, 67, 68, 69, 72, 73, 74, 75, 76, 77, 78, 81, 82, 83, 87, 88], "excluded_lines": []}, "TestWebSocketOptimization.test_websocket_progress_messages": {"executed_lines": [], "summary": {"covered_lines": 0, "num_statements": 37, "percent_covered": 0.0, "percent_covered_display": "0", "missing_lines": 37, "excluded_lines": 0, "percent_statements_covered": 0.0, "percent_statements_covered_display": "0"}, "missing_lines": [93, 94, 95, 96, 97, 100, 102, 122, 123, 125, 126, 128, 129, 131, 132, 133, 135, 136, 137, 138, 139, 140, 142, 143, 144, 148, 149, 150, 151, 152, 153, 154, 157, 160, 162, 166, 168], "excluded_lines": []}, "TestWebSocketOptimization.test_websocket_error_handling": {"executed_lines": [], "summary": {"covered_lines": 0, "num_statements": 7, "percent_covered": 0.0, "percent_covered_display": "0", "missing_lines": 7, "excluded_lines": 0, "percent_statements_covered": 0.0, "percent_statements_covered_display": "0"}, "missing_lines": [172, 173, 174, 177, 179, 180, 182], "excluded_lines": []}, "": {"executed_lines": [], "summary": {"covered_lines": 0, "num_statements": 11, "percent_covered": 0.0, "percent_covered_display": "0", "missing_lines": 11, "excluded_lines": 0, "percent_statements_covered": 0.0, "percent_statements_covered_display": "0"}, "missing_lines": [5, 6, 7, 9, 10, 13, 16, 17, 18, 90, 170], "excluded_lines": []}}, "classes": {"TestWebSocketOptimization": {"executed_lines": [], "summary": {"covered_lines": 0, "num_statements": 72, "percent_covered": 0.0, "percent_covered_display": "0", "missing_lines": 72, "excluded_lines": 0, "percent_statements_covered": 0.0, "percent_statements_covered_display": "0"}, "missing_lines": [28, 29, 30, 31, 32, 35, 55, 56, 58, 59, 62, 63, 64, 67, 68, 69, 72, 73, 74, 75, 76, 77, 78, 81, 82, 83, 87, 88, 93, 94, 95, 96, 97, 100, 102, 122, 123, 125, 126, 128, 129, 131, 132, 133, 135, 136, 137, 138, 139, 140, 142, 143, 144, 148, 149, 150, 151, 152, 153, 154, 157, 160, 162, 166, 168, 172, 173, 174, 177, 179, 180, 182], "excluded_lines": []}, "": {"executed_lines": [], "summary": {"covered_lines": 0, "num_statements": 11, "percent_covered": 0.0, "percent_covered_display": "0", "missing_lines": 11, "excluded_lines": 0, "percent_statements_covered": 0.0, "percent_statements_covered_display": "0"}, "missing_lines": [5, 6, 7, 9, 10, 13, 16, 17, 18, 90, 170], "excluded_lines": []}}}, "tests/unit/__init__.py": {"executed_lines": [], "summary": {"covered_lines": 0, "num_statements": 0, "percent_covered": 100.0, "percent_covered_display": "100", "missing_lines": 0, "excluded_lines": 0, "percent_statements_covered": 100.0, "percent_statements_covered_display": "100"}, "missing_lines": [], "excluded_lines": [], "functions": {"": {"executed_lines": [], "summary": {"covered_lines": 0, "num_statements": 0, "percent_covered": 100.0, "percent_covered_display": "100", "missing_lines": 0, "excluded_lines": 0, "percent_statements_covered": 100.0, "percent_statements_covered_display": "100"}, "missing_lines": [], "excluded_lines": []}}, "classes": {"": {"executed_lines": [], "summary": {"covered_lines": 0, "num_statements": 0, "percent_covered": 100.0, "percent_covered_display": "100", "missing_lines": 0, "excluded_lines": 0, "percent_statements_covered": 100.0, "percent_statements_covered_display": "100"}, "missing_lines": [], "excluded_lines": []}}}, "tests/unit/test_config_transformer.py": {"executed_lines": [], "summary": {"covered_lines": 0, "num_statements": 36, "percent_covered": 0.0, "percent_covered_display": "0", "missing_lines": 36, "excluded_lines": 0, "percent_statements_covered": 0.0, "percent_statements_covered_display": "0"}, "missing_lines": [5, 6, 9, 12, 14, 15, 17, 18, 19, 20, 21, 23, 25, 35, 36, 38, 42, 43, 45, 47, 57, 58, 60, 64, 65, 66, 68, 70, 80, 81, 83, 85, 87, 97, 98, 100], "excluded_lines": [], "functions": {"TestConfigurationTransformer.test_transform_basic_qa_config": {"executed_lines": [], "summary": {"covered_lines": 0, "num_statements": 7, "percent_covered": 0.0, "percent_covered_display": "0", "missing_lines": 7, "excluded_lines": 0, "percent_statements_covered": 0.0, "percent_statements_covered_display": "0"}, "missing_lines": [14, 15, 17, 18, 19, 20, 21], "excluded_lines": []}, "TestConfigurationTransformer.test_dataset_adapter_mapping_qa": {"executed_lines": [], "summary": {"covered_lines": 0, "num_statements": 6, "percent_covered": 0.0, "percent_covered_display": "0", "missing_lines": 6, "excluded_lines": 0, "percent_statements_covered": 0.0, "percent_statements_covered_display": "0"}, "missing_lines": [25, 35, 36, 38, 42, 43], "excluded_lines": []}, "TestConfigurationTransformer.test_rag_adapter_configuration": {"executed_lines": [], "summary": {"covered_lines": 0, "num_statements": 7, "percent_covered": 0.0, "percent_covered_display": "0", "missing_lines": 7, "excluded_lines": 0, "percent_statements_covered": 0.0, "percent_statements_covered_display": "0"}, "missing_lines": [47, 57, 58, 60, 64, 65, 66], "excluded_lines": []}, "TestConfigurationTransformer.test_metric_mapping": {"executed_lines": [], "summary": {"covered_lines": 0, "num_statements": 4, "percent_covered": 0.0, "percent_covered_display": "0", "missing_lines": 4, "excluded_lines": 0, "percent_statements_covered": 0.0, "percent_statements_covered_display": "0"}, "missing_lines": [70, 80, 81, 83], "excluded_lines": []}, "TestConfigurationTransformer.test_nested_field_mappings": {"executed_lines": [], "summary": {"covered_lines": 0, "num_statements": 4, "percent_covered": 0.0, "percent_covered_display": "0", "missing_lines": 4, "excluded_lines": 0, "percent_statements_covered": 0.0, "percent_statements_covered_display": "0"}, "missing_lines": [87, 97, 98, 100], "excluded_lines": []}, "": {"executed_lines": [], "summary": {"covered_lines": 0, "num_statements": 8, "percent_covered": 0.0, "percent_covered_display": "0", "missing_lines": 8, "excluded_lines": 0, "percent_statements_covered": 0.0, "percent_statements_covered_display": "0"}, "missing_lines": [5, 6, 9, 12, 23, 45, 68, 85], "excluded_lines": []}}, "classes": {"TestConfigurationTransformer": {"executed_lines": [], "summary": {"covered_lines": 0, "num_statements": 28, "percent_covered": 0.0, "percent_covered_display": "0", "missing_lines": 28, "excluded_lines": 0, "percent_statements_covered": 0.0, "percent_statements_covered_display": "0"}, "missing_lines": [14, 15, 17, 18, 19, 20, 21, 25, 35, 36, 38, 42, 43, 47, 57, 58, 60, 64, 65, 66, 70, 80, 81, 83, 87, 97, 98, 100], "excluded_lines": []}, "": {"executed_lines": [], "summary": {"covered_lines": 0, "num_statements": 8, "percent_covered": 0.0, "percent_covered_display": "0", "missing_lines": 8, "excluded_lines": 0, "percent_statements_covered": 0.0, "percent_statements_covered_display": "0"}, "missing_lines": [5, 6, 9, 12, 23, 45, 68, 85], "excluded_lines": []}}}, "tests/unit/test_routes_datasets.py": {"executed_lines": [], "summary": {"covered_lines": 0, "num_statements": 59, "percent_covered": 0.0, "percent_covered_display": "0", "missing_lines": 59, "excluded_lines": 0, "percent_statements_covered": 0.0, "percent_statements_covered_display": "0"}, "missing_lines": [5, 6, 7, 9, 12, 15, 17, 24, 25, 26, 27, 28, 30, 32, 37, 38, 40, 42, 49, 50, 52, 54, 59, 60, 62, 64, 69, 70, 72, 74, 76, 77, 78, 79, 81, 82, 87, 88, 94, 97, 98, 99, 101, 102, 104, 105, 106, 108, 111, 112, 113, 115, 116, 118, 119, 121, 123, 124, 126], "excluded_lines": [], "functions": {"TestDatasetsRoutes.test_upload_dataset_success": {"executed_lines": [], "summary": {"covered_lines": 0, "num_statements": 6, "percent_covered": 0.0, "percent_covered_display": "0", "missing_lines": 6, "excluded_lines": 0, "percent_statements_covered": 0.0, "percent_statements_covered_display": "0"}, "missing_lines": [17, 24, 25, 26, 27, 28], "excluded_lines": []}, "TestDatasetsRoutes.test_upload_dataset_invalid_json": {"executed_lines": [], "summary": {"covered_lines": 0, "num_statements": 3, "percent_covered": 0.0, "percent_covered_display": "0", "missing_lines": 3, "excluded_lines": 0, "percent_statements_covered": 0.0, "percent_statements_covered_display": "0"}, "missing_lines": [32, 37, 38], "excluded_lines": []}, "TestDatasetsRoutes.test_upload_dataset_non_array": {"executed_lines": [], "summary": {"covered_lines": 0, "num_statements": 3, "percent_covered": 0.0, "percent_covered_display": "0", "missing_lines": 3, "excluded_lines": 0, "percent_statements_covered": 0.0, "percent_statements_covered_display": "0"}, "missing_lines": [42, 49, 50], "excluded_lines": []}, "TestDatasetsRoutes.test_upload_dataset_empty_array": {"executed_lines": [], "summary": {"covered_lines": 0, "num_statements": 3, "percent_covered": 0.0, "percent_covered_display": "0", "missing_lines": 3, "excluded_lines": 0, "percent_statements_covered": 0.0, "percent_statements_covered_display": "0"}, "missing_lines": [54, 59, 60], "excluded_lines": []}, "TestDatasetsRoutes.test_upload_non_json_file": {"executed_lines": [], "summary": {"covered_lines": 0, "num_statements": 3, "percent_covered": 0.0, "percent_covered_display": "0", "missing_lines": 3, "excluded_lines": 0, "percent_statements_covered": 0.0
[...]
api_key": {"executed_lines": [], "summary": {"covered_lines": 0, "num_statements": 4, "percent_covered": 0.0, "percent_covered_display": "0", "missing_lines": 4, "excluded_lines": 0, "percent_statements_covered": 0.0, "percent_statements_covered_display": "0"}, "missing_lines": [69, 71, 73, 74], "excluded_lines": []}, "TestCreateLLMCompletion.test_completion_with_custom_temperature": {"executed_lines": [], "summary": {"covered_lines": 0, "num_statements": 4, "percent_covered": 0.0, "percent_covered_display": "0", "missing_lines": 4, "excluded_lines": 0, "percent_statements_covered": 0.0, "percent_statements_covered_display": "0"}, "missing_lines": [79, 81, 83, 84], "excluded_lines": []}, "TestCreateLLMCompletion.test_completion_with_api_base": {"executed_lines": [], "summary": {"covered_lines": 0, "num_statements": 4, "percent_covered": 0.0, "percent_covered_display": "0", "missing_lines": 4, "excluded_lines": 0, "percent_statements_covered": 0.0, "percent_statements_covered_display": "0"}, "missing_lines": [89, 91, 95, 96], "excluded_lines": []}, "TestGetUploadedDatasets.test_returns_empty_list_when_no_datasets": {"executed_lines": [], "summary": {"covered_lines": 0, "num_statements": 3, "percent_covered": 0.0, "percent_covered_display": "0", "missing_lines": 3, "excluded_lines": 0, "percent_statements_covered": 0.0, "percent_statements_covered_display": "0"}, "missing_lines": [104, 105, 106], "excluded_lines": []}, "TestGetUploadedDatasets.test_returns_dataset_list": {"executed_lines": [], "summary": {"covered_lines": 0, "num_statements": 9, "percent_covered": 0.0, "percent_covered_display": "0", "missing_lines": 9, "excluded_lines": 0, "percent_statements_covered": 0.0, "percent_statements_covered_display": "0"}, "missing_lines": [111, 112, 113, 115, 116, 118, 119, 120, 121], "excluded_lines": []}, "TestGetUploadedDatasets.test_handles_invalid_json_gracefully": {"executed_lines": [], "summary": {"covered_lines": 0, "num_statements": 6, "percent_covered": 0.0, "percent_covered_display": "0", "missing_lines": 6, "excluded_lines": 0, "percent_statements_covered": 0.0, "percent_statements_covered_display": "0"}, "missing_lines": [126, 127, 128, 130, 131, 133], "excluded_lines": []}, "TestGetUploadedDatasets.test_ignores_non_json_files": {"executed_lines": [], "summary": {"covered_lines": 0, "num_statements": 6, "percent_covered": 0.0, "percent_covered_display": "0", "missing_lines": 6, "excluded_lines": 0, "percent_statements_covered": 0.0, "percent_statements_covered_display": "0"}, "missing_lines": [138, 139, 140, 142, 143, 144], "excluded_lines": []}, "TestGetUploadedDatasets.test_preview_limited_to_three_records": {"executed_lines": [], "summary": {"covered_lines": 0, "num_statements": 8, "percent_covered": 0.0, "percent_covered_display": "0", "missing_lines": 8, "excluded_lines": 0, "percent_statements_covered": 0.0, "percent_statements_covered_display": "0"}, "missing_lines": [149, 150, 151, 152, 154, 155, 156, 157], "excluded_lines": []}, "TestGenerateUniqueProjectName.test_returns_base_name_when_available": {"executed_lines": [], "summary": {"covered_lines": 0, "num_statements": 2, "percent_covered": 0.0, "percent_covered_display": "0", "missing_lines": 2, "excluded_lines": 0, "percent_statements_covered": 0.0, "percent_statements_covered_display": "0"}, "missing_lines": [165, 166], "excluded_lines": []}, "TestGenerateUniqueProjectName.test_adds_suffix_when_exists": {"executed_lines": [], "summary": {"covered_lines": 0, "num_statements": 3, "percent_covered": 0.0, "percent_covered_display": "0", "missing_lines": 3, "excluded_lines": 0, "percent_statements_covered": 0.0, "percent_statements_covered_display": "0"}, "missing_lines": [171, 173, 174], "excluded_lines": []}, "TestGenerateUniqueProjectName.test_increments_suffix_multiple_times": {"executed_lines": [], "summary": {"covered_lines": 0, "num_statements": 5, "percent_covered": 0.0, "percent_covered_display": "0", "missing_lines": 5, "excluded_lines": 0, "percent_statements_covered": 0.0, "percent_statements_covered_display": "0"}, "missing_lines": [179, 180, 181, 183, 184], "excluded_lines": []}, "TestGenerateUniqueProjectName.test_safety_limit_uses_timestamp": {"executed_lines": [], "summary": {"covered_lines": 0, "num_statements": 4, "percent_covered": 0.0, "percent_covered_display": "0", "missing_lines": 4, "excluded_lines": 0, "percent_statements_covered": 0.0, "percent_statements_covered_display": "0"}, "missing_lines": [189, 190, 191, 192], "excluded_lines": []}, "TestStreamingLogHandler.test_handler_sends_log_to_websocket": {"executed_lines": [], "summary": {"covered_lines": 0, "num_statements": 6, "percent_covered": 0.0, "percent_covered_display": "0", "missing_lines": 6, "excluded_lines": 0, "percent_statements_covered": 0.0, "percent_statements_covered_display": "0"}, "missing_lines": [201, 202, 205, 215, 218, 221], "excluded_lines": []}, "TestStreamingLogHandler.test_handler_marks_closed_on_error": {"executed_lines": [], "summary": {"covered_lines": 0, "num_statements": 10, "percent_covered": 0.0, "percent_covered_display": "0", "missing_lines": 10, "excluded_lines": 0, "percent_statements_covered": 0.0, "percent_statements_covered_display": "0"}, "missing_lines": [225, 226, 227, 229, 231, 232, 234, 240, 241, 244], "excluded_lines": []}, "TestStreamingLogHandler.test_close_marks_handler_as_closed": {"executed_lines": [], "summary": {"covered_lines": 0, "num_statements": 4, "percent_covered": 0.0, "percent_covered_display": "0", "missing_lines": 4, "excluded_lines": 0, "percent_statements_covered": 0.0, "percent_statements_covered_display": "0"}, "missing_lines": [248, 249, 251, 252], "excluded_lines": []}, "TestOptimizationManager.test_send_status": {"executed_lines": [], "summary": {"covered_lines": 0, "num_statements": 8, "percent_covered": 0.0, "percent_covered_display": "0", "missing_lines": 8, "excluded_lines": 0, "percent_statements_covered": 0.0, "percent_statements_covered_display": "0"}, "missing_lines": [261, 262, 264, 266, 267, 268, 269, 270], "excluded_lines": []}, "TestOptimizationManager.test_send_progress": {"executed_lines": [], "summary": {"covered_lines": 0, "num_statements": 9, "percent_covered": 0.0, "percent_covered_display": "0", "missing_lines": 9, "excluded_lines": 0, "percent_statements_covered": 0.0, "percent_statements_covered_display": "0"}, "missing_lines": [275, 276, 278, 280, 281, 282, 283, 284, 285], "excluded_lines": []}, "TestOptimizationManager.test_send_result": {"executed_lines": [], "summary": {"covered_lines": 0, "num_statements": 9, "percent_covered": 0.0, "percent_covered_display": "0", "missing_lines": 9, "excluded_lines": 0, "percent_statements_covered": 0.0, "percent_statements_covered_display": "0"}, "missing_lines": [290, 291, 293, 294, 296, 297, 298, 299, 300], "excluded_lines": []}, "TestOptimizationManager.test_send_error": {"executed_lines": [], "summary": {"covered_lines": 0, "num_statements": 7, "percent_covered": 0.0, "percent_covered_display": "0", "missing_lines": 7, "excluded_lines": 0, "percent_statements_covered": 0.0, "percent_statements_covered_display": "0"}, "missing_lines": [305, 306, 308, 310, 311, 312, 313], "excluded_lines": []}, "TestOptimizationManager.test_setup_log_streaming": {"executed_lines": [], "summary": {"covered_lines": 0, "num_statements": 5, "percent_covered": 0.0, "percent_covered_display": "0", "missing_lines": 5, "excluded_lines": 0, "percent_statements_covered": 0.0, "percent_statements_covered_display": "0"}, "missing_lines": [317, 318, 320, 322, 323], "excluded_lines": []}, "TestOptimizationManager.test_cleanup_log_streaming": {"executed_lines": [], "summary": {"covered_lines": 0, "num_statements": 7, "percent_covered": 0.0, "percent_covered_display": "0", "missing_lines": 7, "excluded_lines": 0, "percent_statements_covered": 0.0, "percent_statements_covered_display": "0"}, "missing_lines": [327, 328, 330, 331, 333, 336, 337], "excluded_lines": []}, "": {"executed_lines": [], "summary": {"covered_lines": 0, "num_statements": 49, "percent_covered": 0.0, "percent_covered_display": "0", "missing_lines": 49, "excluded_lines": 0, "percent_statements_covered": 0.0, "percent_statements_covered_display": "0"}, "missing_lines": [5, 6, 7, 8, 9, 10, 12, 13, 23, 26, 31, 37, 42, 48, 51, 52, 66, 67, 76, 77, 86, 87, 99, 102, 108, 123, 135, 146, 160, 163, 168, 176, 186, 195, 198, 199, 223, 246, 255, 258, 259, 272, 273, 287, 288, 302, 303, 315, 325], "excluded_lines": []}}, "classes": {"TestLoadClassDynamically": {"executed_lines": [], "summary": {"covered_lines": 0, "num_statements": 8, "percent_covered": 0.0, "percent_covered_display": "0", "missing_lines": 8, "excluded_lines": 0, "percent_statements_covered": 0.0, "percent_statements_covered_display": "0"}, "missing_lines": [28, 29, 34, 35, 39, 40, 44, 45], "excluded_lines": []}, "TestCreateLLMCompletion": {"executed_lines": [], "summary": {"covered_lines": 0, "num_statements": 18, "percent_covered": 0.0, "percent_covered_display": "0", "missing_lines": 18, "excluded_lines": 0, "percent_statements_covered": 0.0, "percent_statements_covered_display": "0"}, "missing_lines": [54, 56, 61, 62, 63, 64, 69, 71, 73, 74, 79, 81, 83, 84, 89, 91, 95, 96], "excluded_lines": []}, "TestGetUploadedDatasets": {"executed_lines": [], "summary": {"covered_lines": 0, "num_statements": 32, "percent_covered": 0.0, "percent_covered_display": "0", "missing_lines": 32, "excluded_lines": 0, "percent_statements_covered": 0.0, "percent_statements_covered_display": "0"}, "missing_lines": [104, 105, 106, 111, 112, 113, 115, 116, 118, 119, 120, 121, 126, 127, 128, 130, 131, 133, 138, 139, 140, 142, 143, 144, 149, 150, 151, 152, 154, 155, 156, 157], "excluded_lines": []}, "TestGenerateUniqueProjectName": {"executed_lines": [], "summary": {"covered_lines": 0, "num_statements": 14, "percent_covered": 0.0, "percent_covered_display": "0", "missing_lines": 14, "excluded_lines": 0, "percent_statements_covered": 0.0, "percent_statements_covered_display": "0"}, "missing_lines": [165, 166, 171, 173, 174, 179, 180, 181, 183, 184, 189, 190, 191, 192], "excluded_lines": []}, "TestStreamingLogHandler": {"executed_lines": [], "summary": {"covered_lines": 0, "num_statements": 20, "percent_covered": 0.0, "percent_covered_display": "0", "missing_lines": 20, "excluded_lines": 0, "percent_statements_covered": 0.0, "percent_statements_covered_display": "0"}, "missing_lines": [201, 202, 205, 215, 218, 221, 225, 226, 227, 229, 231, 232, 234, 240, 241, 244, 248, 249, 251, 252], "excluded_lines": []}, "TestOptimizationManager": {"executed_lines": [], "summary": {"covered_lines": 0, "num_statements": 45, "percent_covered": 0.0, "percent_covered_display": "0", "missing_lines": 45, "excluded_lines": 0, "percent_statements_covered": 0.0, "percent_statements_covered_display": "0"}, "missing_lines": [261, 262, 264, 266, 267, 268, 269, 270, 275, 276, 278, 280, 281, 282, 283, 284, 285, 290, 291, 293, 294, 296, 297, 298, 299, 300, 305, 306, 308, 310, 311, 312, 313, 317, 318, 320, 322, 323, 327, 328, 330, 331, 333, 336, 337], "excluded_lines": []}, "": {"executed_lines": [], "summary": {"covered_lines": 0, "num_statements": 49, "percent_covered": 0.0, "percent_covered_display": "0", "missing_lines": 49, "excluded_lines": 0, "percent_statements_covered": 0.0, "percent_statements_covered_display": "0"}, "missing_lines": [5, 6, 7, 8, 9, 10, 12, 13, 23, 26, 31, 37, 42, 48, 51, 52, 66, 67, 76, 77, 86, 87, 99, 102, 108, 123, 135, 146, 160, 163, 168, 176, 186, 195, 198, 199, 223, 246, 255, 258, 259, 272, 273, 287, 288, 302, 303, 315, 325], "excluded_lines": []}}}, "utils.py": {"executed_lines": [1, 5, 6, 7, 8, 9, 10, 11, 13, 14, 15, 18, 25, 77, 113, 148, 149, 151, 157, 177, 204, 210, 211, 213, 217, 223, 234, 238, 242, 258], "summary": {"covered_lines": 27, "num_statements": 111, "percent_covered": 24.324324324324323, "percent_covered_display": "24", "missing_lines": 84, "excluded_lines": 0, "percent_statements_covered": 24.324324324324323, "percent_statements_covered_display": "24"}, "missing_lines": [20, 21, 22, 50, 59, 60, 63, 64, 68, 70, 74, 79, 80, 81, 82, 83, 84, 85, 86, 88, 93, 106, 107, 110, 124, 127, 128, 131, 132, 133, 134, 136, 137, 139, 142, 144, 145, 152, 153, 154, 155, 160, 161, 163, 164, 166, 167, 168, 169, 170, 172, 173, 175, 179, 180, 182, 184, 185, 187, 188, 189, 191, 200, 202, 206, 207, 214, 215, 219, 225, 236, 240, 244, 245, 248, 255, 256, 260, 261, 268, 269, 270, 271, 273], "excluded_lines": [], "functions": {"load_class_dynamically": {"executed_lines": [], "summary": {"covered_lines": 0, "num_statements": 3, "percent_covered": 0.0, "percent_covered_display": "0", "missing_lines": 3, "excluded_lines": 0, "percent_statements_covered": 0.0, "percent_statements_covered_display": "0"}, "missing_lines": [20, 21, 22], "excluded_lines": []}, "create_llm_completion": {"executed_lines": [], "summary": {"covered_lines": 0, "num_statements": 8, "percent_covered": 0.0, "percent_covered_display": "0", "missing_lines": 8, "excluded_lines": 0, "percent_statements_covered": 0.0, "percent_statements_covered_display": "0"}, "missing_lines": [50, 59, 60, 63, 64, 68, 70, 74], "excluded_lines": []}, "get_uploaded_datasets": {"executed_lines": [], "summary": {"covered_lines": 0, "num_statements": 13, "percent_covered": 0.0, "percent_covered_display": "0", "missing_lines": 13, "excluded_lines": 0, "percent_statements_covered": 0.0, "percent_statements_covered_display": "0"}, "missing_lines": [79, 80, 81, 82, 83, 84, 85, 86, 88, 93, 106, 107, 110], "excluded_lines": []}, "generate_unique_project_name": {"executed_lines": [], "summary": {"covered_lines": 0, "num_statements": 13, "percent_covered": 0.0, "percent_covered_display": "0", "missing_lines": 13, "excluded_lines": 0, "percent_statements_covered": 0.0, "percent_statements_covered_display": "0"}, "missing_lines": [124, 127, 128, 131, 132, 133, 134, 136, 137, 139, 142, 144, 145], "excluded_lines": []}, "StreamingLogHandler.__init__": {"executed_lines": [], "summary": {"covered_lines": 0, "num_statements": 4, "percent_covered": 0.0, "percent_covered_display": "0", "missing_lines": 4, "excluded_lines": 0, "percent_statements_covered": 0.0, "percent_statements_covered_display": "0"}, "missing_lines": [152, 153, 154, 155], "excluded_lines": []}, "StreamingLogHandler.emit": {"executed_lines": [], "summary": {"covered_lines": 0, "num_statements": 12, "percent_covered": 0.0, "percent_covered_display": "0", "missing_lines": 12, "excluded_lines": 0, "percent_statements_covered": 0.0, "percent_statements_covered_display": "0"}, "missing_lines": [160, 161, 163, 164, 166, 167, 168, 169, 170, 172, 173, 175], "excluded_lines": []}, "StreamingLogHandler._send_log_safe": {"executed_lines": [], "summary": {"covered_lines": 0, "num_statements": 11, "percent_covered": 0.0, "percent_covered_display": "0", "missing_lines": 11, "excluded_lines": 0, "percent_statements_covered": 0.0, "percent_statements_covered_display": "0"}, "missing_lines": [179, 180, 182, 184, 185, 187, 188, 189, 191, 200, 202], "excluded_lines": []}, "StreamingLogHandler.close": {"executed_lines": [], "summary": {"covered_lines": 0, "num_statements": 2, "percent_covered": 0.0, "percent_covered_display": "0", "missing_lines": 2, "excluded_lines": 0, "percent_statements_covered": 0.0, "percent_statements_covered_display": "0"}, "missing_lines": [206, 207], "excluded_lines": []}, "OptimizationManager.__init__": {"executed_lines": [], "summary": {"covered_lines": 0, "num_statements": 2, "percent_covered": 0.0, "percent_covered_display": "0", "missing_lines": 2, "excluded_lines": 0, "percent_statements_covered": 0.0, "percent_statements_covered_display": "0"}, "missing_lines": [214, 215], "excluded_lines": []}, "OptimizationManager.send_status": {"executed_lines": [], "summary": {"covered_lines": 0, "num_statements": 1, "percent_covered": 0.0, "percent_covered_display": "0", "missing_lines": 1, "excluded_lines": 0, "percent_statements_covered": 0.0, "percent_statements_covered_display": "0"}, "missing_lines": [219], "excluded_lines": []}, "OptimizationManager.send_progress": {"executed_lines": [], "summary": {"covered_lines": 0, "num_statements": 1, "percent_covered": 0.0, "percent_covered_display": "0", "missing_lines": 1, "excluded_lines": 0, "percent_statements_covered": 0.0, "percent_statements_covered_display": "0"}, "missing_lines": [225], "excluded_lines": []}, "OptimizationManager.send_result": {"executed_lines": [], "summary": {"covered_lines": 0, "num_statements": 1, "percent_covered": 0.0, "percent_covered_display": "0", "missing_lines": 1, "excluded_lines": 0, "percent_statements_covered": 0.0, "percent_statements_covered_display": "0"}, "missing_lines": [236], "excluded_lines": []}, "OptimizationManager.send_error": {"executed_lines": [], "summary": {"covered_lines": 0, "num_statements": 1, "percent_covered": 0.0, "percent_covered_display": "0", "missing_lines": 1, "excluded_lines": 0, "percent_statements_covered": 0.0, "percent_statements_covered_display": "0"}, "missing_lines": [240], "excluded_lines": []}, "OptimizationManager.setup_log_streaming": {"executed_lines": [], "summary": {"covered_lines": 0, "num_statements": 5, "percent_covered": 0.0, "percent_covered_display": "0", "missing_lines": 5, "excluded_lines": 0, "percent_statements_covered": 0.0, "percent_statements_covered_display": "0"}, "missing_lines": [244, 245, 248, 255, 256], "excluded_lines": []}, "OptimizationManager.cleanup_log_streaming": {"executed_lines": [], "summary": {"covered_lines": 0, "num_statements": 7, "percent_covered": 0.0, "percent_covered_display": "0", "missing_lines": 7, "excluded_lines": 0, "percent_statements_covered": 0.0, "percent_statements_covered_display": "0"}, "missing_lines": [260, 261, 268, 269, 270, 271, 273], "excluded_lines": []}, "": {"executed_lines": [1, 5, 6, 7, 8, 9, 10, 11, 13, 14, 15, 18, 25, 77, 113, 148, 149, 151, 157, 177, 204, 210, 211, 213, 217, 223, 234, 238, 242, 258], "summary": {"covered_lines": 27, "num_statements": 27, "percent_covered": 100.0, "percent_covered_display": "100", "missing_lines": 0, "excluded_lines": 0, "percent_statements_covered": 100.0, "percent_statements_covered_display": "100"}, "missing_lines": [], "excluded_lines": []}}, "classes": {"StreamingLogHandler": {"executed_lines": [], "summary": {"covered_lines": 0, "num_statements": 29, "percent_covered": 0.0, "percent_covered_display": "0", "missing_lines": 29, "excluded_lines": 0, "percent_statements_covered": 0.0, "percent_statements_covered_display": "0"}, "missing_lines": [152, 153, 154, 155, 160, 161, 163, 164, 166, 167, 168, 169, 170, 172, 173, 175, 179, 180, 182, 184, 185, 187, 188, 189, 191, 200, 202, 206, 207], "excluded_lines": []}, "OptimizationManager": {"executed_lines": [], "summary": {"covered_lines": 0, "num_statements": 18, "percent_covered": 0.0, "percent_covered_display": "0", "missing_lines": 18, "excluded_lines": 0, "percent_statements_covered": 0.0, "percent_statements_covered_display": "0"}, "missing_lines": [214, 215, 219, 225, 236, 240, 244, 245, 248, 255, 256, 260, 261, 268, 269, 270, 271, 273], "excluded_lines": []}, "": {"executed_lines": [1, 5, 6, 7, 8, 9, 10, 11, 13, 14, 15, 18, 25, 77, 113, 148, 149, 151, 157, 177, 204, 210, 211, 213, 217, 223, 234, 238, 242, 258], "summary": {"covered_lines": 27, "num_statements": 64, "percent_covered": 42.1875, "percent_covered_display": "42", "missing_lines": 37, "excluded_lines": 0, "percent_statements_covered": 42.1875, "percent_statements_covered_display": "42"}, "missing_lines": [20, 21, 22, 50, 59, 60, 63, 64, 68, 70, 74, 79, 80, 81, 82, 83, 84, 85, 86, 88, 93, 106, 107, 110, 124, 127, 128, 131, 132, 133, 134, 136, 137, 139, 142, 144, 145], "excluded_lines": []}}}}, "totals": {"covered_lines": 391, "num_statements": 1986, "percent_covered": 19.68781470292044, "percent_covered_display": "20", "missing_lines": 1595, "excluded_lines": 0, "percent_statements_covered": 19.68781470292044, "percent_statements_covered_display": "20"}}
