{"meta": {"format": 3, "version": "7.13.0", "timestamp": "2025-12-18T15:51:42.979461", "branch_coverage": false, "show_contexts": false}, "files": {"config.py": {"executed_lines": [1, 5, 7, 10, 13, 22, 71, 105, 110, 150, 153, 154, 157, 160, 163, 164, 167, 168], "summary": {"covered_lines": 17, "num_statements": 17, "percent_covered": 100.0, "percent_covered_display": "100", "missing_lines": 0, "excluded_lines": 0, "percent_statements_covered": 100.0, "percent_statements_covered_display": "100"}, "missing_lines": [], "excluded_lines": [], "functions": {"": {"executed_lines": [1, 5, 7, 10, 13, 22, 71, 105, 110, 150, 153, 154, 157, 160, 163, 164, 167, 168], "summary": {"covered_lines": 17, "num_statements": 17, "percent_covered": 100.0, "percent_covered_display": "100", "missing_lines": 0, "excluded_lines": 0, "percent_statements_covered": 100.0, "percent_statements_covered_display": "100"}, "missing_lines": [], "excluded_lines": []}}, "classes": {"": {"executed_lines": [1, 5, 7, 10, 13, 22, 71, 105, 110, 150, 153, 154, 157, 160, 163, 164, 167, 168], "summary": {"covered_lines": 17, "num_statements": 17, "percent_covered": 100.0, "percent_covered_display": "100", "missing_lines": 0, "excluded_lines": 0, "percent_statements_covered": 100.0, "percent_statements_covered_display": "100"}, "missing_lines": [], "excluded_lines": []}}}, "config_transformer.py": {"executed_lines": [1, 6, 7, 8, 10, 13, 14, 19, 43, 54, 60, 93, 106, 109, 114, 119, 122, 125, 129, 131, 133, 139, 141, 143, 149, 152, 155, 158, 159, 164, 216, 239, 241, 257, 261, 263, 265, 267, 270, 338, 342, 343, 346, 347, 348, 351, 354, 357, 358, 363, 366, 369, 379, 408, 410, 412, 413, 415, 418, 433, 435, 439, 441, 443, 452, 454, 470, 487, 489, 491, 492, 494, 496, 510, 511, 514, 515, 516, 517, 520, 521, 522, 525, 526, 529, 530, 531, 534, 537, 539, 546, 549, 550, 552, 554, 557, 558, 560, 561, 565, 566, 567, 569, 570, 571, 574, 575, 576, 577, 578, 580, 582, 584, 660, 670, 672, 673, 675], "summary": {"covered_lines": 116, "num_statements": 199, "percent_covered": 58.29145728643216, "percent_covered_display": "58", "missing_lines": 83, "excluded_lines": 0, "percent_statements_covered": 58.29145728643216, "percent_statements_covered_display": "58"}, "missing_lines": [166, 168, 170, 178, 187, 188, 191, 192, 193, 194, 197, 198, 199, 200, 203, 204, 205, 206, 209, 212, 218, 220, 222, 225, 228, 233, 243, 249, 277, 280, 281, 282, 285, 288, 289, 292, 293, 294, 295, 298, 299, 301, 303, 304, 306, 307, 308, 312, 313, 314, 321, 329, 336, 360, 370, 372, 373, 376, 381, 382, 384, 386, 395, 396, 397, 402, 405, 406, 420, 429, 430, 431, 444, 445, 447, 449, 450, 467, 468, 541, 543, 562, 563], "excluded_lines": [], "functions": {"ConfigurationTransformer.transform": {"executed_lines": [106, 109, 114, 119, 122, 125, 129], "summary": {"covered_lines": 7, "num_statements": 7, "percent_covered": 100.0, "percent_covered_display": "100", "missing_lines": 0, "excluded_lines": 0, "percent_statements_covered": 100.0, "percent_statements_covered_display": "100"}, "missing_lines": [], "excluded_lines": []}, "ConfigurationTransformer._transform_system_prompt": {"executed_lines": [133, 139, 141], "summary": {"covered_lines": 3, "num_statements": 3, "percent_covered": 100.0, "percent_covered_display": "100", "missing_lines": 0, "excluded_lines": 0, "percent_statements_covered": 100.0, "percent_statements_covered_display": "100"}, "missing_lines": [], "excluded_lines": []}, "ConfigurationTransformer._transform_dataset": {"executed_lines": [149, 152, 155, 158, 159, 164, 216, 239, 241, 257, 261], "summary": {"covered_lines": 11, "num_statements": 39, "percent_covered": 28.205128205128204, "percent_covered_display": "28", "missing_lines": 28, "excluded_lines": 0, "percent_statements_covered": 28.205128205128204, "percent_statements_covered_display": "28"}, "missing_lines": [166, 168, 170, 178, 187, 188, 191, 192, 193, 194, 197, 198, 199, 200, 203, 204, 205, 206, 209, 212, 218, 220, 222, 225, 228, 233, 243, 249], "excluded_lines": []}, "ConfigurationTransformer._transform_model": {"executed_lines": [265, 267, 270], "summary": {"covered_lines": 3, "num_statements": 28, "percent_covered": 10.714285714285714, "percent_covered_display": "11", "missing_lines": 25, "excluded_lines": 0, "percent_statements_covered": 10.714285714285714, "percent_statements_covered_display": "11"}, "missing_lines": [277, 280, 281, 282, 285, 288, 289, 292, 293, 294, 295, 298, 299, 301, 303, 304, 306, 307, 308, 312, 313, 314, 321, 329, 336], "excluded_lines": []}, "ConfigurationTransformer._transform_metric": {"executed_lines": [342, 343, 346, 347, 348, 351, 354, 357, 358, 363, 366, 369, 379, 408], "summary": {"covered_lines": 14, "num_statements": 29, "percent_covered": 48.275862068965516, "percent_covered_display": "48", "missing_lines": 15, "excluded_lines": 0, "percent_statements_covered": 48.275862068965516, "percent_statements_covered_display": "48"}, "missing_lines": [360, 370, 372, 373, 376, 381, 382, 384, 386, 395, 396, 397, 402, 405, 406], "excluded_lines": []}, "ConfigurationTransformer._transform_optimization": {"executed_lines": [412, 413, 415, 418, 433], "summary": {"covered_lines": 5, "num_statements": 9, "percent_covered": 55.55555555555556, "percent_covered_display": "56", "missing_lines": 4, "excluded_lines": 0, "percent_statements_covered": 55.55555555555556, "percent_statements_covered_display": "56"}, "missing_lines": [420, 429, 430, 431], "excluded_lines": []}, "ConfigurationTransformer._extract_environment_variables": {"executed_lines": [439, 441, 443, 452], "summary": {"covered_lines": 4, "num_statements": 9, "percent_covered": 44.44444444444444, "percent_covered_display": "44", "missing_lines": 5, "excluded_lines": 0, "percent_statements_covered": 44.44444444444444, "percent_statements_covered_display": "44"}, "missing_lines": [444, 445, 447, 449, 450], "excluded_lines": []}, "ConfigurationTransformer.generate_yaml_string": {"executed_lines": [], "summary": {"covered_lines": 0, "num_statements": 2, "percent_covered": 0.0, "percent_covered_display": "0", "missing_lines": 2, "excluded_lines": 0, "percent_statements_covered": 0.0, "percent_statements_covered_display": "0"}, "missing_lines": [467, 468], "excluded_lines": []}, "ConfigurationTransformer.save_config_file": {"executed_lines": [487, 489, 491, 492, 494], "summary": {"covered_lines": 5, "num_statements": 5, "percent_covered": 100.0, "percent_covered_display": "100", "missing_lines": 0, "excluded_lines": 0, "percent_statements_covered": 100.0, "percent_statements_covered_display": "100"}, "missing_lines": [], "excluded_lines": []}, "ConfigurationTransformer.create_project_structure": {"executed_lines": [510, 511, 514, 515, 516, 517, 520, 521, 522, 525, 526, 529, 530, 531, 534, 537, 539, 546, 549, 550, 552, 554, 557, 558, 560, 561, 565, 566, 567, 569, 570, 571, 574, 575, 576, 577, 578, 580], "summary": {"covered_lines": 38, "num_statements": 42, "percent_covered": 90.47619047619048, "percent_covered_display": "90", "missing_lines": 4, "excluded_lines": 0, "percent_statements_covered": 90.47619047619048, "percent_statements_covered_display": "90"}, "missing_lines": [541, 543, 562, 563], "excluded_lines": []}, "ConfigurationTransformer._create_placeholder_dataset": {"executed_lines": [584, 660], "summary": {"covered_lines": 2, "num_statements": 2, "percent_covered": 100.0, "percent_covered_display": "100", "missing_lines": 0, "excluded_lines": 0, "percent_statements_covered": 100.0, "percent_statements_covered_display": "100"}, "missing_lines": [], "excluded_lines": []}, "ConfigurationTransformer._create_readme": {"executed_lines": [672, 673, 675], "summary": {"covered_lines": 3, "num_statements": 3, "percent_covered": 100.0, "percent_covered_display": "100", "missing_lines": 0, "excluded_lines": 0, "percent_statements_covered": 100.0, "percent_statements_covered_display": "100"}, "missing_lines": [], "excluded_lines": []}, "": {"executed_lines": [1, 6, 7, 8, 10, 13, 14, 19, 43, 54, 60, 93, 131, 143, 263, 338, 410, 435, 454, 470, 496, 582, 670], "summary": {"covered_lines": 21, "num_statements": 21, "percent_covered": 100.0, "percent_covered_display": "100", "missing_lines": 0, "excluded_lines": 0, "percent_statements_covered": 100.0, "percent_statements_covered_display": "100"}, "missing_lines": [], "excluded_lines": []}}, "classes": {"ConfigurationTransformer": {"executed_lines": [106, 109, 114, 119, 122, 125, 129, 133, 139, 141, 149, 152, 155, 158, 159, 164, 216, 239, 241, 257, 261, 265, 267, 270, 342, 343, 346, 347, 348, 351, 354, 357, 358, 363, 366, 369, 379, 408, 412, 413, 415, 418, 433, 439, 441, 443, 452, 487, 489, 491, 492, 494, 510, 511, 514, 515, 516, 517, 520, 521, 522, 525, 526, 529, 530, 531, 534, 537, 539, 546, 549, 550, 552, 554, 557, 558, 560, 561, 565, 566, 567, 569, 570, 571, 574, 575, 576, 577, 578, 580, 584, 660, 672, 673, 675], "summary": {"covered_lines": 95, "num_statements": 178, "percent_covered": 53.37078651685393, "percent_covered_display": "53", "missing_lines": 83, "excluded_lines": 0, "percent_statements_covered": 53.37078651685393, "percent_statements_covered_display": "53"}, "missing_lines": [166, 168, 170, 178, 187, 188, 191, 192, 193, 194, 197, 198, 199, 200, 203, 204, 205, 206, 209, 212, 218, 220, 222, 225, 228, 233, 243, 249, 277, 280, 281, 282, 285, 288, 289, 292, 293, 294, 295, 298, 299, 301, 303, 304, 306, 307, 308, 312, 313, 314, 321, 329, 336, 360, 370, 372, 373, 376, 381, 382, 384, 386, 395, 396, 397, 402, 405, 406, 420, 429, 430, 431, 444, 445, 447, 449, 450, 467, 468, 541, 543, 562, 563], "excluded_lines": []}, "": {"executed_lines": [1, 6, 7, 8, 10, 13, 14, 19, 43, 54, 60, 93, 131, 143, 263, 338, 410, 435, 454, 470, 496, 582, 670], "summary": {"covered_lines": 21, "num_statements": 21, "percent_covered": 100.0, "percent_covered_display": "100", "missing_lines": 0, "excluded_lines": 0, "percent_statements_covered": 100.0, "percent_statements_covered_display": "100"}, "missing_lines": [], "excluded_lines": []}}}, "core.py": {"executed_lines": [1, 8, 10, 13, 14, 15, 16, 17, 18, 20, 21, 34], "summary": {"covered_lines": 11, "num_statements": 20, "percent_covered": 55.0, "percent_covered_display": "55", "missing_lines": 9, "excluded_lines": 0, "percent_statements_covered": 55.0, "percent_statements_covered_display": "55"}, "missing_lines": [22, 24, 25, 26, 27, 28, 30, 31, 32], "excluded_lines": [], "functions": {"": {"executed_lines": [1, 8, 10, 13, 14, 15, 16, 17, 18, 20, 21, 34], "summary": {"covered_lines": 11, "num_statements": 20, "percent_covered": 55.0, "percent_covered_display": "55", "missing_lines": 9, "excluded_lines": 0, "percent_statements_covered": 55.0, "percent_statements_covered_display": "55"}, "missing_lines": [22, 24, 25, 26, 27, 28, 30, 31, 32], "excluded_lines": []}}, "classes": {"": {"executed_lines": [1, 8, 10, 13, 14, 15, 16, 17, 18, 20, 21, 34], "summary": {"covered_lines": 11, "num_statements": 20, "percent_covered": 55.0, "percent_covered_display": "55", "missing_lines": 9, "excluded_lines": 0, "percent_statements_covered": 55.0, "percent_statements_covered_display": "55"}, "missing_lines": [22, 24, 25, 26, 27, 28, 30, 31, 32], "excluded_lines": []}}}, "dataset_analyzer.py": {"executed_lines": [1, 8, 9, 10, 11, 12, 13, 15, 16, 18, 21, 22, 24, 33, 34, 35, 36, 37, 38, 40, 41, 51, 52, 54, 55, 57, 68, 70, 71, 75, 76, 79, 86, 90, 102, 104, 105, 107, 108, 109, 110, 111, 129, 133, 136, 137, 140, 141, 146, 147, 149, 150, 153, 154, 155, 156, 159, 160, 161, 162, 165, 168, 169, 170, 173, 178, 189, 191, 199, 200, 201, 203, 204, 206, 212, 213, 232, 234, 236, 238, 240, 242, 244, 245, 246, 249, 250, 253, 266, 268, 272, 274, 275, 276, 277, 292, 294, 296, 300, 303, 304, 305, 306, 310, 311, 312, 313, 317, 319, 350, 400, 435, 489], "summary": {"covered_lines": 110, "num_statements": 226, "percent_covered": 48.67256637168141, "percent_covered_display": "49", "missing_lines": 116, "excluded_lines": 0, "percent_statements_covered": 48.67256637168141, "percent_statements_covered_display": "49"}, "missing_lines": [72, 98, 99, 100, 113, 114, 115, 117, 118, 119, 120, 123, 125, 126, 127, 134, 175, 176, 207, 215, 217, 218, 220, 221, 222, 227, 230, 235, 237, 239, 254, 256, 258, 259, 262, 263, 264, 269, 278, 281, 282, 283, 284, 285, 286, 287, 289, 297, 307, 323, 329, 330, 331, 333, 334, 335, 336, 338, 340, 345, 346, 348, 354, 372, 375, 377, 378, 379, 380, 381, 382, 383, 386, 388, 392, 394, 396, 398, 408, 410, 411, 412, 414, 417, 420, 421, 422, 423, 425, 431, 432, 433, 439, 442, 461, 464, 465, 467, 468, 469, 470, 471, 472, 475, 477, 481, 483, 485, 487, 491, 492, 494, 495, 496, 498, 500], "excluded_lines": [], "functions": {"FieldInfo.__init__": {"executed_lines": [33, 34, 35, 36, 37, 38], "summary": {"covered_lines": 6, "num_statements": 6, "percent_covered": 100.0, "percent_covered_display": "100", "missing_lines": 0, "excluded_lines": 0, "percent_statements_covered": 100.0, "percent_statements_covered_display": "100"}, "missing_lines": [], "excluded_lines": []}, "FieldInfo.to_dict": {"executed_lines": [41], "summary": {"covered_lines": 1, "num_statements": 1, "percent_covered": 100.0, "percent_covered_display": "100", "missing_lines": 0, "excluded_lines": 0, "percent_statements_covered": 100.0, "percent_statements_covered_display": "100"}, "missing_lines": [], "excluded_lines": []}, "DatasetAnalyzer.__init__": {"executed_lines": [55], "summary": {"covered_lines": 1, "num_statements": 1, "percent_covered": 100.0, "percent_covered_display": "100", "missing_lines": 0, "excluded_lines": 0, "percent_statements_covered": 100.0, "percent_statements_covered_display": "100"}, "missing_lines": [], "excluded_lines": []}, "DatasetAnalyzer.analyze_file": {"executed_lines": [68, 70, 71, 75, 76, 79, 86, 90], "summary": {"covered_lines": 8, "num_statements": 12, "percent_covered": 66.66666666666667, "percent_covered_display": "67", "missing_lines": 4, "excluded_lines": 0, "percent_statements_covered": 66.66666666666667, "percent_statements_covered_display": "67"}, "missing_lines": [72, 98, 99, 100], "excluded_lines": []}, "DatasetAnalyzer._load_data": {"executed_lines": [104, 105, 107, 108, 109, 110, 111], "summary": {"covered_lines": 7, "num_statements": 18, "percent_covered": 38.888888888888886, "percent_covered_display": "39", "missing_lines": 11, "excluded_lines": 0, "percent_statements_covered": 38.888888888888886, "percent_statements_covered_display": "39"}, "missing_lines": [113, 114, 115, 117, 118, 119, 120, 123, 125, 126, 127], "excluded_lines": []}, "DatasetAnalyzer._analyze_fields": {"executed_lines": [133, 136, 137, 140, 141, 146, 147, 149, 150, 153, 154, 155, 156, 159, 160, 161, 162, 165, 168, 169, 170, 173, 178, 189], "summary": {"covered_lines": 24, "num_statements": 27, "percent_covered": 88.88888888888889, "percent_covered_display": "89", "missing_lines": 3, "excluded_lines": 0, "percent_statements_covered": 88.88888888888889, "percent_statements_covered_display": "89"}, "missing_lines": [134, 175, 176], "excluded_lines": []}, "DatasetAnalyzer._extract_fields_recursive": {"executed_lines": [199, 200, 201, 203, 204, 206, 212, 213], "summary": {"covered_lines": 8, "num_statements": 17, "percent_covered": 47.05882352941177, "percent_covered_display": "47", "missing_lines": 9, "excluded_lines": 0, "percent_statements_covered": 47.05882352941177, "percent_statements_covered_display": "47"}, "missing_lines": [207, 215, 217, 218, 220, 221, 222, 227, 230], "excluded_lines": []}, "DatasetAnalyzer._has_meaningful_value": {"executed_lines": [234, 236, 238, 240], "summary": {"covered_lines": 4, "num_statements": 7, "percent_covered": 57.142857142857146, "percent_covered_display": "57", "missing_lines": 3, "excluded_lines": 0, "percent_statements_covered": 57.142857142857146, "percent_statements_covered_display": "57"}, "missing_lines": [235, 237, 239], "excluded_lines": []}, "DatasetAnalyzer._get_record_fields": {"executed_lines": [244, 245, 246, 249, 250, 253], "summary": {"covered_lines": 6, "num_statements": 13, "percent_covered": 46.15384615384615, "percent_covered_display": "46", "missing_lines": 7, "excluded_lines": 0, "percent_statements_covered": 46.15384615384615, "percent_statements_covered_display": "46"}, "missing_lines": [254, 256, 258, 259, 262, 263, 264], "excluded_lines": []}, "DatasetAnalyzer._determine_field_type": {"executed_lines": [268, 272, 274, 275, 276, 277, 292], "summary": {"covered_lines": 7, "num_statements": 17, "percent_covered": 41.1764705882353, "percent_covered_display": "41", "missing_lines": 10, "excluded_lines": 0, "percent_statements_covered": 41.1764705882353, "percent_statements_covered_display": "41"}, "missing_lines": [269, 278, 281, 282, 283, 284, 285, 286, 287, 289], "excluded_lines": []}, "DatasetAnalyzer._get_sample_values": {"executed_lines": [296, 300, 303, 304, 305, 306, 310, 311, 312, 313, 317], "summary": {"covered_lines": 11, "num_statements": 13, "percent_covered": 84.61538461538461, "percent_covered_display": "85", "missing_lines": 2, "excluded_lines": 0, "percent_statements_covered": 84.61538461538461, "percent_statements_covered_display": "85"}, "missing_lines": [297, 307], "excluded_lines": []}, "DatasetAnalyzer.generate_adapter_config": {"executed_lines": [], "summary": {"covered_lines": 0, "num_statements": 13, "percent_covered": 0.0, "percent_covered_display": "0", "missing_lines": 13, "excluded_lines": 0, "percent_statements_covered": 0.0, "percent_statements_covered_display": "0"}, "missing_lines": [323, 329, 330, 331, 333, 334, 335, 336, 338, 340, 345, 346, 348], "excluded_lines": []}, "DatasetAnalyzer._get_use_case_field_mapping": {"executed_lines": [], "summary": {"covered_lines": 0, "num_statements": 16, "percent_covered": 0.0, "percent_covered_display": "0", "missing_lines": 16, "excluded_lines": 0, "percent_statements_covered": 0.0, "percent_statements_covered_display": "0"}, "missing_lines": [354, 372, 375, 377, 378, 379, 380, 381, 382, 383, 386, 388, 392, 394, 396, 398], "excluded_lines": []}, "DatasetAnalyzer.preview_transformation": {"executed_lines": [], "summary": {"covered_lines": 0, "num_statements": 14, "percent_covered": 0.0, "percent_covered_display": "0", "missing_lines": 14, "excluded_lines": 0, "percent_statements_covered": 0.0, "percent_statements_covered_display": "0"}, "missing_lines": [408, 410, 411, 412, 414, 417, 420, 421, 422, 423, 425, 431, 432, 433], "excluded_lines": []}, "DatasetAnalyzer._transform_record": {"executed_lines": [], "summary": {"covered_lines": 0, "num_statements": 17, "percent_covered": 0.0, "percent_covered_display": "0", "missing_lines": 17, "excluded_lines": 0, "percent_statements_covered": 0.0, "percent_statements_covered_display": "0"}, "missing_lines": [439, 442, 461, 464, 465, 467, 468, 469, 470, 471, 472, 475, 477, 481, 483, 485, 487], "excluded_lines": []}, "DatasetAnalyzer._get_nested_value": {"executed_lines": [], "summary": {"covered_lines": 0, "num_statements": 7, "percent_covered": 0.0, "percent_covered_display": "0", "missing_lines": 7, "excluded_lines": 0, "percent_statements_covered": 0.0, "percent_statements_covered_display": "0"}, "missing_lines": [491, 492, 494, 495, 496, 498, 500], "excluded_lines": []}, "": {"executed_lines": [1, 8, 9, 10, 11, 12, 13, 15, 16, 18, 21, 22, 24, 40, 51, 52, 54, 57, 102, 129, 191, 232, 242, 266, 294, 319, 350, 400, 435, 489], "summary": {"covered_lines": 27, "num_statements": 27, "percent_covered": 100.0, "percent_covered_display": "100", "missing_lines": 0, "excluded_lines": 0, "percent_statements_covered": 100.0, "percent_statements_covered_display": "100"}, "missing_lines": [], "excluded_lines": []}}, "classes": {"FieldInfo": {"executed_lines": [33, 34, 35, 36, 37, 38, 41], "summary": {"covered_lines": 7, "num_statements": 7, "percent_covered": 100.0, "percent_covered_display": "100", "missing_lines": 0, "excluded_lines": 0, "percent_statements_covered": 100.0, "percent_statements_covered_display": "100"}, "missing_lines": [], "excluded_lines": []}, "DatasetAnalyzer": {"executed_lines": [55, 68, 70, 71, 75, 76, 79, 86, 90, 104, 105, 107, 108, 109, 110, 111, 133, 136, 137, 140, 141, 146, 147, 149, 150, 153, 154, 155, 156, 159, 160, 161, 162, 165, 168, 169, 170, 173, 178, 189, 199, 200, 201, 203, 204, 206, 212, 213, 234, 236, 238, 240, 244, 245, 246, 249, 250, 253, 268, 272, 274, 275, 276, 277, 292, 296, 300, 303, 304, 305, 306, 310, 311, 312, 313, 317], "summary": {"covered_lines": 76, "num_statements": 192, "percent_covered": 39.583333333333336, "percent_covered_display": "40", "missing_lines": 116, "excluded_lines": 0, "percent_statements_covered": 39.583333333333336, "percent_statements_covered_display": "40"}, "missing_lines": [72, 98, 99, 100, 113, 114, 115, 117, 118, 119, 120, 123, 125, 126, 127, 134, 175, 176, 207, 215, 217, 218, 220, 221, 222, 227, 230, 235, 237, 239, 254, 256, 258, 259, 262, 263, 264, 269, 278, 281, 282, 283, 284, 285, 286, 287, 289, 297, 307, 323, 329, 330, 331, 333, 334, 335, 336, 338, 340, 345, 346, 348, 354, 372, 375, 377, 378, 379, 380, 381, 382, 383, 386, 388, 392, 394, 396, 398, 408, 410, 411, 412, 414, 417, 420, 421, 422, 423, 425, 431, 432, 433, 439, 442, 461, 464, 465, 467, 468, 469, 470, 471, 472, 475, 477, 481, 483, 485, 487, 491, 492, 494, 495, 496, 498, 500], "excluded_lines": []}, "": {"executed_lines": [1, 8, 9, 10, 11, 12, 13, 15, 16, 18, 21, 22, 24, 40, 51, 52, 54, 57, 102, 129, 191, 232, 242, 266, 294, 319, 350, 400, 435, 489], "summary": {"covered_lines": 27, "num_statements": 27, "percent_covered": 100.0, "percent_covered_display": "100", "missing_lines": 0, "excluded_lines": 0, "percent_statements_covered": 100.0, "percent_statements_covered_display": "100"}, "missing_lines": [], "excluded_lines": []}}}, "main.py": {"executed_lines": [1, 5, 6, 7, 8, 9, 10, 13, 27, 28, 29, 30, 31, 34, 37, 42, 45, 48, 49, 51, 52, 61, 62, 63, 64, 65, 77, 80, 85, 88, 91, 100, 101, 102, 103, 107, 108, 109, 110, 111, 115, 116, 117, 118, 119, 120, 121, 122, 123, 124, 125, 126, 127, 128, 132, 133, 177, 178, 192, 193, 203, 204, 239, 240, 290], "summary": {"covered_lines": 64, "num_statements": 130, "percent_covered": 49.23076923076923, "percent_covered_display": "49", "missing_lines": 66, "excluded_lines": 0, "percent_statements_covered": 49.23076923076923, "percent_statements_covered_display": "49"}, "missing_lines": [53, 54, 55, 56, 57, 66, 67, 68, 72, 81, 82, 129, 135, 137, 138, 147, 148, 157, 158, 159, 168, 180, 195, 206, 208, 209, 212, 213, 214, 215, 218, 219, 222, 223, 226, 227, 228, 229, 231, 233, 234, 242, 243, 244, 246, 247, 248, 249, 251, 252, 253, 255, 256, 260, 262, 263, 264, 266, 267, 277, 279, 281, 283, 284, 291, 293], "excluded_lines": [], "functions": {"options_route": {"executed_lines": [], "summary": {"covered_lines": 0, "num_statements": 1, "percent_covered": 0.0, "percent_covered_display": "0", "missing_lines": 1, "excluded_lines": 0, "percent_statements_covered": 0.0, "percent_statements_covered_display": "0"}, "missing_lines": [129], "excluded_lines": []}, "health_check": {"executed_lines": [], "summary": {"covered_lines": 0, "num_statements": 9, "percent_covered": 0.0, "percent_covered_display": "0", "missing_lines": 9, "excluded_lines": 0, "percent_statements_covered": 0.0, "percent_statements_covered_display": "0"}, "missing_lines": [135, 137, 138, 147, 148, 157, 158, 159, 168], "excluded_lines": []}, "get_settings": {"executed_lines": [], "summary": {"covered_lines": 0, "num_statements": 1, "percent_covered": 0.0, "percent_covered_display": "0", "missing_lines": 1, "excluded_lines": 0, "percent_statements_covered": 0.0, "percent_statements_covered_display": "0"}, "missing_lines": [180], "excluded_lines": []}, "get_configurations": {"executed_lines": [], "summary": {"covered_lines": 0, "num_statements": 1, "percent_covered": 0.0, "percent_covered_display": "0", "missing_lines": 1, "excluded_lines": 0, "percent_statements_covered": 0.0, "percent_statements_covered_display": "0"}, "missing_lines": [195], "excluded_lines": []}, "get_docs_file": {"executed_lines": [], "summary": {"covered_lines": 0, "num_statements": 18, "percent_covered": 0.0, "percent_covered_display": "0", "missing_lines": 18, "excluded_lines": 0, "percent_statements_covered": 0.0, "percent_statements_covered_display": "0"}, "missing_lines": [206, 208, 209, 212, 213, 214, 215, 218, 219, 222, 223, 226, 227, 228, 229, 231, 233, 234], "excluded_lines": []}, "get_docs_structure": {"executed_lines": [], "summary": {"covered_lines": 0, "num_statements": 8, "percent_covered": 0.0, "percent_covered_display": "0", "missing_lines": 8, "excluded_lines": 0, "percent_statements_covered": 0.0, "percent_statements_covered_display": "0"}, "missing_lines": [242, 243, 244, 246, 279, 281, 283, 284], "excluded_lines": []}, "get_docs_structure.scan_directory": {"executed_lines": [], "summary": {"covered_lines": 0, "num_statements": 15, "percent_covered": 0.0, "percent_covered_display": "0", "missing_lines": 15, "excluded_lines": 0, "percent_statements_covered": 0.0, "percent_statements_covered_display": "0"}, "missing_lines": [247, 248, 249, 251, 252, 253, 255, 256, 260, 262, 263, 264, 266, 267, 277], "excluded_lines": []}, "": {"executed_lines": [1, 5, 6, 7, 8, 9, 10, 13, 27, 28, 29, 30, 31, 34, 37, 42, 45, 48, 49, 51, 52, 61, 62, 63, 64, 65, 77, 80, 85, 88, 91, 100, 101, 102, 103, 107, 108, 109, 110, 111, 115, 116, 117, 118, 119, 120, 121, 122, 123, 124, 125, 126, 127, 128, 132, 133, 177, 178, 192, 193, 203, 204, 239, 240, 290], "summary": {"covered_lines": 64, "num_statements": 77, "percent_covered": 83.11688311688312, "percent_covered_display": "83", "missing_lines": 13, "excluded_lines": 0, "percent_statements_covered": 83.11688311688312, "percent_statements_covered_display": "83"}, "missing_lines": [53, 54, 55, 56, 57, 66, 67, 68, 72, 81, 82, 291, 293], "excluded_lines": []}}, "classes": {"ConfigResponse": {"executed_lines": [], "summary": {"covered_lines": 0, "num_statements": 0, "percent_covered": 100.0, "percent_covered_display": "100", "missing_lines": 0, "excluded_lines": 0, "percent_statements_covered": 100.0, "percent_statements_covered_display": "100"}, "missing_lines": [], "excluded_lines": []}, "": {"executed_lines": [1, 5, 6, 7, 8, 9, 10, 13, 27, 28, 29, 30, 31, 34, 37, 42, 45, 48, 49, 51, 52, 61, 62, 63, 64, 65, 77, 80, 85, 88, 91, 100, 101, 102, 103, 107, 108, 109, 110, 111, 115, 116, 117, 118, 119, 120, 121, 122, 123, 124, 125, 126, 127, 128, 132, 133, 177, 178, 192, 193, 203, 204, 239, 240, 290], "summary": {"covered_lines": 64, "num_statements": 130, "percent_covered": 49.23076923076923, "percent_covered_display": "49", "missing_lines": 66, "excluded_lines": 0, "percent_statements_covered": 49.23076923076923, "percent_statements_covered_display": "49"}, "missing_lines": [53, 54, 55, 56, 57, 66, 67, 68, 72, 81, 82, 129, 135, 137, 138, 147, 148, 157, 158, 159, 168, 180, 195, 206, 208, 209, 212, 213, 214, 215, 218, 219, 222, 223, 226, 227, 228, 229, 231, 233, 234, 242, 243, 244, 246, 247, 248, 249, 251, 252, 253, 255, 256, 260, 262, 263, 264, 266, 267, 277, 279, 281, 283, 284, 291, 293], "excluded_lines": []}}}, "routes/__init__.py": {"executed_lines": [1], "summary": {"covered_lines": 0, "num_statements": 0, "percent_covered": 100.0, "percent_covered_display": "100", "missing_lines": 0, "excluded_lines": 0, "percent_statements_covered": 100.0, "percent_statements_covered_display": "100"}, "missing_lines": [], "excluded_lines": [], "functions": {"": {"executed_lines": [1], "summary": {"covered_lines": 0, "num_statements": 0, "percent_covered": 100.0, "percent_covered_display": "100", "missing_lines": 0, "excluded_lines": 0, "percent_statements_covered": 100.0, "percent_statements_covered_display": "100"}, "missing_lines": [], "excluded_lines": []}}, "classes": {"": {"executed_lines": [1], "summary": {"covered_lines": 0, "num_statements": 0, "percent_covered": 100.0, "percent_covered_display": "100", "missing_lines": 0, "excluded_lines": 0, "percent_statements_covered": 100.0, "percent_statements_covered_display": "100"}, "missing_lines": [], "excluded_lines": []}}}, "routes/datasets.py": {"executed_lines": [1, 5, 6, 7, 8, 10, 11, 12, 13, 14, 16, 17, 20, 24, 25, 26, 27, 28, 31, 32, 35, 36, 37, 38, 39, 40, 41, 44, 45, 46, 47, 50, 51, 52, 53, 56, 57, 58, 59, 60, 63, 64, 66, 67, 69, 71, 74, 77, 78, 79, 80, 81, 84, 85, 86, 87, 88, 89, 92, 93, 97, 98, 101, 102, 107, 110, 111, 112, 115, 117, 123, 124, 132, 133, 135, 138, 139, 141, 143, 144, 146, 147, 148, 156, 157, 159, 161, 164, 165, 167, 177, 186, 189, 218, 219], "summary": {"covered_lines": 94, "num_statements": 129, "percent_covered": 72.86821705426357, "percent_covered_display": "73", "missing_lines": 35, "excluded_lines": 0, "percent_statements_covered": 72.86821705426357, "percent_statements_covered_display": "73"}, "missing_lines": [103, 125, 126, 127, 149, 150, 151, 162, 168, 179, 180, 181, 191, 193, 194, 196, 197, 201, 202, 209, 211, 212, 213, 221, 223, 224, 226, 228, 233, 234, 235, 246, 251, 252, 253], "excluded_lines": [], "functions": {"upload_dataset": {"executed_lines": [66, 67, 69, 71, 74, 77, 78, 79, 80, 81, 84, 85, 86, 87, 88, 89, 92, 93, 97, 98, 101, 102, 107, 110, 111, 112, 115, 117, 123, 124], "summary": {"covered_lines": 30, "num_statements": 34, "percent_covered": 88.23529411764706, "percent_covered_display": "88", "missing_lines": 4, "excluded_lines": 0, "percent_statements_covered": 88.23529411764706, "percent_statements_covered_display": "88"}, "missing_lines": [103, 125, 126, 127], "excluded_lines": []}, "list_datasets": {"executed_lines": [135], "summary": {"covered_lines": 1, "num_statements": 1, "percent_covered": 100.0, "percent_covered_display": "100", "missing_lines": 0, "excluded_lines": 0, "percent_statements_covered": 100.0, "percent_statements_covered_display": "100"}, "missing_lines": [], "excluded_lines": []}, "delete_dataset": {"executed_lines": [141, 143, 144, 146, 147, 148], "summary": {"covered_lines": 6, "num_statements": 9, "percent_covered": 66.66666666666667, "percent_covered_display": "67", "missing_lines": 3, "excluded_lines": 0, "percent_statements_covered": 66.66666666666667, "percent_statements_covered_display": "67"}, "missing_lines": [149, 150, 151], "excluded_lines": []}, "analyze_dataset": {"executed_lines": [159, 161, 164, 165, 167, 177], "summary": {"covered_lines": 6, "num_statements": 11, "percent_covered": 54.54545454545455, "percent_covered_display": "55", "missing_lines": 5, "excluded_lines": 0, "percent_statements_covered": 54.54545454545455, "percent_statements_covered_display": "55"}, "missing_lines": [162, 168, 179, 180, 181], "excluded_lines": []}, "preview_transformation": {"executed_lines": [], "summary": {"covered_lines": 0, "num_statements": 11, "percent_covered": 0.0, "percent_covered_display": "0", "missing_lines": 11, "excluded_lines": 0, "percent_statements_covered": 0.0, "percent_statements_covered_display": "0"}, "missing_lines": [191, 193, 194, 196, 197, 201, 202, 209, 211, 212, 213], "excluded_lines": []}, "save_field_mapping": {"executed_lines": [], "summary": {"covered_lines": 0, "num_statements": 12, "percent_covered": 0.0, "percent_covered_display": "0", "missing_lines": 12, "excluded_lines": 0, "percent_statements_covered": 0.0, "percent_statements_covered_display": "0"}, "missing_lines": [221, 223, 224, 226, 228, 233, 234, 235, 246, 251, 252, 253], "excluded_lines": []}, "": {"executed_lines": [1, 5, 6, 7, 8, 10, 11, 12, 13, 14, 16, 17, 20, 24, 25, 26, 27, 28, 31, 32, 35, 36, 37, 38, 39, 40, 41, 44, 45, 46, 47, 50, 51, 52, 53, 56, 57, 58, 59, 60, 63, 64, 132, 133, 138, 139, 156, 157, 186, 189, 218, 219], "summary": {"covered_lines": 51, "num_statements": 51, "percent_covered": 100.0, "percent_covered_display": "100", "missing_lines": 0, "excluded_lines": 0, "percent_statements_covered": 100.0, "percent_statements_covered_display": "100"}, "missing_lines": [], "excluded_lines": []}}, "classes": {"DatasetUploadResponse": {"executed_lines": [], "summary": {"covered_lines": 0, "num_statements": 0, "percent_covered": 100.0, "percent_covered_display": "100", "missing_lines": 0, "excluded_lines": 0, "percent_statements_covered": 100.0, "percent_statements_covered_display": "100"}, "missing_lines": [], "excluded_lines": []}, "DatasetListResponse": {"executed_lines": [], "summary": {"covered_lines": 0, "num_statements": 0, "percent_covered": 100.0, "percent_covered_display": "100", "missing_lines": 0, "excluded_lines": 0, "percent_statements_covered": 100.0, "percent_statements_covered_display": "100"}, "missing_lines": [], "excluded_lines": []}, "DatasetAnalysisResponse": {"executed_lines": [], "summary": {"covered_lines": 0, "num_statements": 0, "percent_covered": 100.0, "percent_covered_display": "100", "missing_lines": 0, "excluded_lines": 0, "percent_statements_covered": 100.0, "percent_statements_covered_display": "100"}, "missing_lines": [], "excluded_lines": []}, "FieldMappingRequest": {"executed_lines": [], "summary": {"covered_lines": 0, "num_statements": 0, "percent_covered": 100.0, "percent_covered_display": "100", "missing_lines": 0, "excluded_lines": 0, "percent_statements_covered": 100.0, "percent_statements_covered_display": "100"}, "missing_lines": [], "excluded_lines": []}, "PreviewTransformationRequest": {"executed_lines": [], "summary": {"covered_lines": 0, "num_statements": 0, "percent_covered": 100.0, "percent_covered_display": "100", "missing_lines": 0, "excluded_lines": 0, "percent_statements_covered": 100.0, "percent_statements_covered_display": "100"}, "missing_lines": [], "excluded_lines": []}, "PreviewTransformationResponse": {"executed_lines": [], "summary": {"covered_lines": 0, "num_statements": 0, "percent_covered": 100.0, "percent_covered_display": "100", "missing_lines": 0, "excluded_lines": 0, "percent_statements_covered": 100.0, "percent_statements_covered_display": "100"}, "missing_lines": [], "excluded_lines": []}, "": {"executed_lines": [1, 5, 6, 7, 8, 10, 11, 12, 13, 14, 16, 17, 20, 24, 25, 26, 27, 28, 31, 32, 35, 36, 37, 38, 39, 40, 41, 44, 45, 46, 47, 50, 51, 52, 53, 56, 57, 58, 59, 60, 63, 64, 66, 67, 69, 71, 74, 77, 78, 79, 80, 81, 84, 85, 86, 87, 88, 89, 92, 93, 97, 98, 101, 102, 107, 110, 111, 112, 115, 117, 123, 124, 132, 133, 135, 138, 139, 141, 143, 144, 146, 147, 148, 156, 157, 159, 161, 164, 165, 167, 177, 186, 189, 218, 219], "summary": {"covered_lines": 94, "num_statements": 129, "percent_covered": 72.86821705426357, "percent_covered_display": "73", "missing_lines": 35, "excluded_lines": 0, "percent_statements_covered": 72.86821705426357, "percent_statements_covered_display": "73"}, "missing_lines": [103, 125, 126, 127, 149, 150, 151, 162, 168, 179, 180, 181, 191, 193, 194, 196, 197, 201, 202, 209, 211, 212, 213, 221, 223, 224, 226, 228, 233, 234, 235, 246, 251, 252, 253], "excluded_lines": []}}}, "routes/projects.py": {"executed_lines": [1, 5, 6, 7, 9, 10, 11, 12, 13, 14, 16, 17, 21, 22, 23, 24, 25, 26, 29, 30, 32, 34, 43, 54, 56, 60, 63, 64, 67, 70, 72, 75, 77, 78, 80, 86, 89, 90, 93, 103, 110, 112, 127, 128, 130, 131, 132, 133, 135, 136, 137, 139, 142, 156, 161, 162, 164, 165, 166, 169, 172, 175, 176, 179, 180, 185, 186, 190, 202, 203, 205, 206, 207, 209, 212, 224, 225, 227, 228, 231, 234, 237, 238, 241, 242, 243, 244, 247, 248, 250, 260, 263, 265, 266], "summary": {"covered_lines": 93, "num_statements": 128, "percent_covered": 72.65625, "percent_covered_display": "73", "missing_lines": 35, "excluded_lines": 0, "percent_statements_covered": 72.65625, "percent_statements_covered_display": "73"}, "missing_lines": [55, 57, 68, 81, 120, 121, 122, 123, 124, 143, 144, 146, 147, 149, 150, 152, 153, 154, 157, 158, 181, 182, 183, 198, 199, 210, 217, 218, 219, 220, 221, 232, 268, 269, 270], "excluded_lines": [], "functions": {"quick_start_demo": {"executed_lines": [32, 34, 43, 54, 56, 60, 63, 64, 67, 70, 72, 75, 77, 78, 80, 86, 89, 90, 93, 103, 110, 112], "summary": {"covered_lines": 22, "num_statements": 31, "percent_covered": 70.96774193548387, "percent_covered_display": "71", "missing_lines": 9, "excluded_lines": 0, "percent_statements_covered": 70.96774193548387, "percent_statements_covered_display": "71"}, "missing_lines": [55, 57, 68, 81, 120, 121, 122, 123, 124], "excluded_lines": []}, "generate_config": {"executed_lines": [130, 131, 132, 133, 135, 136, 137, 139, 142, 156], "summary": {"covered_lines": 10, "num_statements": 21, "percent_covered": 47.61904761904762, "percent_covered_display": "48", "missing_lines": 11, "excluded_lines": 0, "percent_statements_covered": 47.61904761904762, "percent_statements_covered_display": "48"}, "missing_lines": [143, 144, 146, 147, 149, 150, 152, 153, 154, 157, 158], "excluded_lines": []}, "create_project": {"executed_lines": [164, 165, 166, 169, 172, 175, 176, 179, 180, 185, 186, 190], "summary": {"covered_lines": 12, "num_statements": 17, "percent_covered": 70.58823529411765, "percent_covered_display": "71", "missing_lines": 5, "excluded_lines": 0, "percent_statements_covered": 70.58823529411765, "percent_statements_covered_display": "71"}, "missing_lines": [181, 182, 183, 198, 199], "excluded_lines": []}, "download_config": {"executed_lines": [205, 206, 207, 209, 212], "summary": {"covered_lines": 5, "num_statements": 11, "percent_covered": 45.45454545454545, "percent_covered_display": "45", "missing_lines": 6, "excluded_lines": 0, "percent_statements_covered": 45.45454545454545, "percent_statements_covered_display": "45"}, "missing_lines": [210, 217, 218, 219, 220, 221], "excluded_lines": []}, "list_projects": {"executed_lines": [227, 228, 231, 234, 237, 238, 241, 242, 243, 244, 247, 248, 250, 260, 263, 265, 266], "summary": {"covered_lines": 17, "num_statements": 21, "percent_covered": 80.95238095238095, "percent_covered_display": "81", "missing_lines": 4, "excluded_lines": 0, "percent_statements_covered": 80.95238095238095, "percent_statements_covered_display": "81"}, "missing_lines": [232, 268, 269, 270], "excluded_lines": []}, "": {"executed_lines": [1, 5, 6, 7, 9, 10, 11, 12, 13, 14, 16, 17, 21, 22, 23, 24, 25, 26, 29, 30, 127, 128, 161, 162, 202, 203, 224, 225], "summary": {"covered_lines": 27, "num_statements": 27, "percent_covered": 100.0, "percent_covered_display": "100", "missing_lines": 0, "excluded_lines": 0, "percent_statements_covered": 100.0, "percent_statements_covered_display": "100"}, "missing_lines": [], "excluded_lines": []}}, "classes": {"QuickStartResponse": {"executed_lines": [], "summary": {"covered_lines": 0, "num_statements": 0, "percent_covered": 100.0, "percent_covered_display": "100", "missing_lines": 0, "excluded_lines": 0, "percent_statements_covered": 100.0, "percent_statements_covered_display": "100"}, "missing_lines": [], "excluded_lines": []}, "": {"executed_lines": [1, 5, 6, 7, 9, 10, 11, 12, 13, 14, 16, 17, 21, 22, 23, 24, 25, 26, 29, 30, 32, 34, 43, 54, 56, 60, 63, 64, 67, 70, 72, 75, 77, 78, 80, 86, 89, 90, 93, 103, 110, 112, 127, 128, 130, 131, 132, 133, 135, 136, 137, 139, 142, 156, 161, 162, 164, 165, 166, 169, 172, 175, 176, 179, 180, 185, 186, 190, 202, 203, 205, 206, 207, 209, 212, 224, 225, 227, 228, 231, 234, 237, 238, 241, 242, 243, 244, 247, 248, 250, 260, 263, 265, 266], "summary": {"covered_lines": 93, "num_statements": 128, "percent_covered": 72.65625, "percent_covered_display": "73", "missing_lines": 35, "excluded_lines": 0, "percent_statements_covered": 72.65625, "percent_statements_covered_display": "73"}, "missing_lines": [55, 57, 68, 81, 120, 121, 122, 123, 124, 143, 144, 146, 147, 149, 150, 152, 153, 154, 157, 158, 181, 182, 183, 198, 199, 210, 217, 218, 219, 220, 221, 232, 268, 269, 270], "excluded_lines": []}}}, "routes/prompts.py": {"executed_lines": [1, 5, 6, 7, 8, 10, 18, 19, 20, 25, 26, 29, 40, 41, 42, 45, 46, 49, 50, 60, 62, 63, 64, 67, 68, 70, 75, 76, 78, 79, 83, 91, 94, 101, 102, 103, 106, 107, 109, 113, 116, 126, 129, 130, 137, 142, 146, 150, 153, 156, 157, 159, 166, 167, 174, 177, 178, 181, 189, 190, 192, 197, 205, 206, 207, 210, 211, 213, 241, 243, 244, 246, 251, 257, 258, 259, 262, 265, 266, 267, 269, 278, 283, 288, 289, 290, 291, 297, 304, 312, 313, 315, 316, 317, 318, 324, 325, 327, 328, 329, 330], "summary": {"covered_lines": 100, "num_statements": 150, "percent_covered": 66.66666666666667, "percent_covered_display": "67", "missing_lines": 50, "excluded_lines": 0, "percent_statements_covered": 66.66666666666667, "percent_statements_covered_display": "67"}, "missing_lines": [71, 92, 95, 98, 99, 117, 118, 124, 131, 138, 139, 160, 168, 182, 183, 184, 185, 186, 187, 193, 194, 195, 198, 199, 214, 215, 216, 217, 218, 219, 221, 222, 223, 224, 225, 226, 229, 230, 231, 232, 233, 234, 235, 236, 237, 238, 260, 293, 294, 319], "excluded_lines": [], "functions": {"enhance_prompt": {"executed_lines": [60, 62, 63, 64, 67, 68, 70, 75, 76, 78, 79, 83, 91, 94, 101, 102, 103], "summary": {"covered_lines": 17, "num_statements": 22, "percent_covered": 77.27272727272727, "percent_covered_display": "77", "missing_lines": 5, "excluded_lines": 0, "percent_statements_covered": 77.27272727272727, "percent_statements_covered_display": "77"}, "missing_lines": [71, 92, 95, 98, 99], "excluded_lines": []}, "migrate_prompt": {"executed_lines": [109, 113, 116, 126, 129, 130, 137, 142, 146, 150, 153, 156, 157, 159, 166, 167, 174, 177, 178, 181, 189, 190, 192, 197, 205, 206, 207, 210, 211, 213, 241, 243, 244, 246, 251, 257, 258, 259, 262, 265, 266, 267, 269, 278, 283, 288, 289, 290, 291, 297, 304, 312, 313, 315, 316, 317, 318, 324, 325, 327, 328, 329, 330], "summary": {"covered_lines": 63, "num_statements": 108, "percent_covered": 58.333333333333336, "percent_covered_display": "58", "missing_lines": 45, "excluded_lines": 0, "percent_statements_covered": 58.333333333333336, "percent_statements_covered_display": "58"}, "missing_lines": [117, 118, 124, 131, 138, 139, 160, 168, 182, 183, 184, 185, 186, 187, 193, 194, 195, 198, 199, 214, 215, 216, 217, 218, 219, 221, 222, 223, 224, 225, 226, 229, 230, 231, 232, 233, 234, 235, 236, 237, 238, 260, 293, 294, 319], "excluded_lines": []}, "": {"executed_lines": [1, 5, 6, 7, 8, 10, 18, 19, 20, 25, 26, 29, 40, 41, 42, 45, 46, 49, 50, 106, 107], "summary": {"covered_lines": 20, "num_statements": 20, "percent_covered": 100.0, "percent_covered_display": "100", "missing_lines": 0, "excluded_lines": 0, "percent_statements_covered": 100.0, "percent_statements_covered_display": "100"}, "missing_lines": [], "excluded_lines": []}}, "classes": {"PromptRequest": {"executed_lines": [], "summary": {"covered_lines": 0, "num_statements": 0, "percent_covered": 100.0, "percent_covered_display": "100", "missing_lines": 0, "excluded_lines": 0, "percent_statements_covered": 100.0, "percent_statements_covered_display": "100"}, "missing_lines": [], "excluded_lines": []}, "PromptResponse": {"executed_lines": [], "summary": {"covered_lines": 0, "num_statements": 0, "percent_covered": 100.0, "percent_covered_display": "100", "missing_lines": 0, "excluded_lines": 0, "percent_statements_covered": 100.0, "percent_statements_covered_display": "100"}, "missing_lines": [], "excluded_lines": []}, "": {"executed_lines": [1, 5, 6, 7, 8, 10, 18, 19, 20, 25, 26, 29, 40, 41, 42, 45, 46, 49, 50, 60, 62, 63, 64, 67, 68, 70, 75, 76, 78, 79, 83, 91, 94, 101, 102, 103, 106, 107, 109, 113, 116, 126, 129, 130, 137, 142, 146, 150, 153, 156, 157, 159, 166, 167, 174, 177, 178, 181, 189, 190, 192, 197, 205, 206, 207, 210, 211, 213, 241, 243, 244, 246, 251, 257, 258, 259, 262, 265, 266, 267, 269, 278, 283, 288, 289, 290, 291, 297, 304, 312, 313, 315, 316, 317, 318, 324, 325, 327, 328, 329, 330], "summary": {"covered_lines": 100, "num_statements": 150, "percent_covered": 66.66666666666667, "percent_covered_display": "67", "missing_lines": 50, "excluded_lines": 0, "percent_statements_covered": 66.66666666666667, "percent_statements_covered_display": "67"}, "missing_lines": [71, 92, 95, 98, 99, 117, 118, 124, 131, 138, 139, 160, 168, 182, 183, 184, 185, 186, 187, 193, 194, 195, 198, 199, 214, 215, 216, 217, 218, 219, 221, 222, 223, 224, 225, 226, 229, 230, 231, 232, 233, 234, 235, 236, 237, 238, 260, 293, 294, 319], "excluded_lines": []}}}, "routes/websockets.py": {"executed_lines": [1, 5, 6, 8, 9, 10, 11, 13, 14, 17, 26, 27, 30, 31, 45, 48, 50, 51, 54, 57, 58, 60, 61, 62, 64, 65, 71, 74, 75, 76, 81, 84, 89, 90, 97, 100, 101, 102, 103, 107, 111, 113, 117, 123, 127, 134, 136, 139, 140, 142, 145, 148, 150, 153, 155, 156, 161, 164, 168, 176, 181, 188, 189, 190, 192, 193, 194, 195, 196, 198, 204, 205, 210, 218, 220, 231, 233, 234, 235, 236, 242], "summary": {"covered_lines": 80, "num_statements": 99, "percent_covered": 80.8080808080808, "percent_covered_display": "81", "missing_lines": 19, "excluded_lines": 0, "percent_statements_covered": 80.8080808080808, "percent_statements_covered_display": "81"}, "missing_lines": [32, 33, 35, 36, 42, 43, 66, 69, 77, 78, 79, 85, 86, 91, 94, 143, 232, 237, 239], "excluded_lines": [], "functions": {"optimize_with_streaming": {"executed_lines": [30, 31, 45, 48, 50, 51, 54, 57, 58, 60, 61, 62, 64, 65, 71, 74, 75, 76, 81, 84, 89, 90, 97, 100, 101, 102, 103, 107, 111, 113, 117, 123, 127, 134, 136, 139, 140, 142, 145, 148, 150, 153, 155, 156, 161, 164, 168, 176, 181, 188, 189, 190, 192, 193, 194, 195, 196, 198, 204, 205, 210, 218, 220, 231, 233, 234, 235, 236, 242], "summary": {"covered_lines": 69, "num_statements": 88, "percent_covered": 78.4090909090909, "percent_covered_display": "78", "missing_lines": 19, "excluded_lines": 0, "percent_statements_covered": 78.4090909090909, "percent_statements_covered_display": "78"}, "missing_lines": [32, 33, 35, 36, 42, 43, 66, 69, 77, 78, 79, 85, 86, 91, 94, 143, 232, 237, 239], "excluded_lines": []}, "": {"executed_lines": [1, 5, 6, 8, 9, 10, 11, 13, 14, 17, 26, 27], "summary": {"covered_lines": 11, "num_statements": 11, "percent_covered": 100.0, "percent_covered_display": "100", "missing_lines": 0, "excluded_lines": 0, "percent_statements_covered": 100.0, "percent_statements_covered_display": "100"}, "missing_lines": [], "excluded_lines": []}}, "classes": {"": {"executed_lines": [1, 5, 6, 8, 9, 10, 11, 13, 14, 17, 26, 27, 30, 31, 45, 48, 50, 51, 54, 57, 58, 60, 61, 62, 64, 65, 71, 74, 75, 76, 81, 84, 89, 90, 97, 100, 101, 102, 103, 107, 111, 113, 117, 123, 127, 134, 136, 139, 140, 142, 145, 148, 150, 153, 155, 156, 161, 164, 168, 176, 181, 188, 189, 190, 192, 193, 194, 195, 196, 198, 204, 205, 210, 218, 220, 231, 233, 234, 235, 236, 242], "summary": {"covered_lines": 80, "num_statements": 99, "percent_covered": 80.8080808080808, "percent_covered_display": "81", "missing_lines": 19, "excluded_lines": 0, "percent_statements_covered": 80.8080808080808, "percent_statements_covered_display": "81"}, "missing_lines": [32, 33, 35, 36, 42, 43, 66, 69, 77, 78, 79, 85, 86, 91, 94, 143, 232, 237, 239], "excluded_lines": []}}}, "test_main.py": {"executed_lines": [], "summary": {"covered_lines": 0, "num_statements": 77, "percent_covered": 0.0, "percent_covered_display": "0", "missing_lines": 77, "excluded_lines": 0, "percent_statements_covered": 0.0, "percent_statements_covered_display": "0"}, "missing_lines": [5, 6, 7, 9, 10, 11, 13, 16, 18, 19, 20, 21, 22, 23, 24, 27, 29, 30, 32, 35, 36, 39, 40, 43, 44, 47, 48, 51, 52, 53, 55, 56, 57, 58, 60, 62, 63, 64, 65, 68, 70, 71, 73, 74, 77, 79, 84, 85, 88, 90, 95, 96, 99, 101, 105, 106, 109, 111, 116, 121, 122, 123, 124, 125, 128, 130, 131, 132, 133, 134, 137, 139, 147, 148, 149, 152, 153], "excluded_lines": [], "functions": {"test_health_check": {"executed_lines": [], "summary": {"covered_lines": 0, "num_statements": 7, "percent_covered": 0.0, "percent_covered_display": "0", "missing_lines": 7, "excluded_lines": 0, "percent_statements_covered": 0.0, "percent_statements_covered_display": "0"}, "missing_lines": [18, 19, 20, 21, 22, 23, 24], "excluded_lines": []}, "test_configurations_endpoint": {"executed_lines": [], "summary": {"covered_lines": 0, "num_statements": 11, "percent_covered": 0.0, "percent_covered_display": "0", "missing_lines": 11, "excluded_lines": 0, "percent_statements_covered": 0.0, "percent_statements_covered_display": "0"}, "missing_lines": [29, 30, 32, 35, 36, 39, 40, 43, 44, 47, 48], "excluded_lines": []}, "test_enhance_prompt_success": {"executed_lines": [], "summary": {"covered_lines": 0, "num_statements": 9, "percent_covered": 0.0, "percent_covered_display": "0", "missing_lines": 9, "excluded_lines": 0, "percent_statements_covered": 0.0, "percent_statements_covered_display": "0"}, "missing_lines": [55, 56, 57, 58, 60, 62, 63, 64, 65], "excluded_lines": []}, "test_enhance_prompt_no_api_key": {"executed_lines": [], "summary": {"covered_lines": 0, "num_statements": 4, "percent_covered": 0.0, "percent_covered_display": "0", "missing_lines": 4, "excluded_lines": 0, "percent_statements_covered": 0.0, "percent_statements_covered_display": "0"}, "missing_lines": [70, 71, 73, 74], "excluded_lines": []}, "test_dataset_upload_invalid_json": {"executed_lines": [], "summary": {"covered_lines": 0, "num_statements": 3, "percent_covered": 0.0, "percent_covered_display": "0", "missing_lines": 3, "excluded_lines": 0, "percent_statements_covered": 0.0, "percent_statements_covered_display": "0"}, "missing_lines": [79, 84, 85], "excluded_lines": []}, "test_dataset_upload_non_array": {"executed_lines": [], "summary": {"covered_lines": 0, "num_statements": 3, "percent_covered": 0.0, "percent_covered_display": "0", "missing_lines": 3, "excluded_lines": 0, "percent_statements_covered": 0.0, "percent_statements_covered_display": "0"}, "missing_lines": [90, 95, 96], "excluded_lines": []}, "test_dataset_upload_empty_array": {"executed_lines": [], "summary": {"covered_lines": 0, "num_statements": 3, "percent_covered": 0.0, "percent_covered_display": "0", "missing_lines": 3, "excluded_lines": 0, "percent_statements_covered": 0.0, "percent_statements_covered_display": "0"}, "missing_lines": [101, 105, 106], "excluded_lines": []}, "test_dataset_upload_success": {"executed_lines": [], "summary": {"covered_lines": 0, "num_statements": 7, "percent_covered": 0.0, "percent_covered_display": "0", "missing_lines": 7, "excluded_lines": 0, "percent_statements_covered": 0.0, "percent_statements_covered_display": "0"}, "missing_lines": [111, 116, 121, 122, 123, 124, 125], "excluded_lines": []}, "test_list_datasets": {"executed_lines": [], "summary": {"covered_lines": 0, "num_statements": 5, "percent_covered": 0.0, "percent_covered_display": "0", "missing_lines": 5, "excluded_lines": 0, "percent_statements_covered": 0.0, "percent_statements_covered_display": "0"}, "missing_lines": [130, 131, 132, 133, 134], "excluded_lines": []}, "test_options_endpoints": {"executed_lines": [], "summary": {"covered_lines": 0, "num_statements": 4, "percent_covered": 0.0, "percent_covered_display": "0", "missing_lines": 4, "excluded_lines": 0, "percent_statements_covered": 0.0, "percent_statements_covered_display": "0"}, "missing_lines": [139, 147, 148, 149], "excluded_lines": []}, "": {"executed_lines": [], "summary": {"covered_lines": 0, "num_statements": 21, "percent_covered": 0.0, "percent_covered_display": "0", "missing_lines": 21, "excluded_lines": 0, "percent_statements_covered": 0.0, "percent_statements_covered_display": "0"}, "missing_lines": [5, 6, 7, 9, 10, 11, 13, 16, 27, 51, 52, 53, 68, 77, 88, 99, 109, 128, 137, 152, 153], "excluded_lines": []}}, "classes": {"": {"executed_lines": [], "summary": {"covered_lines": 0, "num_statements": 77, "percent_covered": 0.0, "percent_covered_display": "0", "missing_lines": 77, "excluded_lines": 0, "percent_statements_covered": 0.0, "percent_statements_covered_display": "0"}, "missing_lines": [5, 6, 7, 9, 10, 11, 13, 16, 18, 19, 20, 21, 22, 23, 24, 27, 29, 30, 32, 35, 36, 39, 40, 43, 44, 47, 48, 51, 52, 53, 55, 56, 57, 58, 60, 62, 63, 64, 65, 68, 70, 71, 73, 74, 77, 79, 84, 85, 88, 90, 95, 96, 99, 101, 105, 106, 109, 111, 116, 121, 122, 123, 124, 125, 128, 130, 131, 132, 133, 134, 137, 139, 147, 148, 149, 152, 153], "excluded_lines": []}}}, "tests/__init__.py": {"executed_lines": [1], "summary": {"covered_lines": 0, "num_statements": 0, "percent_covered": 100.0, "percent_covered_display": "100", "missing_lines": 0, "excluded_lines": 0, "percent_statements_covered": 100.0, "percent_statements_covered_display": "100"}, "missing_lines": [], "excluded_lines": [], "functions": {"": {"executed_lines": [1], "summary": {"covered_lines": 0, "num_statements": 0, "percent_covered": 100.0, "percent_covered_display": "100", "missing_lines": 0, "excluded_lines": 0, "percent_statements_covered": 100.0, "percent_statements_covered_display": "100"}, "missing_lines": [], "excluded_lines": []}}, "classes": {"": {"executed_lines": [1], "summary": {"covered_lines": 0, "num_statements": 0, "percent_covered": 100.0, "percent_covered_display": "100", "missing_lines": 0, "excluded_lines": 0, "percent_statements_covered": 100.0, "percent_statements_covered_display": "100"}, "missing_lines": [], "excluded_lines": []}}}, "tests/conftest.py": {"executed_lines": [1, 5, 6, 7, 8, 9, 10, 11, 13, 14, 17, 19, 22, 23, 25, 28, 29, 31, 32, 35, 36, 38, 54, 55, 57, 73, 74, 88, 89, 98, 99, 107, 108, 110, 137, 138, 140, 156, 157, 159], "summary": {"covered_lines": 39, "num_statements": 47, "percent_covered": 82.97872340425532, "percent_covered_display": "83", "missing_lines": 8, "excluded_lines": 0, "percent_statements_covered": 82.97872340425532, "percent_statements_covered_display": "83"}, "missing_lines": [76, 91, 92, 95, 101, 102, 103, 104], "excluded_lines": [], "functions": {"client": {"executed_lines": [25], "summary": {"covered_lines": 1, "num_statements": 1, "percent_covered": 100.0, "percent_covered_display": "100", "missing_lines": 0, "excluded_lines": 0, "percent_statements_covered": 100.0, "percent_statements_covered_display": "100"}, "missing_lines": [], "excluded_lines": []}, "temp_upload_dir": {"executed_lines": [31, 32], "summary": {"covered_lines": 2, "num_statements": 2, "percent_covered": 100.0, "percent_covered_display": "100", "missing_lines": 0, "excluded_lines": 0, "percent_statements_covered": 100.0, "percent_statements_covered_display": "100"}, "missing_lines": [], "excluded_lines": []}, "sample_dataset": {"executed_lines": [38], "summary": {"covered_lines": 1, "num_statements": 1, "percent_covered": 100.0, "percent_covered_display": "100", "missing_lines": 0, "excluded_lines": 0, "percent_statements_covered": 100.0, "percent_statements_covered_display": "100"}, "missing_lines": [], "excluded_lines": []}, "sample_dataset_with_nested_fields": {"executed_lines": [57], "summary": {"covered_lines": 1, "num_statements": 1, "percent_covered": 100.0, "percent_covered_display": "100", "missing_lines": 0, "excluded_lines": 0, "percent_statements_covered": 100.0, "percent_statements_covered_display": "100"}, "missing_lines": [], "excluded_lines": []}, "sample_config": {"executed_lines": [], "summary": {"covered_lines": 0, "num_statements": 1, "percent_covered": 0.0, "percent_covered_display": "0", "missing_lines": 1, "excluded_lines": 0, "percent_statements_covered": 0.0, "percent_statements_covered_display": "0"}, "missing_lines": [76], "excluded_lines": []}, "mock_dspy_optimizer": {"executed_lines": [], "summary": {"covered_lines": 0, "num_statements": 3, "percent_covered": 0.0, "percent_covered_display": "0", "missing_lines": 3, "excluded_lines": 0, "percent_statements_covered": 0.0, "percent_statements_covered_display": "0"}, "missing_lines": [91, 92, 95], "excluded_lines": []}, "mock_llm_response": {"executed_lines": [], "summary": {"covered_lines": 0, "num_statements": 4, "percent_covered": 0.0, "percent_covered_display": "0", "missing_lines": 4, "excluded_lines": 0, "percent_statements_covered": 0.0, "percent_statements_covered_display": "0"}, "missing_lines": [101, 102, 103, 104], "excluded_lines": []}, "sample_project_config": {"executed_lines": [110], "summary": {"covered_lines": 1, "num_statements": 1, "percent_covered": 100.0, "percent_covered_display": "100", "missing_lines": 0, "excluded_lines": 0, "percent_statements_covered": 100.0, "percent_statements_covered_display": "100"}, "missing_lines": [], "excluded_lines": []}, "sample_wizard_data": {"executed_lines": [140], "summary": {"covered_lines": 1, "num_statements": 1, "percent_covered": 100.0, "percent_covered_display": "100", "missing_lines": 0, "excluded_lines": 0, "percent_statements_covered": 100.0, "percent_statements_covered_display": "100"}, "missing_lines": [], "excluded_lines": []}, "reset_config_after_test": {"executed_lines": [159], "summary": {"covered_lines": 1, "num_statements": 1, "percent_covered": 100.0, "percent_covered_display": "100", "missing_lines": 0, "excluded_lines": 0, "percent_statements_covered": 100.0, "percent_statements_covered_display": "100"}, "missing_lines": [], "excluded_lines": []}, "": {"executed_lines": [1, 5, 6, 7, 8, 9, 10, 11, 13, 14, 17, 19, 22, 23, 28, 29, 35, 36, 54, 55, 73, 74, 88, 89, 98, 99, 107, 108, 137, 138, 156, 157], "summary": {"covered_lines": 31, "num_statements": 31, "percent_covered": 100.0, "percent_covered_display": "100", "missing_lines": 0, "excluded_lines": 0, "percent_statements_covered": 100.0, "percent_statements_covered_display": "100"}, "missing_lines": [], "excluded_lines": []}}, "classes": {"": {"executed_lines": [1, 5, 6, 7, 8, 9, 10, 11, 13, 14, 17, 19, 22, 23, 25, 28, 29, 31, 32, 35, 36, 38, 54, 55, 57, 73, 74, 88, 89, 98, 99, 107, 108, 110, 137, 138, 140, 156, 157, 159], "summary": {"covered_lines": 39, "num_statements": 47, "percent_covered": 82.97872340425532, "percent_covered_display": "83", "missing_lines": 8, "excluded_lines": 0, "percent_statements_covered": 82.97872340425532, "percent_statements_covered_display": "83"}, "missing_lines": [76, 91, 92, 95, 101, 102, 103, 104], "excluded_lines": []}}}, "tests/integration/__init__.py": {"executed_lines": [1], "summary": {"covered_lines": 0, "num_statements": 0, "percent_covered": 100.0, "percent_covered_display": "100", "missing_lines": 0, "excluded_lines": 0, "percent_statements_covered": 100.0, "percent_statements_covered_display": "100"}, "missing_lines": [], "excluded_lines": [], "functions": {"": {"executed_lines": [1], "summary": {"covered_lines": 0, "num_statements": 0, "percent_covered": 100.0, "percent_covered_display": "100", "missing_lines": 0, "excluded_lines": 0, "percent_statements_covered": 100.0, "percent_statements_covered_display": "100"}, "missing_lines": [], "excluded_lines": []}}, "classes": {"": {"executed_lines": [1], "summary": {"covered_lines": 0, "num_statements": 0, "percent_covered": 100.0, "percent_covered_display": "100", "missing_lines": 0, "excluded_lines": 0, "percent_statements_covered": 100.0, "percent_statements_covered_display": "100"}, "missing_lines": [], "excluded_lines": []}}}, "tests/integration/test_optimization_workflow.py": {"executed_lines": [1, 5, 6, 7, 9, 12, 13, 15, 16, 17, 18, 23, 24, 26, 27, 29, 30, 31, 32, 33, 34, 37, 38, 39, 42, 55, 65, 66, 69, 70, 71, 72, 74, 86, 87, 90, 92, 94, 105, 106, 108, 110, 111, 113, 114, 116, 127, 128, 131, 133, 135, 151, 154, 155, 156, 158, 173], "summary": {"covered_lines": 55, "num_statements": 80, "percent_covered": 68.75, "percent_covered_display": "69", "missing_lines": 25, "excluded_lines": 0, "percent_statements_covered": 68.75, "percent_statements_covered_display": "69"}, "missing_lines": [56, 57, 60, 61, 62, 63, 136, 137, 138, 139, 141, 142, 147, 148, 149, 174, 175, 176, 177, 178, 179, 180, 181, 183, 186], "excluded_lines": [], "functions": {"TestOptimizationWorkflow.test_migrate_prompt_integration": {"executed_lines": [23, 24, 26, 27, 29, 30, 31, 32, 33, 34, 37, 38, 39, 42, 55], "summary": {"covered_lines": 15, "num_statements": 21, "percent_covered": 71.42857142857143, "percent_covered_display": "71", "missing_lines": 6, "excluded_lines": 0, "percent_statements_covered": 71.42857142857143, "percent_statements_covered_display": "71"}, "missing_lines": [56, 57, 60, 61, 62, 63], "excluded_lines": []}, "TestOptimizationWorkflow.test_metric_initialization": {"executed_lines": [69, 70, 71, 72, 74, 86, 87, 90], "summary": {"covered_lines": 8, "num_statements": 8, "percent_covered": 100.0, "percent_covered_display": "100", "missing_lines": 0, "excluded_lines": 0, "percent_statements_covered": 100.0, "percent_statements_covered_display": "100"}, "missing_lines": [], "excluded_lines": []}, "TestOptimizationWorkflow.test_missing_dataset_error": {"executed_lines": [94, 105, 106, 108], "summary": {"covered_lines": 4, "num_statements": 4, "percent_covered": 100.0, "percent_covered_display": "100", "missing_lines": 0, "excluded_lines": 0, "percent_statements_covered": 100.0, "percent_statements_covered_display": "100"}, "missing_lines": [], "excluded_lines": []}, "TestOptimizationWorkflow.test_model_initialization": {"executed_lines": [113, 114, 116, 127, 128, 131], "summary": {"covered_lines": 6, "num_statements": 6, "percent_covered": 100.0, "percent_covered_display": "100", "missing_lines": 0, "excluded_lines": 0, "percent_statements_covered": 100.0, "percent_statements_covered_display": "100"}, "missing_lines": [], "excluded_lines": []}, "TestOptimizationWorkflow.test_prompt_enhancement_with_api_key": {"executed_lines": [135], "summary": {"covered_lines": 1, "num_statements": 10, "percent_covered": 10.0, "percent_covered_display": "10", "missing_lines": 9, "excluded_lines": 0, "percent_statements_covered": 10.0, "percent_statements_covered_display": "10"}, "missing_lines": [136, 137, 138, 139, 141, 142, 147, 148, 149], "excluded_lines": []}, "TestOptimizationWorkflow.test_optimization_with_nested_field_mappings": {"executed_lines": [154, 155, 156, 158, 173], "summary": {"covered_lines": 5, "num_statements": 15, "percent_covered": 33.333333333333336, "percent_covered_display": "33", "missing_lines": 10, "excluded_lines": 0, "percent_statements_covered": 33.333333333333336, "percent_statements_covered_display": "33"}, "missing_lines": [174, 175, 176, 177, 178, 179, 180, 181, 183, 186], "excluded_lines": []}, "": {"executed_lines": [1, 5, 6, 7, 9, 12, 13, 15, 16, 17, 18, 65, 66, 92, 110, 111, 133, 151], "summary": {"covered_lines": 16, "num_statements": 16, "percent_covered": 100.0, "percent_covered_display": "100", "missing_lines": 0, "excluded_lines": 0, "percent_statements_covered": 100.0, "percent_statements_covered_display": "100"}, "missing_lines": [], "excluded_lines": []}}, "classes": {"TestOptimizationWorkflow": {"executed_lines": [23, 24, 26, 27, 29, 30, 31, 32, 33, 34, 37, 38, 39, 42, 55, 69, 70, 71, 72, 74, 86, 87, 90, 94, 105, 106, 108, 113, 114, 116, 127, 128, 131, 135, 154, 155, 156, 158, 173], "summary": {"covered_lines": 39, "num_statements": 64, "percent_covered": 60.9375, "percent_covered_display": "61", "missing_lines": 25, "excluded_lines": 0, "percent_statements_covered": 60.9375, "percent_statements_covered_display": "61"}, "missing_lines": [56, 57, 60, 61, 62, 63, 136, 137, 138, 139, 141, 142, 147, 148, 149, 174, 175, 176, 177, 178, 179, 180, 181, 183, 186], "excluded_lines": []}, "": {"executed_lines": [1, 5, 6, 7, 9, 12, 13, 15, 16, 17, 18, 65, 66, 92, 110, 111, 133, 151], "summary": {"covered_lines": 16, "num_statements": 16, "percent_covered": 100.0, "percent_covered_display": "100", "missing_lines": 0, "excluded_lines": 0, "percent_statements_covered": 100.0, "percent_statements_covered_display": "100"}, "missing_lines": [], "excluded_lines": []}}}, "tests/integration/test_websocket_optimization.py": {"executed_lines": [1, 5, 6, 7, 9, 10, 13, 14, 16, 17, 18, 21, 22, 23, 24, 25, 28, 52, 53, 54, 55, 58, 59, 60, 63, 64, 65, 68, 69, 70, 71, 72, 73, 74, 77, 78, 79, 81, 84, 87, 88, 89, 90, 91, 94, 95, 108, 109, 111, 112, 114, 115, 117, 118, 119, 121, 122, 123, 124, 125, 126, 128, 129, 130, 132, 133, 134, 135, 137, 138, 141, 147, 149, 151, 153, 154, 155, 156, 159, 161], "summary": {"covered_lines": 78, "num_statements": 83, "percent_covered": 93.97590361445783, "percent_covered_display": "94", "missing_lines": 5, "excluded_lines": 0, "percent_statements_covered": 93.97590361445783, "percent_statements_covered_display": "94"}, "missing_lines": [82, 136, 144, 146, 158], "excluded_lines": [], "functions": {"TestWebSocketOptimization.test_websocket_connection": {"executed_lines": [21, 22, 23, 24, 25, 28, 52, 53, 54, 55, 58, 59, 60, 63, 64, 65, 68, 69, 70, 71, 72, 73, 74, 77, 78, 79, 81], "summary": {"covered_lines": 27, "num_statements": 28, "percent_covered": 96.42857142857143, "percent_covered_display": "96", "missing_lines": 1, "excluded_lines": 0, "percent_statements_covered": 96.42857142857143, "percent_statements_covered_display": "96"}, "missing_lines": [82], "excluded_lines": []}, "TestWebSocketOptimization.test_websocket_progress_messages": {"executed_lines": [87, 88, 89, 90, 91, 94, 95, 108, 109, 111, 112, 114, 115, 117, 118, 119, 121, 122, 123, 124, 125, 126, 128, 129, 130, 132, 133, 134, 135, 137, 138, 141, 147, 149], "summary": {"covered_lines": 34, "num_statements": 37, "percent_covered": 91.89189189189189, "percent_covered_display": "92", "missing_lines": 3, "excluded_lines": 0, "percent_statements_covered": 91.89189189189189, "percent_statements_covered_display": "92"}, "missing_lines": [136, 144, 146], "excluded_lines": []}, "TestWebSocketOptimization.test_websocket_error_handling": {"executed_lines": [153, 154, 155, 156, 159, 161], "summary": {"covered_lines": 6, "num_statements": 7, "percent_covered": 85.71428571428571, "percent_covered_display": "86", "missing_lines": 1, "excluded_lines": 0, "percent_statements_covered": 85.71428571428571, "percent_statements_covered_display": "86"}, "missing_lines": [158], "excluded_lines": []}, "": {"executed_lines": [1, 5, 6, 7, 9, 10, 13, 14, 16, 17, 18, 84, 151], "summary": {"covered_lines": 11, "num_statements": 11, "percent_covered": 100.0, "percent_covered_display": "100", "missing_lines": 0, "excluded_lines": 0, "percent_statements_covered": 100.0, "percent_statements_covered_display": "100"}, "missing_lines": [], "excluded_lines": []}}, "classes": {"TestWebSocketOptimization": {"executed_lines": [21, 22, 23, 24, 25, 28, 52, 53, 54, 55, 58, 59, 60, 63, 64, 65, 68, 69, 70, 71, 72, 73, 74, 77, 78, 79, 81, 87, 88, 89, 90, 91, 94, 95, 108, 109, 111, 112, 114, 115, 117, 118, 119, 121, 122, 123, 124, 125, 126, 128, 129, 130, 132, 133, 134, 135, 137, 138, 141, 147, 149, 153, 154, 155, 156, 159, 161], "summary": {"covered_lines": 67, "num_statements": 72, "percent_covered": 93.05555555555556, "percent_covered_display": "93", "missing_lines": 5, "excluded_lines": 0, "percent_statements_covered": 93.05555555555556, "percent_statements_covered_display": "93"}, "missing_lines": [82, 136, 144, 146, 158], "excluded_lines": []}, "": {"executed_lines": [1, 5, 6, 7, 9, 10, 13, 14, 16, 17, 18, 84, 151], "summary": {"covered_lines": 11, "num_statements": 11, "percent_covered": 100.0, "percent_covered_display": "100", "missing_lines": 0, "excluded_lines": 0, "percent_statements_covered": 100.0, "percent_statements_covered_display": "100"}, "missing_lines": [], "excluded_lines": []}}}, "tests/unit/__init__.py": {"executed_lines": [1], "summary": {"covered_lines": 0, "num_statements": 0, "percent_covered": 100.0, "percent_covered_display": "100", "missing_lines": 0, "excluded_lines": 0, "percent_statements_covered": 100.0, "percent_statements_covered_display": "100"}, "missing_lines": [], "excluded_lines": [], "functions": {"": {"executed_lines": [1], "summary": {"covered_lines": 0, "num_statements": 0, "percent_covered": 100.0, "percent_covered_display": "100", "missing_lines": 0, "excluded_lines": 0, "percent_statements_covered": 100.0, "percent_statements_covered_display": "100"}, "missing_lines": [], "excluded_lines": []}}, "classes": {"": {"executed_lines": [1], "summary": {"covered_lines": 0, "num_statements": 0, "percent_covered": 100.0, "percent_covered_display": "100", "missing_lines": 0, "excluded_lines": 0, "percent_statements_covered": 100.0, "percent_statements_covered_display": "100"}, "missing_lines": [], "excluded_lines": []}}}, "tests/unit/test_config_transformer.py": {"executed_lines": [1, 5, 6, 9, 10, 12, 14, 15, 23, 25, 35, 36, 42, 44, 54, 55, 62, 64, 74, 75, 79, 81, 91, 92], "summary": {"covered_lines": 22, "num_statements": 36, "percent_covered": 61.111111111111114, "percent_covered_display": "61", "missing_lines": 14, "excluded_lines": 0, "percent_statements_covered": 61.111111111111114, "percent_statements_covered_display": "61"}, "missing_lines": [17, 18, 19, 20, 21, 38, 39, 40, 57, 58, 59, 60, 77, 94], "excluded_lines": [], "functions": {"TestConfigurationTransformer.test_transform_basic_qa_config": {"executed_lines": [14, 15], "summary": {"covered_lines": 2, "num_statements": 7, "percent_covered": 28.571428571428573, "percent_covered_display": "29", "missing_lines": 5, "excluded_lines": 0, "percent_statements_covered": 28.571428571428573, "percent_statements_covered_display": "29"}, "missing_lines": [17, 18, 19, 20, 21], "excluded_lines": []}, "TestConfigurationTransformer.test_dataset_adapter_mapping_qa": {"executed_lines": [25, 35, 36], "summary": {"covered_lines": 3, "num_statements": 6, "percent_covered": 50.0, "percent_covered_display": "50", "missing_lines": 3, "excluded_lines": 0, "percent_statements_covered": 50.0, "percent_statements_covered_display": "50"}, "missing_lines": [38, 39, 40], "excluded_lines": []}, "TestConfigurationTransformer.test_rag_adapter_configuration": {"executed_lines": [44, 54, 55], "summary": {"covered_lines": 3, "num_statements": 7, "percent_covered": 42.857142857142854, "percent_covered_display": "43", "missing_lines": 4, "excluded_lines": 0, "percent_statements_covered": 42.857142857142854, "percent_statements_covered_display": "43"}, "missing_lines": [57, 58, 59, 60], "excluded_lines": []}, "TestConfigurationTransformer.test_metric_mapping": {"executed_lines": [64, 74, 75], "summary": {"covered_lines": 3, "num_statements": 4, "percent_covered": 75.0, "percent_covered_display": "75", "missing_lines": 1, "excluded_lines": 0, "percent_statements_covered": 75.0, "percent_statements_covered_display": "75"}, "missing_lines": [77], "excluded_lines": []}, "TestConfigurationTransformer.test_nested_field_mappings": {"executed_lines": [81, 91, 92], "summary": {"covered_lines": 3, "num_statements": 4, "percent_covered": 75.0, "percent_covered_display": "75", "missing_lines": 1, "excluded_lines": 0, "percent_statements_covered": 75.0, "percent_statements_covered_display": "75"}, "missing_lines": [94], "excluded_lines": []}, "": {"executed_lines": [1, 5, 6, 9, 10, 12, 23, 42, 62, 79], "summary": {"covered_lines": 8, "num_statements": 8, "percent_covered": 100.0, "percent_covered_display": "100", "missing_lines": 0, "excluded_lines": 0, "percent_statements_covered": 100.0, "percent_statements_covered_display": "100"}, "missing_lines": [], "excluded_lines": []}}, "classes": {"TestConfigurationTransformer": {"executed_lines": [14, 15, 25, 35, 36, 44, 54, 55, 64, 74, 75, 81, 91, 92], "summary": {"covered_lines": 14, "num_statements": 28, "percent_covered": 50.0, "percent_covered_display": "50", "missing_lines": 14, "excluded_lines": 0, "percent_statements_covered": 50.0, "percent_statements_covered_display": "50"}, "missing_lines": [17, 18, 19, 20, 21, 38, 39, 40, 57, 58, 59, 60, 77, 94], "excluded_lines": []}, "": {"executed_lines": [1, 5, 6, 9, 10, 12, 23, 42, 62, 79], "summary": {"covered_lines": 8, "num_statements": 8, "percent_covered": 100.0, "percent_covered_display": "100", "missing_lines": 0, "excluded_lines": 0, "percent_statements_covered": 100.0, "percent_statements_covered_display": "100"}, "missing_lines": [], "excluded_lines": []}}}, "tests/unit/test_routes_datasets.py": {"executed_lines": [1, 5, 6, 7, 9, 12, 13, 15, 17, 22, 23, 24, 25, 26, 28, 30, 35, 36, 38, 40, 45, 46, 48, 50, 55, 56, 58, 60, 65, 66, 68, 70, 72, 73, 74, 75, 77, 78, 81, 82, 88, 91, 92, 93, 95, 96, 98, 99, 100, 102, 105, 106, 107, 109, 110, 112, 113, 115, 117, 118, 120], "summary": {"covered_lines": 59, "num_statements": 59, "percent_covered": 100.0, "percent_covered_display": "100", "missing_lines": 0, "excluded_lines": 0, "percent_statements_covered": 100.0, "percent_statements_covered_display": "100"}, "missing_lines": [], "excluded_lines": [], "functions": {"TestDatasetsRoutes.test_upload_dataset_success": {"executed_lines": [17, 22, 23, 24, 25, 26], "summary": {"covered_lines": 6, "num_statements": 6, "percent_covered": 100.0, "percent_covered_display": "100", "missing_lines": 0, "excluded_lines": 0, "percent_statements_covered": 100.0, "percent_statements_covered_display": "100"}, "missing_lines": [], "excluded_lines": []}, "TestDatasetsRoutes.test_upload_dataset_invalid_json": {"executed_lines": [30, 35, 36], "summary": {"covered_lines": 3, "num_statements": 3, "percent_covered": 100.0, "percent_covered_display": "100", "missing_lines": 0, "excluded_lines": 0, "percent_statements_covered": 100.0, "percent_statements_covered_display": "100"}, "missing_lines": [], "excluded_lines": []}, "TestDatasetsRoutes.test_upload_dataset_non_array": {"executed_lines": [40, 45, 46], "summary": {"covered_lines": 3, "num_statements": 3, "percent_covered": 100.0, "percent_covered_display": "100", "missing_lines": 0, "excluded_lines": 0, "percent_statements_covered": 100.0, "percent_statements_covered_display": "100"}, "missing_lines": [], "excluded_lines": []}, "TestDatasetsRoutes.test_upload_dataset_empty_array": {"executed_lines": [50, 55, 56], "summary": {"covered_lines": 3, "num_statements": 3, "percent_covered": 100.0, "percent_covered_display": "100", "missing_lines": 0, "excluded_lines": 0, "percent_statements_covered": 100.0, "percent_statements_covered_display": "100"}, "missing_lines": [], "excluded_lines": []}, "TestDatasetsRoutes.test_upload_non_json_file": {"executed_lines": [60, 65, 66], "summary": {"covered_lines": 3, "num_statements": 3, "percent_covered": 100.0, "percent_covered_display": "100", "missing_lines": 0, "excluded_lines": 0, "percent_statements_covered": 100.0, "percent_statements_covered_display": "100"}, "missing_lines": [], "excluded_lines": []}, "TestDatasetsRoutes.test_list_datasets": {"executed_lines": [70, 72, 73, 74, 75], "summary": {"covered_lines": 5, "num_statements": 5, "percent_covered": 100.0, "percent_covered_display": "100", "missing_lines": 0, "excluded_lines": 0, "percent_statements_covered": 100.0, "percent_statements_covered_display": "100"}, "missing_lines": [], "excluded_lines": []}, "TestDatasetsRoutes.test_analyze_dataset": {"executed_lines": [81, 82, 88, 91, 92, 93, 95, 96, 98, 99, 100], "summary": {"covered_lines": 11, "num_statements": 11, "percent_covered": 100.0, "percent_covered_display": "100", "missing_lines": 0, "excluded_lines": 0, "percent_statements_covered": 100.0, "percent_statements_covered_display": "100"}, "missing_lines": [], "excluded_lines": []}, "TestDatasetsRoutes.test_delete_dataset": {"executed_lines": [105, 106, 107, 109, 110, 112, 113], "summary": {"covered_lines": 7, "num_statements": 7, "percent_covered": 100.0, "percent_covered_display": "100", "missing_lines": 0, "excluded_lines": 0, "percent_statements_covered": 100.0, "percent_statements_covered_display": "100"}, "missing_lines": [], "excluded_lines": []}, "TestDatasetsRoutes.test_delete_nonexistent_dataset": {"executed_lines": [117, 118, 120], "summary": {"covered_lines": 3, "num_statements": 3, "percent_covered": 100.0, "percent_covered_display": "100", "missing_lines": 0, "excluded_lines": 0, "percent_statements_covered": 100.0, "percent_statements_covered_display": "100"}, "missing_lines": [], "excluded_lines": []}, "": {"executed_lines": [1, 5, 6, 7, 9, 12, 13, 15, 28, 38, 48, 58, 68, 77, 78, 102, 115], "summary": {"covered_lines": 15, "num_statements": 15, "percent_covered": 100.0, "percent_covered_display": "100", "missing_lines": 0, "excluded_lines": 0, "percent_statements_covered": 100.0, "percent_statements_covered_display": "100"}, "missing_lines": [], "excluded_lines": []}}, "classes": {"TestDatasetsRoutes": {"executed_lines": [17, 22, 23, 24, 25, 26, 30, 35, 36, 40, 45, 46, 50, 55, 56, 60, 65, 66, 70, 72, 73, 74, 75, 81, 82, 88, 91, 92, 93, 95, 96, 98, 99, 100, 105, 106, 107, 109, 110, 112, 113, 117, 118, 120], "summary": {"covered_lines": 44, "num_statements": 44, "percent_covered": 100.0, "percent_covered_display": "100", "missing_lines": 0, "excluded_lines": 0, "percent_statements_covered": 100.0, "percent_statements_covered_display": "100"}, "missing_lines": [], "excluded_lines": []}, "": {"executed_lines": [1, 5, 6, 7, 9, 12, 13, 15, 28, 38, 48, 58, 68, 77, 78, 102, 115], "summary": {"covered_lines": 15, "num_statements": 15, "percent_covered": 100.0, "percent_covered_display": "100", "missing_lines": 0, "excluded_lines": 0, "percent_statements_covered": 100.0, "percent_statements_covered_display": "100"}, "missing_lines": [], "excluded_lines": []}}}, "tests/unit/test_routes_projects.py": {"executed_lines": [1, 5, 6, 7, 8, 10, 13, 14, 16, 19, 21, 22, 24, 25, 26, 27, 28, 29, 34, 35, 37, 38, 46, 48, 49, 50, 52, 54, 56, 57, 58, 59, 61, 63, 64, 67, 69, 70, 71, 73, 76, 77, 79, 80, 81, 83, 84, 86, 87], "summary": {"covered_lines": 47, "num_statements": 48, "percent_covered": 97.91666666666667, "percent_covered_display": "98", "missing_lines": 1, "excluded_lines": 0, "percent_statements_covered": 97.91666666666667, "percent_statements_covered_display": "98"}, "missing_lines": [32], "excluded_lines": [], "functions": {"TestProjectsRoutes.test_quick_start_demo_success": {"executed_lines": [19, 21, 22, 24, 25, 26, 27, 28, 29], "summary": {"covered_lines": 9, "num_statements": 10, "percent_covered": 90.0, "percent_covered_display": "90", "missing_lines": 1, "excluded_lines": 0, "percent_statements_covered": 90.0, "percent_statements_covered_display": "90"}, "missing_lines": [32], "excluded_lines": []}, "TestProjectsRoutes.test_generate_config": {"executed_lines": [37, 38, 46, 48, 49, 50], "summary": {"covered_lines": 6, "num_statements": 6, "percent_covered": 100.0, "percent_covered_display": "100", "missing_lines": 0, "excluded_lines": 0, "percent_statements_covered": 100.0, "percent_statements_covered_display": "100"}, "missing_lines": [], "excluded_lines": []}, "TestProjectsRoutes.test_list_projects": {"executed_lines": [54, 56, 57, 58, 59], "summary": {"covered_lines": 5, "num_statements": 5, "percent_covered": 100.0, "percent_covered_display": "100", "missing_lines": 0, "excluded_lines": 0, "percent_statements_covered": 100.0, "percent_statements_covered_display": "100"}, "missing_lines": [], "excluded_lines": []}, "TestProjectsRoutes.test_create_project": {"executed_lines": [63, 64, 67, 69, 70, 71], "summary": {"covered_lines": 6, "num_statements": 6, "percent_covered": 100.0, "percent_covered_display": "100", "missing_lines": 0, "excluded_lines": 0, "percent_statements_covered": 100.0, "percent_statements_covered_display": "100"}, "missing_lines": [], "excluded_lines": []}, "TestProjectsRoutes.test_download_config": {"executed_lines": [76, 77, 79, 80, 81, 83, 84, 86, 87], "summary": {"covered_lines": 9, "num_statements": 9, "percent_covered": 100.0, "percent_covered_display": "100", "missing_lines": 0, "excluded_lines": 0, "percent_statements_covered": 100.0, "percent_statements_covered_display": "100"}, "missing_lines": [], "excluded_lines": []}, "": {"executed_lines": [1, 5, 6, 7, 8, 10, 13, 14, 16, 34, 35, 52, 61, 73], "summary": {"covered_lines": 12, "num_statements": 12, "percent_covered": 100.0, "percent_covered_display": "100", "missing_lines": 0, "excluded_lines": 0, "percent_statements_covered": 100.0, "percent_statements_covered_display": "100"}, "missing_lines": [], "excluded_lines": []}}, "classes": {"TestProjectsRoutes": {"executed_lines": [19, 21, 22, 24, 25, 26, 27, 28, 29, 37, 38, 46, 48, 49, 50, 54, 56, 57, 58, 59, 63, 64, 67, 69, 70, 71, 76, 77, 79, 80, 81, 83, 84, 86, 87], "summary": {"covered_lines": 35, "num_statements": 36, "percent_covered": 97.22222222222223, "percent_covered_display": "97", "missing_lines": 1, "excluded_lines": 0, "percent_statements_cove
[...]
vered_display": "100", "missing_lines": 0, "excluded_lines": 0, "percent_statements_covered": 100.0, "percent_statements_covered_display": "100"}, "missing_lines": [], "excluded_lines": []}, "TestCreateLLMCompletion.test_completion_with_api_base": {"executed_lines": [98, 100, 106, 107], "summary": {"covered_lines": 4, "num_statements": 4, "percent_covered": 100.0, "percent_covered_display": "100", "missing_lines": 0, "excluded_lines": 0, "percent_statements_covered": 100.0, "percent_statements_covered_display": "100"}, "missing_lines": [], "excluded_lines": []}, "TestGetUploadedDatasets.test_returns_empty_list_when_no_datasets": {"executed_lines": [115, 116, 117], "summary": {"covered_lines": 3, "num_statements": 3, "percent_covered": 100.0, "percent_covered_display": "100", "missing_lines": 0, "excluded_lines": 0, "percent_statements_covered": 100.0, "percent_statements_covered_display": "100"}, "missing_lines": [], "excluded_lines": []}, "TestGetUploadedDatasets.test_returns_dataset_list": {"executed_lines": [122, 123, 124, 126, 127, 129, 130, 131, 132], "summary": {"covered_lines": 9, "num_statements": 9, "percent_covered": 100.0, "percent_covered_display": "100", "missing_lines": 0, "excluded_lines": 0, "percent_statements_covered": 100.0, "percent_statements_covered_display": "100"}, "missing_lines": [], "excluded_lines": []}, "TestGetUploadedDatasets.test_handles_invalid_json_gracefully": {"executed_lines": [137, 138, 139, 141, 142, 144], "summary": {"covered_lines": 6, "num_statements": 6, "percent_covered": 100.0, "percent_covered_display": "100", "missing_lines": 0, "excluded_lines": 0, "percent_statements_covered": 100.0, "percent_statements_covered_display": "100"}, "missing_lines": [], "excluded_lines": []}, "TestGetUploadedDatasets.test_ignores_non_json_files": {"executed_lines": [149, 150, 151, 153, 154, 155], "summary": {"covered_lines": 6, "num_statements": 6, "percent_covered": 100.0, "percent_covered_display": "100", "missing_lines": 0, "excluded_lines": 0, "percent_statements_covered": 100.0, "percent_statements_covered_display": "100"}, "missing_lines": [], "excluded_lines": []}, "TestGetUploadedDatasets.test_preview_limited_to_three_records": {"executed_lines": [160, 161, 162, 163, 165, 166, 167, 168], "summary": {"covered_lines": 8, "num_statements": 8, "percent_covered": 100.0, "percent_covered_display": "100", "missing_lines": 0, "excluded_lines": 0, "percent_statements_covered": 100.0, "percent_statements_covered_display": "100"}, "missing_lines": [], "excluded_lines": []}, "TestGenerateUniqueProjectName.test_returns_base_name_when_available": {"executed_lines": [176, 177], "summary": {"covered_lines": 2, "num_statements": 2, "percent_covered": 100.0, "percent_covered_display": "100", "missing_lines": 0, "excluded_lines": 0, "percent_statements_covered": 100.0, "percent_statements_covered_display": "100"}, "missing_lines": [], "excluded_lines": []}, "TestGenerateUniqueProjectName.test_adds_suffix_when_exists": {"executed_lines": [182, 184, 185], "summary": {"covered_lines": 3, "num_statements": 3, "percent_covered": 100.0, "percent_covered_display": "100", "missing_lines": 0, "excluded_lines": 0, "percent_statements_covered": 100.0, "percent_statements_covered_display": "100"}, "missing_lines": [], "excluded_lines": []}, "TestGenerateUniqueProjectName.test_increments_suffix_multiple_times": {"executed_lines": [190, 191, 192, 194, 195], "summary": {"covered_lines": 5, "num_statements": 5, "percent_covered": 100.0, "percent_covered_display": "100", "missing_lines": 0, "excluded_lines": 0, "percent_statements_covered": 100.0, "percent_statements_covered_display": "100"}, "missing_lines": [], "excluded_lines": []}, "TestGenerateUniqueProjectName.test_safety_limit_uses_timestamp": {"executed_lines": [200, 201, 202, 203], "summary": {"covered_lines": 4, "num_statements": 4, "percent_covered": 100.0, "percent_covered_display": "100", "missing_lines": 0, "excluded_lines": 0, "percent_statements_covered": 100.0, "percent_statements_covered_display": "100"}, "missing_lines": [], "excluded_lines": []}, "TestStreamingLogHandler.test_handler_sends_log_to_websocket": {"executed_lines": [212, 213, 216, 226, 229, 232], "summary": {"covered_lines": 6, "num_statements": 6, "percent_covered": 100.0, "percent_covered_display": "100", "missing_lines": 0, "excluded_lines": 0, "percent_statements_covered": 100.0, "percent_statements_covered_display": "100"}, "missing_lines": [], "excluded_lines": []}, "TestStreamingLogHandler.test_handler_marks_closed_on_error": {"executed_lines": [236, 237, 238, 240, 242, 243, 244, 251], "summary": {"covered_lines": 8, "num_statements": 10, "percent_covered": 80.0, "percent_covered_display": "80", "missing_lines": 2, "excluded_lines": 0, "percent_statements_covered": 80.0, "percent_statements_covered_display": "80"}, "missing_lines": [247, 248], "excluded_lines": []}, "TestStreamingLogHandler.test_close_marks_handler_as_closed": {"executed_lines": [255, 256, 258, 259], "summary": {"covered_lines": 4, "num_statements": 4, "percent_covered": 100.0, "percent_covered_display": "100", "missing_lines": 0, "excluded_lines": 0, "percent_statements_covered": 100.0, "percent_statements_covered_display": "100"}, "missing_lines": [], "excluded_lines": []}, "TestOptimizationManager.test_send_status": {"executed_lines": [268, 269, 271, 273, 274, 275, 276, 277], "summary": {"covered_lines": 8, "num_statements": 8, "percent_covered": 100.0, "percent_covered_display": "100", "missing_lines": 0, "excluded_lines": 0, "percent_statements_covered": 100.0, "percent_statements_covered_display": "100"}, "missing_lines": [], "excluded_lines": []}, "TestOptimizationManager.test_send_progress": {"executed_lines": [282, 283, 285, 287, 288, 289, 290, 291, 292], "summary": {"covered_lines": 9, "num_statements": 9, "percent_covered": 100.0, "percent_covered_display": "100", "missing_lines": 0, "excluded_lines": 0, "percent_statements_covered": 100.0, "percent_statements_covered_display": "100"}, "missing_lines": [], "excluded_lines": []}, "TestOptimizationManager.test_send_result": {"executed_lines": [297, 298, 300, 301, 303, 304, 305, 306, 307], "summary": {"covered_lines": 9, "num_statements": 9, "percent_covered": 100.0, "percent_covered_display": "100", "missing_lines": 0, "excluded_lines": 0, "percent_statements_covered": 100.0, "percent_statements_covered_display": "100"}, "missing_lines": [], "excluded_lines": []}, "TestOptimizationManager.test_send_error": {"executed_lines": [312, 313, 315, 317, 318, 319, 320], "summary": {"covered_lines": 7, "num_statements": 7, "percent_covered": 100.0, "percent_covered_display": "100", "missing_lines": 0, "excluded_lines": 0, "percent_statements_covered": 100.0, "percent_statements_covered_display": "100"}, "missing_lines": [], "excluded_lines": []}, "TestOptimizationManager.test_setup_log_streaming": {"executed_lines": [324, 325, 327, 329, 330], "summary": {"covered_lines": 5, "num_statements": 5, "percent_covered": 100.0, "percent_covered_display": "100", "missing_lines": 0, "excluded_lines": 0, "percent_statements_covered": 100.0, "percent_statements_covered_display": "100"}, "missing_lines": [], "excluded_lines": []}, "TestOptimizationManager.test_cleanup_log_streaming": {"executed_lines": [334, 335, 337, 338, 340, 343, 344], "summary": {"covered_lines": 7, "num_statements": 7, "percent_covered": 100.0, "percent_covered_display": "100", "missing_lines": 0, "excluded_lines": 0, "percent_statements_covered": 100.0, "percent_statements_covered_display": "100"}, "missing_lines": [], "excluded_lines": []}, "": {"executed_lines": [1, 5, 6, 7, 8, 9, 10, 12, 14, 24, 25, 27, 32, 38, 43, 49, 50, 52, 53, 67, 68, 81, 82, 95, 96, 110, 111, 113, 119, 134, 146, 157, 171, 172, 174, 179, 187, 197, 206, 207, 209, 210, 234, 253, 262, 263, 265, 266, 279, 280, 294, 295, 309, 310, 322, 332], "summary": {"covered_lines": 49, "num_statements": 49, "percent_covered": 100.0, "percent_covered_display": "100", "missing_lines": 0, "excluded_lines": 0, "percent_statements_covered": 100.0, "percent_statements_covered_display": "100"}, "missing_lines": [], "excluded_lines": []}}, "classes": {"TestLoadClassDynamically": {"executed_lines": [29, 30, 35, 36, 40, 41, 45, 46], "summary": {"covered_lines": 8, "num_statements": 8, "percent_covered": 100.0, "percent_covered_display": "100", "missing_lines": 0, "excluded_lines": 0, "percent_statements_covered": 100.0, "percent_statements_covered_display": "100"}, "missing_lines": [], "excluded_lines": []}, "TestCreateLLMCompletion": {"executed_lines": [55, 57, 62, 63, 64, 65, 70, 72, 78, 79, 84, 86, 92, 93, 98, 100, 106, 107], "summary": {"covered_lines": 18, "num_statements": 18, "percent_covered": 100.0, "percent_covered_display": "100", "missing_lines": 0, "excluded_lines": 0, "percent_statements_covered": 100.0, "percent_statements_covered_display": "100"}, "missing_lines": [], "excluded_lines": []}, "TestGetUploadedDatasets": {"executed_lines": [115, 116, 117, 122, 123, 124, 126, 127, 129, 130, 131, 132, 137, 138, 139, 141, 142, 144, 149, 150, 151, 153, 154, 155, 160, 161, 162, 163, 165, 166, 167, 168], "summary": {"covered_lines": 32, "num_statements": 32, "percent_covered": 100.0, "percent_covered_display": "100", "missing_lines": 0, "excluded_lines": 0, "percent_statements_covered": 100.0, "percent_statements_covered_display": "100"}, "missing_lines": [], "excluded_lines": []}, "TestGenerateUniqueProjectName": {"executed_lines": [176, 177, 182, 184, 185, 190, 191, 192, 194, 195, 200, 201, 202, 203], "summary": {"covered_lines": 14, "num_statements": 14, "percent_covered": 100.0, "percent_covered_display": "100", "missing_lines": 0, "excluded_lines": 0, "percent_statements_covered": 100.0, "percent_statements_covered_display": "100"}, "missing_lines": [], "excluded_lines": []}, "TestStreamingLogHandler": {"executed_lines": [212, 213, 216, 226, 229, 232, 236, 237, 238, 240, 242, 243, 244, 251, 255, 256, 258, 259], "summary": {"covered_lines": 18, "num_statements": 20, "percent_covered": 90.0, "percent_covered_display": "90", "missing_lines": 2, "excluded_lines": 0, "percent_statements_covered": 90.0, "percent_statements_covered_display": "90"}, "missing_lines": [247, 248], "excluded_lines": []}, "TestOptimizationManager": {"executed_lines": [268, 269, 271, 273, 274, 275, 276, 277, 282, 283, 285, 287, 288, 289, 290, 291, 292, 297, 298, 300, 301, 303, 304, 305, 306, 307, 312, 313, 315, 317, 318, 319, 320, 324, 325, 327, 329, 330, 334, 335, 337, 338, 340, 343, 344], "summary": {"covered_lines": 45, "num_statements": 45, "percent_covered": 100.0, "percent_covered_display": "100", "missing_lines": 0, "excluded_lines": 0, "percent_statements_covered": 100.0, "percent_statements_covered_display": "100"}, "missing_lines": [], "excluded_lines": []}, "": {"executed_lines": [1, 5, 6, 7, 8, 9, 10, 12, 14, 24, 25, 27, 32, 38, 43, 49, 50, 52, 53, 67, 68, 81, 82, 95, 96, 110, 111, 113, 119, 134, 146, 157, 171, 172, 174, 179, 187, 197, 206, 207, 209, 210, 234, 253, 262, 263, 265, 266, 279, 280, 294, 295, 309, 310, 322, 332], "summary": {"covered_lines": 49, "num_statements": 49, "percent_covered": 100.0, "percent_covered_display": "100", "missing_lines": 0, "excluded_lines": 0, "percent_statements_covered": 100.0, "percent_statements_covered_display": "100"}, "missing_lines": [], "excluded_lines": []}}}, "utils.py": {"executed_lines": [1, 5, 6, 7, 8, 9, 10, 11, 13, 14, 15, 18, 20, 21, 22, 25, 50, 59, 60, 63, 64, 68, 70, 74, 77, 79, 80, 81, 82, 83, 84, 85, 86, 88, 93, 106, 107, 110, 113, 124, 127, 128, 131, 132, 133, 134, 136, 137, 139, 142, 144, 145, 148, 149, 151, 152, 153, 154, 155, 157, 160, 163, 164, 166, 167, 168, 169, 177, 179, 180, 182, 184, 185, 187, 188, 189, 191, 204, 206, 207, 210, 211, 213, 214, 215, 217, 219, 223, 225, 234, 236, 238, 240, 242, 244, 245, 248, 255, 256, 258, 260, 261, 268, 269, 270], "summary": {"covered_lines": 102, "num_statements": 111, "percent_covered": 91.89189189189189, "percent_covered_display": "92", "missing_lines": 9, "excluded_lines": 0, "percent_statements_covered": 91.89189189189189, "percent_statements_covered_display": "92"}, "missing_lines": [161, 170, 172, 173, 175, 200, 202, 271, 273], "excluded_lines": [], "functions": {"load_class_dynamically": {"executed_lines": [20, 21, 22], "summary": {"covered_lines": 3, "num_statements": 3, "percent_covered": 100.0, "percent_covered_display": "100", "missing_lines": 0, "excluded_lines": 0, "percent_statements_covered": 100.0, "percent_statements_covered_display": "100"}, "missing_lines": [], "excluded_lines": []}, "create_llm_completion": {"executed_lines": [50, 59, 60, 63, 64, 68, 70, 74], "summary": {"covered_lines": 8, "num_statements": 8, "percent_covered": 100.0, "percent_covered_display": "100", "missing_lines": 0, "excluded_lines": 0, "percent_statements_covered": 100.0, "percent_statements_covered_display": "100"}, "missing_lines": [], "excluded_lines": []}, "get_uploaded_datasets": {"executed_lines": [79, 80, 81, 82, 83, 84, 85, 86, 88, 93, 106, 107, 110], "summary": {"covered_lines": 13, "num_statements": 13, "percent_covered": 100.0, "percent_covered_display": "100", "missing_lines": 0, "excluded_lines": 0, "percent_statements_covered": 100.0, "percent_statements_covered_display": "100"}, "missing_lines": [], "excluded_lines": []}, "generate_unique_project_name": {"executed_lines": [124, 127, 128, 131, 132, 133, 134, 136, 137, 139, 142, 144, 145], "summary": {"covered_lines": 13, "num_statements": 13, "percent_covered": 100.0, "percent_covered_display": "100", "missing_lines": 0, "excluded_lines": 0, "percent_statements_covered": 100.0, "percent_statements_covered_display": "100"}, "missing_lines": [], "excluded_lines": []}, "StreamingLogHandler.__init__": {"executed_lines": [152, 153, 154, 155], "summary": {"covered_lines": 4, "num_statements": 4, "percent_covered": 100.0, "percent_covered_display": "100", "missing_lines": 0, "excluded_lines": 0, "percent_statements_covered": 100.0, "percent_statements_covered_display": "100"}, "missing_lines": [], "excluded_lines": []}, "StreamingLogHandler.emit": {"executed_lines": [160, 163, 164, 166, 167, 168, 169], "summary": {"covered_lines": 7, "num_statements": 12, "percent_covered": 58.333333333333336, "percent_covered_display": "58", "missing_lines": 5, "excluded_lines": 0, "percent_statements_covered": 58.333333333333336, "percent_statements_covered_display": "58"}, "missing_lines": [161, 170, 172, 173, 175], "excluded_lines": []}, "StreamingLogHandler._send_log_safe": {"executed_lines": [179, 180, 182, 184, 185, 187, 188, 189, 191], "summary": {"covered_lines": 9, "num_statements": 11, "percent_covered": 81.81818181818181, "percent_covered_display": "82", "missing_lines": 2, "excluded_lines": 0, "percent_statements_covered": 81.81818181818181, "percent_statements_covered_display": "82"}, "missing_lines": [200, 202], "excluded_lines": []}, "StreamingLogHandler.close": {"executed_lines": [206, 207], "summary": {"covered_lines": 2, "num_statements": 2, "percent_covered": 100.0, "percent_covered_display": "100", "missing_lines": 0, "excluded_lines": 0, "percent_statements_covered": 100.0, "percent_statements_covered_display": "100"}, "missing_lines": [], "excluded_lines": []}, "OptimizationManager.__init__": {"executed_lines": [214, 215], "summary": {"covered_lines": 2, "num_statements": 2, "percent_covered": 100.0, "percent_covered_display": "100", "missing_lines": 0, "excluded_lines": 0, "percent_statements_covered": 100.0, "percent_statements_covered_display": "100"}, "missing_lines": [], "excluded_lines": []}, "OptimizationManager.send_status": {"executed_lines": [219], "summary": {"covered_lines": 1, "num_statements": 1, "percent_covered": 100.0, "percent_covered_display": "100", "missing_lines": 0, "excluded_lines": 0, "percent_statements_covered": 100.0, "percent_statements_covered_display": "100"}, "missing_lines": [], "excluded_lines": []}, "OptimizationManager.send_progress": {"executed_lines": [225], "summary": {"covered_lines": 1, "num_statements": 1, "percent_covered": 100.0, "percent_covered_display": "100", "missing_lines": 0, "excluded_lines": 0, "percent_statements_covered": 100.0, "percent_statements_covered_display": "100"}, "missing_lines": [], "excluded_lines": []}, "OptimizationManager.send_result": {"executed_lines": [236], "summary": {"covered_lines": 1, "num_statements": 1, "percent_covered": 100.0, "percent_covered_display": "100", "missing_lines": 0, "excluded_lines": 0, "percent_statements_covered": 100.0, "percent_statements_covered_display": "100"}, "missing_lines": [], "excluded_lines": []}, "OptimizationManager.send_error": {"executed_lines": [240], "summary": {"covered_lines": 1, "num_statements": 1, "percent_covered": 100.0, "percent_covered_display": "100", "missing_lines": 0, "excluded_lines": 0, "percent_statements_covered": 100.0, "percent_statements_covered_display": "100"}, "missing_lines": [], "excluded_lines": []}, "OptimizationManager.setup_log_streaming": {"executed_lines": [244, 245, 248, 255, 256], "summary": {"covered_lines": 5, "num_statements": 5, "percent_covered": 100.0, "percent_covered_display": "100", "missing_lines": 0, "excluded_lines": 0, "percent_statements_covered": 100.0, "percent_statements_covered_display": "100"}, "missing_lines": [], "excluded_lines": []}, "OptimizationManager.cleanup_log_streaming": {"executed_lines": [260, 261, 268, 269, 270], "summary": {"covered_lines": 5, "num_statements": 7, "percent_covered": 71.42857142857143, "percent_covered_display": "71", "missing_lines": 2, "excluded_lines": 0, "percent_statements_covered": 71.42857142857143, "percent_statements_covered_display": "71"}, "missing_lines": [271, 273], "excluded_lines": []}, "": {"executed_lines": [1, 5, 6, 7, 8, 9, 10, 11, 13, 14, 15, 18, 25, 77, 113, 148, 149, 151, 157, 177, 204, 210, 211, 213, 217, 223, 234, 238, 242, 258], "summary": {"covered_lines": 27, "num_statements": 27, "percent_covered": 100.0, "percent_covered_display": "100", "missing_lines": 0, "excluded_lines": 0, "percent_statements_covered": 100.0, "percent_statements_covered_display": "100"}, "missing_lines": [], "excluded_lines": []}}, "classes": {"StreamingLogHandler": {"executed_lines": [152, 153, 154, 155, 160, 163, 164, 166, 167, 168, 169, 179, 180, 182, 184, 185, 187, 188, 189, 191, 206, 207], "summary": {"covered_lines": 22, "num_statements": 29, "percent_covered": 75.86206896551724, "percent_covered_display": "76", "missing_lines": 7, "excluded_lines": 0, "percent_statements_covered": 75.86206896551724, "percent_statements_covered_display": "76"}, "missing_lines": [161, 170, 172, 173, 175, 200, 202], "excluded_lines": []}, "OptimizationManager": {"executed_lines": [214, 215, 219, 225, 236, 240, 244, 245, 248, 255, 256, 260, 261, 268, 269, 270], "summary": {"covered_lines": 16, "num_statements": 18, "percent_covered": 88.88888888888889, "percent_covered_display": "89", "missing_lines": 2, "excluded_lines": 0, "percent_statements_covered": 88.88888888888889, "percent_statements_covered_display": "89"}, "missing_lines": [271, 273], "excluded_lines": []}, "": {"executed_lines": [1, 5, 6, 7, 8, 9, 10, 11, 13, 14, 15, 18, 20, 21, 22, 25, 50, 59, 60, 63, 64, 68, 70, 74, 77, 79, 80, 81, 82, 83, 84, 85, 86, 88, 93, 106, 107, 110, 113, 124, 127, 128, 131, 132, 133, 134, 136, 137, 139, 142, 144, 145, 148, 149, 151, 157, 177, 204, 210, 211, 213, 217, 223, 234, 238, 242, 258], "summary": {"covered_lines": 64, "num_statements": 64, "percent_covered": 100.0, "percent_covered_display": "100", "missing_lines": 0, "excluded_lines": 0, "percent_statements_covered": 100.0, "percent_statements_covered_display": "100"}, "missing_lines": [], "excluded_lines": []}}}}, "totals": {"covered_lines": 1271, "num_statements": 1825, "percent_covered": 69.64383561643835, "percent_covered_display": "70", "missing_lines": 554, "excluded_lines": 0, "percent_statements_covered": 69.64383561643835, "percent_statements_covered_display": "70"}}
